{"/Users/tucian/Proiecte/hotel-management/src/App.jsx": {"path":"/Users/tucian/Proiecte/hotel-management/src/App.jsx","statementMap":{"0":{"start":{"line":16,"column":19},"end":{"line":16,"column":59}},"1":{"start":{"line":16,"column":30},"end":{"line":16,"column":58}},"2":{"start":{"line":18,"column":12},"end":{"line":45,"column":1}},"3":{"start":{"line":19,"column":2},"end":{"line":44,"column":4}}},"fnMap":{"0":{"name":"(anonymous_0)","decl":{"start":{"line":16,"column":24},"end":{"line":16,"column":25}},"loc":{"start":{"line":16,"column":30},"end":{"line":16,"column":58}},"line":16},"1":{"name":"(anonymous_1)","decl":{"start":{"line":18,"column":12},"end":{"line":18,"column":13}},"loc":{"start":{"line":18,"column":18},"end":{"line":45,"column":1}},"line":18}},"branchMap":{},"s":{"0":0,"1":0,"2":0,"3":0},"f":{"0":0,"1":0},"b":{}}
,"/Users/tucian/Proiecte/hotel-management/src/main.jsx": {"path":"/Users/tucian/Proiecte/hotel-management/src/main.jsx","statementMap":{"0":{"start":{"line":6,"column":0},"end":{"line":10,"column":2}}},"fnMap":{},"branchMap":{},"s":{"0":0},"f":{},"b":{}}
,"/Users/tucian/Proiecte/hotel-management/src/actions/automation.js": {"path":"/Users/tucian/Proiecte/hotel-management/src/actions/automation.js","statementMap":{"0":{"start":{"line":18,"column":34},"end":{"line":21,"column":1}},"1":{"start":{"line":19,"column":2},"end":{"line":19,"column":64}},"2":{"start":{"line":20,"column":2},"end":{"line":20,"column":64}},"3":{"start":{"line":31,"column":37},"end":{"line":34,"column":1}},"4":{"start":{"line":32,"column":2},"end":{"line":32,"column":63}},"5":{"start":{"line":33,"column":2},"end":{"line":33,"column":67}},"6":{"start":{"line":44,"column":29},"end":{"line":47,"column":1}},"7":{"start":{"line":45,"column":2},"end":{"line":45,"column":53}},"8":{"start":{"line":46,"column":2},"end":{"line":46,"column":65}}},"fnMap":{"0":{"name":"(anonymous_0)","decl":{"start":{"line":18,"column":34},"end":{"line":18,"column":35}},"loc":{"start":{"line":18,"column":40},"end":{"line":21,"column":1}},"line":18},"1":{"name":"(anonymous_1)","decl":{"start":{"line":31,"column":37},"end":{"line":31,"column":38}},"loc":{"start":{"line":31,"column":43},"end":{"line":34,"column":1}},"line":31},"2":{"name":"(anonymous_2)","decl":{"start":{"line":44,"column":29},"end":{"line":44,"column":30}},"loc":{"start":{"line":44,"column":35},"end":{"line":47,"column":1}},"line":44}},"branchMap":{},"s":{"0":0,"1":0,"2":0,"3":0,"4":0,"5":0,"6":0,"7":0,"8":0},"f":{"0":0,"1":0,"2":0},"b":{}}
,"/Users/tucian/Proiecte/hotel-management/src/actions/chatActions.js": {"path":"/Users/tucian/Proiecte/hotel-management/src/actions/chatActions.js","statementMap":{"0":{"start":{"line":44,"column":30},"end":{"line":102,"column":1}},"1":{"start":{"line":45,"column":2},"end":{"line":45,"column":62}},"2":{"start":{"line":47,"column":17},"end":{"line":47,"column":41}},"3":{"start":{"line":49,"column":2},"end":{"line":53,"column":3}},"4":{"start":{"line":50,"column":4},"end":{"line":50,"column":71}},"5":{"start":{"line":51,"column":4},"end":{"line":51,"column":23}},"6":{"start":{"line":52,"column":4},"end":{"line":52,"column":11}},"7":{"start":{"line":56,"column":2},"end":{"line":93,"column":4}},"8":{"start":{"line":58,"column":26},"end":{"line":58,"column":53}},"9":{"start":{"line":60,"column":4},"end":{"line":63,"column":5}},"10":{"start":{"line":61,"column":6},"end":{"line":61,"column":78}},"11":{"start":{"line":62,"column":6},"end":{"line":62,"column":13}},"12":{"start":{"line":65,"column":4},"end":{"line":65,"column":80}},"13":{"start":{"line":68,"column":4},"end":{"line":92,"column":5}},"14":{"start":{"line":70,"column":8},"end":{"line":70,"column":43}},"15":{"start":{"line":71,"column":8},"end":{"line":71,"column":14}},"16":{"start":{"line":73,"column":8},"end":{"line":73,"column":48}},"17":{"start":{"line":74,"column":8},"end":{"line":74,"column":14}},"18":{"start":{"line":76,"column":8},"end":{"line":76,"column":43}},"19":{"start":{"line":77,"column":8},"end":{"line":77,"column":14}},"20":{"start":{"line":81,"column":9},"end":{"line":85,"column":10}},"21":{"start":{"line":82,"column":12},"end":{"line":82,"column":65}},"22":{"start":{"line":84,"column":12},"end":{"line":84,"column":107}},"23":{"start":{"line":86,"column":9},"end":{"line":86,"column":15}},"24":{"start":{"line":88,"column":8},"end":{"line":88,"column":109}},"25":{"start":{"line":100,"column":2},"end":{"line":100,"column":71}},"26":{"start":{"line":101,"column":2},"end":{"line":101,"column":21}},"27":{"start":{"line":107,"column":33},"end":{"line":158,"column":1}},"28":{"start":{"line":108,"column":2},"end":{"line":108,"column":58}},"29":{"start":{"line":109,"column":2},"end":{"line":109,"column":43}},"30":{"start":{"line":111,"column":25},"end":{"line":111,"column":48}},"31":{"start":{"line":113,"column":2},"end":{"line":113,"column":46}},"32":{"start":{"line":116,"column":15},"end":{"line":116,"column":26}},"33":{"start":{"line":117,"column":2},"end":{"line":131,"column":3}},"34":{"start":{"line":118,"column":4},"end":{"line":118,"column":84}},"35":{"start":{"line":119,"column":4},"end":{"line":119,"column":38}},"36":{"start":{"line":120,"column":5},"end":{"line":128,"column":6}},"37":{"start":{"line":121,"column":7},"end":{"line":121,"column":90}},"38":{"start":{"line":122,"column":7},"end":{"line":125,"column":10}},"39":{"start":{"line":126,"column":7},"end":{"line":126,"column":26}},"40":{"start":{"line":127,"column":7},"end":{"line":127,"column":14}},"41":{"start":{"line":130,"column":5},"end":{"line":130,"column":22}},"42":{"start":{"line":133,"column":2},"end":{"line":155,"column":3}},"43":{"start":{"line":135,"column":29},"end":{"line":141,"column":5}},"44":{"start":{"line":143,"column":4},"end":{"line":143,"column":92}},"45":{"start":{"line":146,"column":4},"end":{"line":146,"column":41}},"46":{"start":{"line":148,"column":4},"end":{"line":148,"column":72}},"47":{"start":{"line":150,"column":4},"end":{"line":150,"column":73}},"48":{"start":{"line":151,"column":4},"end":{"line":154,"column":7}},"49":{"start":{"line":157,"column":2},"end":{"line":157,"column":21}}},"fnMap":{"0":{"name":"(anonymous_0)","decl":{"start":{"line":44,"column":30},"end":{"line":44,"column":31}},"loc":{"start":{"line":44,"column":42},"end":{"line":102,"column":1}},"line":44},"1":{"name":"(anonymous_1)","decl":{"start":{"line":56,"column":21},"end":{"line":56,"column":22}},"loc":{"start":{"line":56,"column":32},"end":{"line":93,"column":3}},"line":56},"2":{"name":"(anonymous_2)","decl":{"start":{"line":107,"column":33},"end":{"line":107,"column":34}},"loc":{"start":{"line":107,"column":52},"end":{"line":158,"column":1}},"line":107}},"branchMap":{"0":{"loc":{"start":{"line":49,"column":2},"end":{"line":53,"column":3}},"type":"if","locations":[{"start":{"line":49,"column":2},"end":{"line":53,"column":3}},{"start":{},"end":{}}],"line":49},"1":{"loc":{"start":{"line":60,"column":4},"end":{"line":63,"column":5}},"type":"if","locations":[{"start":{"line":60,"column":4},"end":{"line":63,"column":5}},{"start":{},"end":{}}],"line":60},"2":{"loc":{"start":{"line":68,"column":4},"end":{"line":92,"column":5}},"type":"switch","locations":[{"start":{"line":69,"column":6},"end":{"line":71,"column":14}},{"start":{"line":72,"column":6},"end":{"line":74,"column":14}},{"start":{"line":75,"column":6},"end":{"line":77,"column":14}},{"start":{"line":80,"column":6},"end":{"line":86,"column":15}},{"start":{"line":87,"column":6},"end":{"line":88,"column":109}}],"line":68},"3":{"loc":{"start":{"line":81,"column":9},"end":{"line":85,"column":10}},"type":"if","locations":[{"start":{"line":81,"column":9},"end":{"line":85,"column":10}},{"start":{"line":83,"column":16},"end":{"line":85,"column":10}}],"line":81},"4":{"loc":{"start":{"line":81,"column":13},"end":{"line":81,"column":66}},"type":"binary-expr","locations":[{"start":{"line":81,"column":13},"end":{"line":81,"column":34}},{"start":{"line":81,"column":38},"end":{"line":81,"column":66}}],"line":81},"5":{"loc":{"start":{"line":117,"column":2},"end":{"line":131,"column":3}},"type":"if","locations":[{"start":{"line":117,"column":2},"end":{"line":131,"column":3}},{"start":{},"end":{}}],"line":117},"6":{"loc":{"start":{"line":120,"column":5},"end":{"line":128,"column":6}},"type":"if","locations":[{"start":{"line":120,"column":5},"end":{"line":128,"column":6}},{"start":{},"end":{}}],"line":120}},"s":{"0":0,"1":0,"2":0,"3":0,"4":0,"5":0,"6":0,"7":0,"8":0,"9":0,"10":0,"11":0,"12":0,"13":0,"14":0,"15":0,"16":0,"17":0,"18":0,"19":0,"20":0,"21":0,"22":0,"23":0,"24":0,"25":0,"26":0,"27":0,"28":0,"29":0,"30":0,"31":0,"32":0,"33":0,"34":0,"35":0,"36":0,"37":0,"38":0,"39":0,"40":0,"41":0,"42":0,"43":0,"44":0,"45":0,"46":0,"47":0,"48":0,"49":0},"f":{"0":0,"1":0,"2":0},"b":{"0":[0,0],"1":[0,0],"2":[0,0,0,0,0],"3":[0,0],"4":[0,0],"5":[0,0],"6":[0,0]}}
,"/Users/tucian/Proiecte/hotel-management/src/actions/index.js": {"path":"/Users/tucian/Proiecte/hotel-management/src/actions/index.js","statementMap":{},"fnMap":{},"branchMap":{},"s":{},"f":{},"b":{}}
,"/Users/tucian/Proiecte/hotel-management/src/actions/types.js": {"path":"/Users/tucian/Proiecte/hotel-management/src/actions/types.js","statementMap":{"0":{"start":{"line":11,"column":38},"end":{"line":20,"column":1}},"1":{"start":{"line":28,"column":38},"end":{"line":31,"column":1}},"2":{"start":{"line":39,"column":28},"end":{"line":67,"column":1}},"3":{"start":{"line":75,"column":39},"end":{"line":89,"column":1}},"4":{"start":{"line":97,"column":35},"end":{"line":106,"column":1}},"5":{"start":{"line":114,"column":35},"end":{"line":123,"column":1}},"6":{"start":{"line":131,"column":27},"end":{"line":146,"column":1}},"7":{"start":{"line":154,"column":34},"end":{"line":172,"column":1}}},"fnMap":{},"branchMap":{},"s":{"0":1,"1":1,"2":1,"3":1,"4":1,"5":1,"6":1,"7":1},"f":{},"b":{},"_coverageSchema":"1a1c01bbd47fc00a2c39e90264f33305004495a9","hash":"97205df6876f3d6a09988e9f32a12e13475d0715"}
,"/Users/tucian/Proiecte/hotel-management/src/actions/handlers/appointmentHandler.js": {"path":"/Users/tucian/Proiecte/hotel-management/src/actions/handlers/appointmentHandler.js","statementMap":{"0":{"start":{"line":20,"column":40},"end":{"line":128,"column":1}},"1":{"start":{"line":21,"column":2},"end":{"line":21,"column":75}},"2":{"start":{"line":22,"column":2},"end":{"line":22,"column":35}},"3":{"start":{"line":24,"column":47},"end":{"line":24,"column":74}},"4":{"start":{"line":27,"column":2},"end":{"line":31,"column":3}},"5":{"start":{"line":28,"column":4},"end":{"line":28,"column":71}},"6":{"start":{"line":29,"column":4},"end":{"line":29,"column":23}},"7":{"start":{"line":30,"column":4},"end":{"line":30,"column":11}},"8":{"start":{"line":34,"column":22},"end":{"line":34,"column":48}},"9":{"start":{"line":35,"column":2},"end":{"line":39,"column":3}},"10":{"start":{"line":36,"column":4},"end":{"line":36,"column":81}},"11":{"start":{"line":37,"column":4},"end":{"line":37,"column":23}},"12":{"start":{"line":38,"column":4},"end":{"line":38,"column":11}},"13":{"start":{"line":42,"column":23},"end":{"line":42,"column":96}},"14":{"start":{"line":44,"column":17},"end":{"line":44,"column":59}},"15":{"start":{"line":46,"column":2},"end":{"line":46,"column":33}},"16":{"start":{"line":47,"column":2},"end":{"line":47,"column":58}},"17":{"start":{"line":49,"column":2},"end":{"line":125,"column":3}},"18":{"start":{"line":53,"column":6},"end":{"line":53,"column":36}},"19":{"start":{"line":54,"column":6},"end":{"line":54,"column":71}},"20":{"start":{"line":55,"column":6},"end":{"line":55,"column":12}},"21":{"start":{"line":59,"column":6},"end":{"line":64,"column":7}},"22":{"start":{"line":60,"column":36},"end":{"line":60,"column":53}},"23":{"start":{"line":61,"column":32},"end":{"line":61,"column":73}},"24":{"start":{"line":62,"column":8},"end":{"line":62,"column":41}},"25":{"start":{"line":63,"column":8},"end":{"line":63,"column":91}},"26":{"start":{"line":65,"column":6},"end":{"line":65,"column":12}},"27":{"start":{"line":69,"column":6},"end":{"line":97,"column":7}},"28":{"start":{"line":70,"column":36},"end":{"line":70,"column":53}},"29":{"start":{"line":73,"column":32},"end":{"line":73,"column":41}},"30":{"start":{"line":74,"column":8},"end":{"line":76,"column":11}},"31":{"start":{"line":75,"column":10},"end":{"line":75,"column":45}},"32":{"start":{"line":79,"column":27},"end":{"line":79,"column":28}},"33":{"start":{"line":80,"column":25},"end":{"line":80,"column":26}},"34":{"start":{"line":81,"column":8},"end":{"line":91,"column":11}},"35":{"start":{"line":82,"column":10},"end":{"line":90,"column":11}},"36":{"start":{"line":83,"column":12},"end":{"line":83,"column":96}},"37":{"start":{"line":84,"column":12},"end":{"line":84,"column":27}},"38":{"start":{"line":87,"column":12},"end":{"line":87,"column":53}},"39":{"start":{"line":88,"column":12},"end":{"line":88,"column":25}},"40":{"start":{"line":89,"column":12},"end":{"line":89,"column":106}},"41":{"start":{"line":94,"column":36},"end":{"line":94,"column":72}},"42":{"start":{"line":95,"column":8},"end":{"line":95,"column":45}},"43":{"start":{"line":96,"column":8},"end":{"line":96,"column":108}},"44":{"start":{"line":98,"column":6},"end":{"line":98,"column":12}},"45":{"start":{"line":102,"column":6},"end":{"line":119,"column":7}},"46":{"start":{"line":103,"column":36},"end":{"line":103,"column":53}},"47":{"start":{"line":106,"column":28},"end":{"line":106,"column":37}},"48":{"start":{"line":107,"column":8},"end":{"line":109,"column":11}},"49":{"start":{"line":108,"column":10},"end":{"line":108,"column":48}},"50":{"start":{"line":108,"column":23},"end":{"line":108,"column":48}},"51":{"start":{"line":111,"column":8},"end":{"line":118,"column":9}},"52":{"start":{"line":113,"column":38},"end":{"line":113,"column":99}},"53":{"start":{"line":113,"column":73},"end":{"line":113,"column":98}},"54":{"start":{"line":114,"column":10},"end":{"line":114,"column":47}},"55":{"start":{"line":115,"column":10},"end":{"line":115,"column":92}},"56":{"start":{"line":117,"column":11},"end":{"line":117,"column":112}},"57":{"start":{"line":120,"column":6},"end":{"line":120,"column":12}},"58":{"start":{"line":123,"column":6},"end":{"line":123,"column":71}},"59":{"start":{"line":124,"column":6},"end":{"line":124,"column":12}},"60":{"start":{"line":127,"column":2},"end":{"line":127,"column":21}}},"fnMap":{"0":{"name":"(anonymous_0)","decl":{"start":{"line":20,"column":40},"end":{"line":20,"column":41}},"loc":{"start":{"line":20,"column":53},"end":{"line":128,"column":1}},"line":20},"1":{"name":"(anonymous_1)","decl":{"start":{"line":74,"column":36},"end":{"line":74,"column":37}},"loc":{"start":{"line":74,"column":44},"end":{"line":76,"column":9}},"line":74},"2":{"name":"(anonymous_2)","decl":{"start":{"line":81,"column":29},"end":{"line":81,"column":30}},"loc":{"start":{"line":81,"column":40},"end":{"line":91,"column":9}},"line":81},"3":{"name":"(anonymous_3)","decl":{"start":{"line":107,"column":29},"end":{"line":107,"column":30}},"loc":{"start":{"line":107,"column":37},"end":{"line":109,"column":9}},"line":107},"4":{"name":"(anonymous_4)","decl":{"start":{"line":113,"column":65},"end":{"line":113,"column":66}},"loc":{"start":{"line":113,"column":73},"end":{"line":113,"column":98}},"line":113}},"branchMap":{"0":{"loc":{"start":{"line":27,"column":2},"end":{"line":31,"column":3}},"type":"if","locations":[{"start":{"line":27,"column":2},"end":{"line":31,"column":3}},{"start":{},"end":{}}],"line":27},"1":{"loc":{"start":{"line":27,"column":6},"end":{"line":27,"column":48}},"type":"binary-expr","locations":[{"start":{"line":27,"column":6},"end":{"line":27,"column":14}},{"start":{"line":27,"column":18},"end":{"line":27,"column":31}},{"start":{"line":27,"column":35},"end":{"line":27,"column":48}}],"line":27},"2":{"loc":{"start":{"line":35,"column":2},"end":{"line":39,"column":3}},"type":"if","locations":[{"start":{"line":35,"column":2},"end":{"line":39,"column":3}},{"start":{},"end":{}}],"line":35},"3":{"loc":{"start":{"line":42,"column":23},"end":{"line":42,"column":96}},"type":"cond-expr","locations":[{"start":{"line":42,"column":66},"end":{"line":42,"column":91}},{"start":{"line":42,"column":94},"end":{"line":42,"column":96}}],"line":42},"4":{"loc":{"start":{"line":44,"column":17},"end":{"line":44,"column":59}},"type":"binary-expr","locations":[{"start":{"line":44,"column":17},"end":{"line":44,"column":31}},{"start":{"line":44,"column":35},"end":{"line":44,"column":59}}],"line":44},"5":{"loc":{"start":{"line":49,"column":2},"end":{"line":125,"column":3}},"type":"switch","locations":[{"start":{"line":50,"column":4},"end":{"line":50,"column":34}},{"start":{"line":51,"column":4},"end":{"line":55,"column":12}},{"start":{"line":57,"column":4},"end":{"line":65,"column":12}},{"start":{"line":67,"column":4},"end":{"line":98,"column":12}},{"start":{"line":100,"column":4},"end":{"line":120,"column":12}},{"start":{"line":122,"column":4},"end":{"line":124,"column":12}}],"line":49},"6":{"loc":{"start":{"line":59,"column":6},"end":{"line":64,"column":7}},"type":"if","locations":[{"start":{"line":59,"column":6},"end":{"line":64,"column":7}},{"start":{},"end":{}}],"line":59},"7":{"loc":{"start":{"line":69,"column":6},"end":{"line":97,"column":7}},"type":"if","locations":[{"start":{"line":69,"column":6},"end":{"line":97,"column":7}},{"start":{},"end":{}}],"line":69},"8":{"loc":{"start":{"line":82,"column":10},"end":{"line":90,"column":11}},"type":"if","locations":[{"start":{"line":82,"column":10},"end":{"line":90,"column":11}},{"start":{"line":85,"column":17},"end":{"line":90,"column":11}}],"line":82},"9":{"loc":{"start":{"line":82,"column":14},"end":{"line":82,"column":59}},"type":"binary-expr","locations":[{"start":{"line":82,"column":14},"end":{"line":82,"column":24}},{"start":{"line":82,"column":28},"end":{"line":82,"column":59}}],"line":82},"10":{"loc":{"start":{"line":102,"column":6},"end":{"line":119,"column":7}},"type":"if","locations":[{"start":{"line":102,"column":6},"end":{"line":119,"column":7}},{"start":{},"end":{}}],"line":102},"11":{"loc":{"start":{"line":108,"column":10},"end":{"line":108,"column":48}},"type":"if","locations":[{"start":{"line":108,"column":10},"end":{"line":108,"column":48}},{"start":{},"end":{}}],"line":108},"12":{"loc":{"start":{"line":111,"column":8},"end":{"line":118,"column":9}},"type":"if","locations":[{"start":{"line":111,"column":8},"end":{"line":118,"column":9}},{"start":{"line":116,"column":15},"end":{"line":118,"column":9}}],"line":111}},"s":{"0":1,"1":1,"2":1,"3":1,"4":1,"5":0,"6":0,"7":0,"8":1,"9":1,"10":0,"11":0,"12":0,"13":1,"14":1,"15":1,"16":1,"17":1,"18":1,"19":0,"20":0,"21":0,"22":0,"23":0,"24":0,"25":0,"26":0,"27":0,"28":0,"29":0,"30":0,"31":0,"32":0,"33":0,"34":0,"35":0,"36":0,"37":0,"38":0,"39":0,"40":0,"41":0,"42":0,"43":0,"44":0,"45":0,"46":0,"47":0,"48":0,"49":0,"50":0,"51":0,"52":0,"53":0,"54":0,"55":0,"56":0,"57":0,"58":0,"59":0,"60":0},"f":{"0":1,"1":0,"2":0,"3":0,"4":0},"b":{"0":[0,1],"1":[1,1,1],"2":[0,1],"3":[1,0],"4":[1,0],"5":[1,1,0,0,0,0],"6":[0,0],"7":[0,0],"8":[0,0],"9":[0,0],"10":[0,0],"11":[0,0],"12":[0,0]},"_coverageSchema":"1a1c01bbd47fc00a2c39e90264f33305004495a9","hash":"b8bcbb4a8ff8cdc7bc64c79a683a7da9168aee67"}
,"/Users/tucian/Proiecte/hotel-management/src/actions/handlers/historyHandler.js": {"path":"/Users/tucian/Proiecte/hotel-management/src/actions/handlers/historyHandler.js","statementMap":{"0":{"start":{"line":19,"column":27},"end":{"line":71,"column":1}},"1":{"start":{"line":20,"column":2},"end":{"line":23,"column":3}},"2":{"start":{"line":21,"column":4},"end":{"line":21,"column":75}},"3":{"start":{"line":22,"column":4},"end":{"line":22,"column":11}},"4":{"start":{"line":25,"column":20},"end":{"line":25,"column":62}},"5":{"start":{"line":27,"column":2},"end":{"line":70,"column":3}},"6":{"start":{"line":30,"column":6},"end":{"line":35,"column":9}},"7":{"start":{"line":36,"column":6},"end":{"line":36,"column":80}},"8":{"start":{"line":37,"column":6},"end":{"line":37,"column":12}},"9":{"start":{"line":41,"column":6},"end":{"line":50,"column":9}},"10":{"start":{"line":51,"column":6},"end":{"line":51,"column":85}},"11":{"start":{"line":52,"column":6},"end":{"line":52,"column":12}},"12":{"start":{"line":58,"column":6},"end":{"line":63,"column":9}},"13":{"start":{"line":64,"column":6},"end":{"line":64,"column":78}},"14":{"start":{"line":65,"column":6},"end":{"line":65,"column":12}},"15":{"start":{"line":68,"column":6},"end":{"line":68,"column":92}},"16":{"start":{"line":69,"column":6},"end":{"line":69,"column":12}},"17":{"start":{"line":86,"column":35},"end":{"line":109,"column":1}},"18":{"start":{"line":87,"column":2},"end":{"line":87,"column":66}},"19":{"start":{"line":88,"column":2},"end":{"line":88,"column":35}},"20":{"start":{"line":90,"column":25},"end":{"line":90,"column":48}},"21":{"start":{"line":93,"column":2},"end":{"line":97,"column":3}},"22":{"start":{"line":94,"column":4},"end":{"line":94,"column":92}},"23":{"start":{"line":95,"column":4},"end":{"line":95,"column":23}},"24":{"start":{"line":96,"column":4},"end":{"line":96,"column":11}},"25":{"start":{"line":100,"column":2},"end":{"line":100,"column":75}},"26":{"start":{"line":100,"column":37},"end":{"line":100,"column":73}},"27":{"start":{"line":103,"column":2},"end":{"line":106,"column":3}},"28":{"start":{"line":104,"column":6},"end":{"line":104,"column":172}},"29":{"start":{"line":108,"column":2},"end":{"line":108,"column":21}}},"fnMap":{"0":{"name":"(anonymous_0)","decl":{"start":{"line":19,"column":27},"end":{"line":19,"column":28}},"loc":{"start":{"line":19,"column":49},"end":{"line":71,"column":1}},"line":19},"1":{"name":"(anonymous_1)","decl":{"start":{"line":86,"column":35},"end":{"line":86,"column":36}},"loc":{"start":{"line":86,"column":48},"end":{"line":109,"column":1}},"line":86},"2":{"name":"(anonymous_2)","decl":{"start":{"line":100,"column":29},"end":{"line":100,"column":30}},"loc":{"start":{"line":100,"column":37},"end":{"line":100,"column":73}},"line":100}},"branchMap":{"0":{"loc":{"start":{"line":20,"column":2},"end":{"line":23,"column":3}},"type":"if","locations":[{"start":{"line":20,"column":2},"end":{"line":23,"column":3}},{"start":{},"end":{}}],"line":20},"1":{"loc":{"start":{"line":20,"column":6},"end":{"line":20,"column":47}},"type":"binary-expr","locations":[{"start":{"line":20,"column":6},"end":{"line":20,"column":11}},{"start":{"line":20,"column":15},"end":{"line":20,"column":30}},{"start":{"line":20,"column":34},"end":{"line":20,"column":47}}],"line":20},"2":{"loc":{"start":{"line":25,"column":20},"end":{"line":25,"column":62}},"type":"binary-expr","locations":[{"start":{"line":25,"column":20},"end":{"line":25,"column":34}},{"start":{"line":25,"column":38},"end":{"line":25,"column":62}}],"line":25},"3":{"loc":{"start":{"line":27,"column":2},"end":{"line":70,"column":3}},"type":"switch","locations":[{"start":{"line":28,"column":4},"end":{"line":37,"column":12}},{"start":{"line":39,"column":4},"end":{"line":52,"column":12}},{"start":{"line":54,"column":4},"end":{"line":65,"column":12}},{"start":{"line":67,"column":4},"end":{"line":69,"column":12}}],"line":27},"4":{"loc":{"start":{"line":31,"column":14},"end":{"line":31,"column":57}},"type":"binary-expr","locations":[{"start":{"line":31,"column":14},"end":{"line":31,"column":34}},{"start":{"line":31,"column":38},"end":{"line":31,"column":57}}],"line":31},"5":{"loc":{"start":{"line":32,"column":14},"end":{"line":32,"column":62}},"type":"cond-expr","locations":[{"start":{"line":32,"column":48},"end":{"line":32,"column":55}},{"start":{"line":32,"column":58},"end":{"line":32,"column":62}}],"line":32},"6":{"loc":{"start":{"line":44,"column":16},"end":{"line":44,"column":46}},"type":"binary-expr","locations":[{"start":{"line":44,"column":16},"end":{"line":44,"column":33}},{"start":{"line":44,"column":37},"end":{"line":44,"column":46}}],"line":44},"7":{"loc":{"start":{"line":45,"column":17},"end":{"line":45,"column":51}},"type":"binary-expr","locations":[{"start":{"line":45,"column":17},"end":{"line":45,"column":35}},{"start":{"line":45,"column":39},"end":{"line":45,"column":51}}],"line":45},"8":{"loc":{"start":{"line":46,"column":19},"end":{"line":46,"column":75}},"type":"binary-expr","locations":[{"start":{"line":46,"column":19},"end":{"line":46,"column":39}},{"start":{"line":46,"column":43},"end":{"line":46,"column":75}}],"line":46},"9":{"loc":{"start":{"line":59,"column":28},"end":{"line":59,"column":66}},"type":"binary-expr","locations":[{"start":{"line":59,"column":28},"end":{"line":59,"column":50}},{"start":{"line":59,"column":54},"end":{"line":59,"column":66}}],"line":59},"10":{"loc":{"start":{"line":59,"column":72},"end":{"line":59,"column":110}},"type":"binary-expr","locations":[{"start":{"line":59,"column":72},"end":{"line":59,"column":91}},{"start":{"line":59,"column":95},"end":{"line":59,"column":110}}],"line":59},"11":{"loc":{"start":{"line":93,"column":2},"end":{"line":97,"column":3}},"type":"if","locations":[{"start":{"line":93,"column":2},"end":{"line":97,"column":3}},{"start":{},"end":{}}],"line":93},"12":{"loc":{"start":{"line":93,"column":6},"end":{"line":93,"column":99}},"type":"binary-expr","locations":[{"start":{"line":93,"column":6},"end":{"line":93,"column":14}},{"start":{"line":93,"column":18},"end":{"line":93,"column":44}},{"start":{"line":93,"column":48},"end":{"line":93,"column":61}},{"start":{"line":93,"column":65},"end":{"line":93,"column":99}}],"line":93},"13":{"loc":{"start":{"line":103,"column":2},"end":{"line":106,"column":3}},"type":"if","locations":[{"start":{"line":103,"column":2},"end":{"line":106,"column":3}},{"start":{},"end":{}}],"line":103}},"s":{"0":1,"1":0,"2":0,"3":0,"4":0,"5":0,"6":0,"7":0,"8":0,"9":0,"10":0,"11":0,"12":0,"13":0,"14":0,"15":0,"16":0,"17":1,"18":1,"19":1,"20":1,"21":1,"22":1,"23":1,"24":1,"25":0,"26":0,"27":0,"28":0,"29":0},"f":{"0":0,"1":1,"2":0},"b":{"0":[0,0],"1":[0,0,0],"2":[0,0],"3":[0,0,0,0],"4":[0,0],"5":[0,0],"6":[0,0],"7":[0,0],"8":[0,0],"9":[0,0],"10":[0,0],"11":[1,0],"12":[1,1,0,0],"13":[0,0]},"_coverageSchema":"1a1c01bbd47fc00a2c39e90264f33305004495a9","hash":"489c785a99a8c87a24e26c8074f2e142222aed78"}
,"/Users/tucian/Proiecte/hotel-management/src/actions/handlers/index.js": {"path":"/Users/tucian/Proiecte/hotel-management/src/actions/handlers/index.js","statementMap":{},"fnMap":{},"branchMap":{},"s":{},"f":{},"b":{}}
,"/Users/tucian/Proiecte/hotel-management/src/actions/handlers/overlayHandler.js": {"path":"/Users/tucian/Proiecte/hotel-management/src/actions/handlers/overlayHandler.js","statementMap":{"0":{"start":{"line":20,"column":35},"end":{"line":70,"column":1}},"1":{"start":{"line":21,"column":2},"end":{"line":21,"column":67}},"2":{"start":{"line":22,"column":2},"end":{"line":22,"column":35}},"3":{"start":{"line":25,"column":64},"end":{"line":25,"column":87}},"4":{"start":{"line":29,"column":2},"end":{"line":33,"column":3}},"5":{"start":{"line":30,"column":4},"end":{"line":30,"column":85}},"6":{"start":{"line":31,"column":4},"end":{"line":31,"column":23}},"7":{"start":{"line":32,"column":4},"end":{"line":32,"column":11}},"8":{"start":{"line":35,"column":17},"end":{"line":35,"column":31}},"9":{"start":{"line":36,"column":18},"end":{"line":36,"column":33}},"10":{"start":{"line":37,"column":17},"end":{"line":37,"column":31}},"11":{"start":{"line":40,"column":2},"end":{"line":42,"column":3}},"12":{"start":{"line":41,"column":6},"end":{"line":41,"column":30}},"13":{"start":{"line":45,"column":2},"end":{"line":67,"column":3}},"14":{"start":{"line":46,"column":4},"end":{"line":46,"column":91}},"15":{"start":{"line":50,"column":24},"end":{"line":50,"column":40}},"16":{"start":{"line":52,"column":4},"end":{"line":52,"column":38}},"17":{"start":{"line":57,"column":4},"end":{"line":57,"column":70}},"18":{"start":{"line":59,"column":25},"end":{"line":59,"column":45}},"19":{"start":{"line":60,"column":4},"end":{"line":66,"column":5}},"20":{"start":{"line":61,"column":6},"end":{"line":61,"column":65}},"21":{"start":{"line":62,"column":6},"end":{"line":62,"column":90}},"22":{"start":{"line":64,"column":6},"end":{"line":64,"column":92}},"23":{"start":{"line":69,"column":2},"end":{"line":69,"column":21}}},"fnMap":{"0":{"name":"(anonymous_0)","decl":{"start":{"line":20,"column":35},"end":{"line":20,"column":36}},"loc":{"start":{"line":20,"column":48},"end":{"line":70,"column":1}},"line":20}},"branchMap":{"0":{"loc":{"start":{"line":29,"column":2},"end":{"line":33,"column":3}},"type":"if","locations":[{"start":{"line":29,"column":2},"end":{"line":33,"column":3}},{"start":{},"end":{}}],"line":29},"1":{"loc":{"start":{"line":29,"column":6},"end":{"line":29,"column":63}},"type":"binary-expr","locations":[{"start":{"line":29,"column":6},"end":{"line":29,"column":14}},{"start":{"line":29,"column":18},"end":{"line":29,"column":44}},{"start":{"line":29,"column":48},"end":{"line":29,"column":63}}],"line":29},"2":{"loc":{"start":{"line":40,"column":2},"end":{"line":42,"column":3}},"type":"if","locations":[{"start":{"line":40,"column":2},"end":{"line":42,"column":3}},{"start":{},"end":{}}],"line":40},"3":{"loc":{"start":{"line":45,"column":2},"end":{"line":67,"column":3}},"type":"if","locations":[{"start":{"line":45,"column":2},"end":{"line":67,"column":3}},{"start":{"line":56,"column":7},"end":{"line":67,"column":3}}],"line":45},"4":{"loc":{"start":{"line":50,"column":24},"end":{"line":50,"column":40}},"type":"binary-expr","locations":[{"start":{"line":50,"column":24},"end":{"line":50,"column":30}},{"start":{"line":50,"column":34},"end":{"line":50,"column":40}}],"line":50},"5":{"loc":{"start":{"line":60,"column":4},"end":{"line":66,"column":5}},"type":"if","locations":[{"start":{"line":60,"column":4},"end":{"line":66,"column":5}},{"start":{"line":63,"column":11},"end":{"line":66,"column":5}}],"line":60}},"s":{"0":1,"1":2,"2":2,"3":2,"4":2,"5":0,"6":0,"7":0,"8":2,"9":2,"10":2,"11":2,"12":2,"13":2,"14":1,"15":1,"16":1,"17":1,"18":1,"19":1,"20":1,"21":1,"22":0,"23":2},"f":{"0":2},"b":{"0":[0,2],"1":[2,2,2],"2":[2,0],"3":[1,1],"4":[1,0],"5":[1,0]},"_coverageSchema":"1a1c01bbd47fc00a2c39e90264f33305004495a9","hash":"4d699479889ac915eae8b6fe16de97128d75e59d"}
,"/Users/tucian/Proiecte/hotel-management/src/actions/handlers/statusHandler.js": {"path":"/Users/tucian/Proiecte/hotel-management/src/actions/handlers/statusHandler.js","statementMap":{"0":{"start":{"line":10,"column":17},"end":{"line":10,"column":21}},"1":{"start":{"line":18,"column":38},"end":{"line":70,"column":1}},"2":{"start":{"line":22,"column":2},"end":{"line":29,"column":3}},"3":{"start":{"line":23,"column":4},"end":{"line":23,"column":21}},"4":{"start":{"line":24,"column":9},"end":{"line":29,"column":3}},"5":{"start":{"line":25,"column":4},"end":{"line":25,"column":28}},"6":{"start":{"line":27,"column":4},"end":{"line":27,"column":63}},"7":{"start":{"line":28,"column":4},"end":{"line":28,"column":11}},"8":{"start":{"line":32,"column":2},"end":{"line":35,"column":3}},"9":{"start":{"line":34,"column":4},"end":{"line":34,"column":11}},"10":{"start":{"line":38,"column":2},"end":{"line":38,"column":65}},"11":{"start":{"line":39,"column":2},"end":{"line":39,"column":37}},"12":{"start":{"line":40,"column":2},"end":{"line":40,"column":46}},"13":{"start":{"line":43,"column":34},"end":{"line":43,"column":57}},"14":{"start":{"line":44,"column":2},"end":{"line":44,"column":30}},"15":{"start":{"line":47,"column":25},"end":{"line":47,"column":48}},"16":{"start":{"line":49,"column":2},"end":{"line":61,"column":3}},"17":{"start":{"line":50,"column":4},"end":{"line":54,"column":7}},"18":{"start":{"line":55,"column":9},"end":{"line":61,"column":3}},"19":{"start":{"line":56,"column":4},"end":{"line":60,"column":7}},"20":{"start":{"line":63,"column":2},"end":{"line":63,"column":62}},"21":{"start":{"line":66,"column":2},"end":{"line":66,"column":22}},"22":{"start":{"line":69,"column":2},"end":{"line":69,"column":21}}},"fnMap":{"0":{"name":"(anonymous_0)","decl":{"start":{"line":18,"column":38},"end":{"line":18,"column":39}},"loc":{"start":{"line":18,"column":51},"end":{"line":70,"column":1}},"line":18}},"branchMap":{"0":{"loc":{"start":{"line":22,"column":2},"end":{"line":29,"column":3}},"type":"if","locations":[{"start":{"line":22,"column":2},"end":{"line":29,"column":3}},{"start":{"line":24,"column":9},"end":{"line":29,"column":3}}],"line":22},"1":{"loc":{"start":{"line":24,"column":9},"end":{"line":29,"column":3}},"type":"if","locations":[{"start":{"line":24,"column":9},"end":{"line":29,"column":3}},{"start":{"line":26,"column":9},"end":{"line":29,"column":3}}],"line":24},"2":{"loc":{"start":{"line":24,"column":13},"end":{"line":24,"column":38}},"type":"binary-expr","locations":[{"start":{"line":24,"column":13},"end":{"line":24,"column":20}},{"start":{"line":24,"column":24},"end":{"line":24,"column":38}}],"line":24},"3":{"loc":{"start":{"line":32,"column":2},"end":{"line":35,"column":3}},"type":"if","locations":[{"start":{"line":32,"column":2},"end":{"line":35,"column":3}},{"start":{},"end":{}}],"line":32},"4":{"loc":{"start":{"line":49,"column":2},"end":{"line":61,"column":3}},"type":"if","locations":[{"start":{"line":49,"column":2},"end":{"line":61,"column":3}},{"start":{"line":55,"column":9},"end":{"line":61,"column":3}}],"line":49},"5":{"loc":{"start":{"line":55,"column":9},"end":{"line":61,"column":3}},"type":"if","locations":[{"start":{"line":55,"column":9},"end":{"line":61,"column":3}},{"start":{},"end":{}}],"line":55}},"s":{"0":0,"1":0,"2":0,"3":0,"4":0,"5":0,"6":0,"7":0,"8":0,"9":0,"10":0,"11":0,"12":0,"13":0,"14":0,"15":0,"16":0,"17":0,"18":0,"19":0,"20":0,"21":0,"22":0},"f":{"0":0},"b":{"0":[0,0],"1":[0,0],"2":[0,0],"3":[0,0],"4":[0,0],"5":[0,0]}}
,"/Users/tucian/Proiecte/hotel-management/src/actions/socket/messageParser.js": {"path":"/Users/tucian/Proiecte/hotel-management/src/actions/socket/messageParser.js","statementMap":{"0":{"start":{"line":11,"column":36},"end":{"line":37,"column":1}},"1":{"start":{"line":15,"column":2},"end":{"line":21,"column":3}},"2":{"start":{"line":16,"column":4},"end":{"line":16,"column":34}},"3":{"start":{"line":20,"column":4},"end":{"line":20,"column":29}},"4":{"start":{"line":27,"column":2},"end":{"line":30,"column":3}},"5":{"start":{"line":28,"column":4},"end":{"line":28,"column":94}},"6":{"start":{"line":29,"column":4},"end":{"line":29,"column":16}},"7":{"start":{"line":32,"column":2},"end":{"line":32,"column":79}},"8":{"start":{"line":33,"column":2},"end":{"line":33,"column":21}}},"fnMap":{"0":{"name":"(anonymous_0)","decl":{"start":{"line":11,"column":36},"end":{"line":11,"column":37}},"loc":{"start":{"line":11,"column":52},"end":{"line":37,"column":1}},"line":11}},"branchMap":{"0":{"loc":{"start":{"line":15,"column":2},"end":{"line":21,"column":3}},"type":"if","locations":[{"start":{"line":15,"column":2},"end":{"line":21,"column":3}},{"start":{"line":17,"column":9},"end":{"line":21,"column":3}}],"line":15},"1":{"loc":{"start":{"line":15,"column":6},"end":{"line":15,"column":78}},"type":"binary-expr","locations":[{"start":{"line":15,"column":6},"end":{"line":15,"column":36}},{"start":{"line":15,"column":40},"end":{"line":15,"column":59}},{"start":{"line":15,"column":63},"end":{"line":15,"column":78}}],"line":15},"2":{"loc":{"start":{"line":27,"column":2},"end":{"line":30,"column":3}},"type":"if","locations":[{"start":{"line":27,"column":2},"end":{"line":30,"column":3}},{"start":{},"end":{}}],"line":27},"3":{"loc":{"start":{"line":27,"column":6},"end":{"line":27,"column":82}},"type":"binary-expr","locations":[{"start":{"line":27,"column":6},"end":{"line":27,"column":37}},{"start":{"line":27,"column":41},"end":{"line":27,"column":61}},{"start":{"line":27,"column":65},"end":{"line":27,"column":82}}],"line":27}},"s":{"0":0,"1":0,"2":0,"3":0,"4":0,"5":0,"6":0,"7":0,"8":0},"f":{"0":0},"b":{"0":[0,0],"1":[0,0,0],"2":[0,0],"3":[0,0,0]}}
,"/Users/tucian/Proiecte/hotel-management/src/actions/socket/worker.js": {"path":"/Users/tucian/Proiecte/hotel-management/src/actions/socket/worker.js","statementMap":{"0":{"start":{"line":10,"column":19},"end":{"line":10,"column":23}},"1":{"start":{"line":17,"column":32},"end":{"line":36,"column":1}},"2":{"start":{"line":18,"column":2},"end":{"line":35,"column":3}},"3":{"start":{"line":20,"column":4},"end":{"line":22,"column":5}},"4":{"start":{"line":21,"column":6},"end":{"line":21,"column":26}},"5":{"start":{"line":25,"column":4},"end":{"line":25,"column":61}},"6":{"start":{"line":26,"column":4},"end":{"line":26,"column":112}},"7":{"start":{"line":29,"column":4},"end":{"line":29,"column":47}},"8":{"start":{"line":31,"column":4},"end":{"line":31,"column":24}},"9":{"start":{"line":33,"column":4},"end":{"line":33,"column":76}},"10":{"start":{"line":34,"column":4},"end":{"line":34,"column":16}},"11":{"start":{"line":43,"column":25},"end":{"line":48,"column":1}},"12":{"start":{"line":44,"column":2},"end":{"line":46,"column":3}},"13":{"start":{"line":45,"column":4},"end":{"line":45,"column":30}},"14":{"start":{"line":47,"column":2},"end":{"line":47,"column":22}},"15":{"start":{"line":56,"column":27},"end":{"line":95,"column":1}},"16":{"start":{"line":57,"column":17},"end":{"line":57,"column":28}},"17":{"start":{"line":59,"column":2},"end":{"line":62,"column":3}},"18":{"start":{"line":60,"column":4},"end":{"line":60,"column":53}},"19":{"start":{"line":61,"column":4},"end":{"line":61,"column":17}},"20":{"start":{"line":64,"column":2},"end":{"line":94,"column":3}},"21":{"start":{"line":68,"column":4},"end":{"line":82,"column":5}},"22":{"start":{"line":70,"column":6},"end":{"line":78,"column":7}},"23":{"start":{"line":71,"column":8},"end":{"line":71,"column":47}},"24":{"start":{"line":74,"column":8},"end":{"line":77,"column":10}},"25":{"start":{"line":81,"column":6},"end":{"line":81,"column":33}},"26":{"start":{"line":85,"column":4},"end":{"line":88,"column":7}},"27":{"start":{"line":90,"column":4},"end":{"line":90,"column":16}},"28":{"start":{"line":92,"column":4},"end":{"line":92,"column":62}},"29":{"start":{"line":93,"column":4},"end":{"line":93,"column":17}},"30":{"start":{"line":103,"column":36},"end":{"line":117,"column":1}},"31":{"start":{"line":104,"column":17},"end":{"line":104,"column":28}},"32":{"start":{"line":106,"column":2},"end":{"line":109,"column":3}},"33":{"start":{"line":107,"column":4},"end":{"line":107,"column":75}},"34":{"start":{"line":108,"column":4},"end":{"line":108,"column":17}},"35":{"start":{"line":111,"column":2},"end":{"line":114,"column":5}},"36":{"start":{"line":116,"column":2},"end":{"line":116,"column":14}},"37":{"start":{"line":127,"column":37},"end":{"line":146,"column":1}},"38":{"start":{"line":128,"column":17},"end":{"line":128,"column":28}},"39":{"start":{"line":130,"column":2},"end":{"line":133,"column":3}},"40":{"start":{"line":131,"column":4},"end":{"line":131,"column":76}},"41":{"start":{"line":132,"column":4},"end":{"line":132,"column":17}},"42":{"start":{"line":135,"column":2},"end":{"line":138,"column":3}},"43":{"start":{"line":136,"column":4},"end":{"line":136,"column":75}},"44":{"start":{"line":137,"column":4},"end":{"line":137,"column":17}},"45":{"start":{"line":140,"column":2},"end":{"line":143,"column":5}},"46":{"start":{"line":145,"column":2},"end":{"line":145,"column":14}}},"fnMap":{"0":{"name":"(anonymous_0)","decl":{"start":{"line":17,"column":32},"end":{"line":17,"column":33}},"loc":{"start":{"line":17,"column":38},"end":{"line":36,"column":1}},"line":17},"1":{"name":"(anonymous_1)","decl":{"start":{"line":43,"column":25},"end":{"line":43,"column":26}},"loc":{"start":{"line":43,"column":31},"end":{"line":48,"column":1}},"line":43},"2":{"name":"(anonymous_2)","decl":{"start":{"line":56,"column":27},"end":{"line":56,"column":28}},"loc":{"start":{"line":56,"column":40},"end":{"line":95,"column":1}},"line":56},"3":{"name":"(anonymous_3)","decl":{"start":{"line":103,"column":36},"end":{"line":103,"column":37}},"loc":{"start":{"line":103,"column":48},"end":{"line":117,"column":1}},"line":103},"4":{"name":"(anonymous_4)","decl":{"start":{"line":127,"column":37},"end":{"line":127,"column":38}},"loc":{"start":{"line":127,"column":53},"end":{"line":146,"column":1}},"line":127}},"branchMap":{"0":{"loc":{"start":{"line":20,"column":4},"end":{"line":22,"column":5}},"type":"if","locations":[{"start":{"line":20,"column":4},"end":{"line":22,"column":5}},{"start":{},"end":{}}],"line":20},"1":{"loc":{"start":{"line":44,"column":2},"end":{"line":46,"column":3}},"type":"if","locations":[{"start":{"line":44,"column":2},"end":{"line":46,"column":3}},{"start":{},"end":{}}],"line":44},"2":{"loc":{"start":{"line":59,"column":2},"end":{"line":62,"column":3}},"type":"if","locations":[{"start":{"line":59,"column":2},"end":{"line":62,"column":3}},{"start":{},"end":{}}],"line":59},"3":{"loc":{"start":{"line":68,"column":4},"end":{"line":82,"column":5}},"type":"if","locations":[{"start":{"line":68,"column":4},"end":{"line":82,"column":5}},{"start":{"line":79,"column":11},"end":{"line":82,"column":5}}],"line":68},"4":{"loc":{"start":{"line":106,"column":2},"end":{"line":109,"column":3}},"type":"if","locations":[{"start":{"line":106,"column":2},"end":{"line":109,"column":3}},{"start":{},"end":{}}],"line":106},"5":{"loc":{"start":{"line":130,"column":2},"end":{"line":133,"column":3}},"type":"if","locations":[{"start":{"line":130,"column":2},"end":{"line":133,"column":3}},{"start":{},"end":{}}],"line":130},"6":{"loc":{"start":{"line":135,"column":2},"end":{"line":138,"column":3}},"type":"if","locations":[{"start":{"line":135,"column":2},"end":{"line":138,"column":3}},{"start":{},"end":{}}],"line":135}},"s":{"0":0,"1":0,"2":0,"3":0,"4":0,"5":0,"6":0,"7":0,"8":0,"9":0,"10":0,"11":0,"12":0,"13":0,"14":0,"15":0,"16":0,"17":0,"18":0,"19":0,"20":0,"21":0,"22":0,"23":0,"24":0,"25":0,"26":0,"27":0,"28":0,"29":0,"30":0,"31":0,"32":0,"33":0,"34":0,"35":0,"36":0,"37":0,"38":0,"39":0,"40":0,"41":0,"42":0,"43":0,"44":0,"45":0,"46":0},"f":{"0":0,"1":0,"2":0,"3":0,"4":0},"b":{"0":[0,0],"1":[0,0],"2":[0,0],"3":[0,0],"4":[0,0],"5":[0,0],"6":[0,0]}}
,"/Users/tucian/Proiecte/hotel-management/src/api/apiService.js": {"path":"/Users/tucian/Proiecte/hotel-management/src/api/apiService.js","statementMap":{"0":{"start":{"line":1,"column":16},"end":{"line":1,"column":43}},"1":{"start":{"line":3,"column":19},"end":{"line":30,"column":1}},"2":{"start":{"line":7,"column":4},"end":{"line":7,"column":60}},"3":{"start":{"line":9,"column":21},"end":{"line":13,"column":6}},"4":{"start":{"line":15,"column":4},"end":{"line":15,"column":60}},"5":{"start":{"line":17,"column":4},"end":{"line":17,"column":75}},"6":{"start":{"line":17,"column":22},"end":{"line":17,"column":75}},"7":{"start":{"line":19,"column":17},"end":{"line":19,"column":38}},"8":{"start":{"line":20,"column":4},"end":{"line":20,"column":41}},"9":{"start":{"line":22,"column":4},"end":{"line":22,"column":16}},"10":{"start":{"line":26,"column":21},"end":{"line":26,"column":52}},"11":{"start":{"line":27,"column":4},"end":{"line":27,"column":74}},"12":{"start":{"line":27,"column":22},"end":{"line":27,"column":74}},"13":{"start":{"line":28,"column":4},"end":{"line":28,"column":27}}},"fnMap":{"0":{"name":"(anonymous_0)","decl":{"start":{"line":5,"column":21},"end":{"line":5,"column":22}},"loc":{"start":{"line":5,"column":48},"end":{"line":23,"column":3}},"line":5},"1":{"name":"(anonymous_1)","decl":{"start":{"line":25,"column":12},"end":{"line":25,"column":13}},"loc":{"start":{"line":25,"column":24},"end":{"line":29,"column":3}},"line":25}},"branchMap":{"0":{"loc":{"start":{"line":17,"column":4},"end":{"line":17,"column":75}},"type":"if","locations":[{"start":{"line":17,"column":4},"end":{"line":17,"column":75}},{"start":{},"end":{}}],"line":17},"1":{"loc":{"start":{"line":27,"column":4},"end":{"line":27,"column":74}},"type":"if","locations":[{"start":{"line":27,"column":4},"end":{"line":27,"column":74}},{"start":{},"end":{}}],"line":27}},"s":{"0":1,"1":1,"2":0,"3":0,"4":0,"5":0,"6":0,"7":0,"8":0,"9":0,"10":0,"11":0,"12":0,"13":0},"f":{"0":0,"1":0},"b":{"0":[0,0],"1":[0,0]},"_coverageSchema":"1a1c01bbd47fc00a2c39e90264f33305004495a9","hash":"6699da8c5d832bbf9a252aa91074f1a81cc398b5"}
,"/Users/tucian/Proiecte/hotel-management/src/api/auth.service.js": {"path":"/Users/tucian/Proiecte/hotel-management/src/api/auth.service.js","statementMap":{"0":{"start":{"line":3,"column":24},"end":{"line":12,"column":1}},"1":{"start":{"line":4,"column":19},"end":{"line":10,"column":4}},"2":{"start":{"line":11,"column":2},"end":{"line":11,"column":25}},"3":{"start":{"line":14,"column":21},"end":{"line":23,"column":1}},"4":{"start":{"line":15,"column":19},"end":{"line":21,"column":4}},"5":{"start":{"line":22,"column":2},"end":{"line":22,"column":25}},"6":{"start":{"line":25,"column":26},"end":{"line":34,"column":1}},"7":{"start":{"line":26,"column":19},"end":{"line":32,"column":4}},"8":{"start":{"line":33,"column":2},"end":{"line":33,"column":25}},"9":{"start":{"line":36,"column":31},"end":{"line":45,"column":1}},"10":{"start":{"line":37,"column":19},"end":{"line":43,"column":4}},"11":{"start":{"line":44,"column":2},"end":{"line":44,"column":25}},"12":{"start":{"line":47,"column":32},"end":{"line":56,"column":1}},"13":{"start":{"line":48,"column":19},"end":{"line":54,"column":4}},"14":{"start":{"line":55,"column":2},"end":{"line":55,"column":25}},"15":{"start":{"line":58,"column":27},"end":{"line":61,"column":1}},"16":{"start":{"line":59,"column":19},"end":{"line":59,"column":76}},"17":{"start":{"line":60,"column":2},"end":{"line":60,"column":25}},"18":{"start":{"line":63,"column":30},"end":{"line":72,"column":1}},"19":{"start":{"line":64,"column":19},"end":{"line":70,"column":4}},"20":{"start":{"line":71,"column":2},"end":{"line":71,"column":25}},"21":{"start":{"line":74,"column":29},"end":{"line":83,"column":1}},"22":{"start":{"line":75,"column":19},"end":{"line":81,"column":4}},"23":{"start":{"line":82,"column":2},"end":{"line":82,"column":25}}},"fnMap":{"0":{"name":"(anonymous_0)","decl":{"start":{"line":3,"column":24},"end":{"line":3,"column":25}},"loc":{"start":{"line":3,"column":44},"end":{"line":12,"column":1}},"line":3},"1":{"name":"(anonymous_1)","decl":{"start":{"line":14,"column":21},"end":{"line":14,"column":22}},"loc":{"start":{"line":14,"column":44},"end":{"line":23,"column":1}},"line":14},"2":{"name":"(anonymous_2)","decl":{"start":{"line":25,"column":26},"end":{"line":25,"column":27}},"loc":{"start":{"line":25,"column":47},"end":{"line":34,"column":1}},"line":25},"3":{"name":"(anonymous_3)","decl":{"start":{"line":36,"column":31},"end":{"line":36,"column":32}},"loc":{"start":{"line":36,"column":54},"end":{"line":45,"column":1}},"line":36},"4":{"name":"(anonymous_4)","decl":{"start":{"line":47,"column":32},"end":{"line":47,"column":33}},"loc":{"start":{"line":47,"column":55},"end":{"line":56,"column":1}},"line":47},"5":{"name":"(anonymous_5)","decl":{"start":{"line":58,"column":27},"end":{"line":58,"column":28}},"loc":{"start":{"line":58,"column":44},"end":{"line":61,"column":1}},"line":58},"6":{"name":"(anonymous_6)","decl":{"start":{"line":63,"column":30},"end":{"line":63,"column":31}},"loc":{"start":{"line":63,"column":47},"end":{"line":72,"column":1}},"line":63},"7":{"name":"(anonymous_7)","decl":{"start":{"line":74,"column":29},"end":{"line":74,"column":30}},"loc":{"start":{"line":74,"column":50},"end":{"line":83,"column":1}},"line":74}},"branchMap":{},"s":{"0":0,"1":0,"2":0,"3":0,"4":0,"5":0,"6":0,"7":0,"8":0,"9":0,"10":0,"11":0,"12":0,"13":0,"14":0,"15":0,"16":0,"17":0,"18":0,"19":0,"20":0,"21":0,"22":0,"23":0},"f":{"0":0,"1":0,"2":0,"3":0,"4":0,"5":0,"6":0,"7":0},"b":{}}
,"/Users/tucian/Proiecte/hotel-management/src/api/index.js": {"path":"/Users/tucian/Proiecte/hotel-management/src/api/index.js","statementMap":{"0":{"start":{"line":7,"column":28},"end":{"line":7,"column":55}},"1":{"start":{"line":10,"column":30},"end":{"line":13,"column":2}},"2":{"start":{"line":10,"column":42},"end":{"line":13,"column":1}}},"fnMap":{"0":{"name":"(anonymous_0)","decl":{"start":{"line":10,"column":30},"end":{"line":10,"column":31}},"loc":{"start":{"line":10,"column":42},"end":{"line":13,"column":1}},"line":10}},"branchMap":{},"s":{"0":0,"1":0,"2":0},"f":{"0":0},"b":{}}
,"/Users/tucian/Proiecte/hotel-management/src/api/reservation.service.js": {"path":"/Users/tucian/Proiecte/hotel-management/src/api/reservation.service.js","statementMap":{"0":{"start":{"line":3,"column":33},"end":{"line":10,"column":1}},"1":{"start":{"line":4,"column":19},"end":{"line":8,"column":4}},"2":{"start":{"line":9,"column":2},"end":{"line":9,"column":25}},"3":{"start":{"line":12,"column":33},"end":{"line":19,"column":1}},"4":{"start":{"line":13,"column":19},"end":{"line":17,"column":4}},"5":{"start":{"line":18,"column":2},"end":{"line":18,"column":25}},"6":{"start":{"line":21,"column":33},"end":{"line":27,"column":1}},"7":{"start":{"line":22,"column":19},"end":{"line":25,"column":4}},"8":{"start":{"line":26,"column":2},"end":{"line":26,"column":25}}},"fnMap":{"0":{"name":"(anonymous_0)","decl":{"start":{"line":3,"column":33},"end":{"line":3,"column":34}},"loc":{"start":{"line":3,"column":67},"end":{"line":10,"column":1}},"line":3},"1":{"name":"(anonymous_1)","decl":{"start":{"line":12,"column":33},"end":{"line":12,"column":34}},"loc":{"start":{"line":12,"column":71},"end":{"line":19,"column":1}},"line":12},"2":{"name":"(anonymous_2)","decl":{"start":{"line":21,"column":33},"end":{"line":21,"column":34}},"loc":{"start":{"line":21,"column":54},"end":{"line":27,"column":1}},"line":21}},"branchMap":{},"s":{"0":0,"1":0,"2":0,"3":0,"4":0,"5":0,"6":0,"7":0,"8":0},"f":{"0":0,"1":0,"2":0},"b":{}}
,"/Users/tucian/Proiecte/hotel-management/src/api/room-status.service.js": {"path":"/Users/tucian/Proiecte/hotel-management/src/api/room-status.service.js","statementMap":{"0":{"start":{"line":3,"column":34},"end":{"line":8,"column":1}},"1":{"start":{"line":4,"column":19},"end":{"line":6,"column":4}},"2":{"start":{"line":7,"column":2},"end":{"line":7,"column":25}},"3":{"start":{"line":10,"column":29},"end":{"line":15,"column":1}},"4":{"start":{"line":11,"column":19},"end":{"line":13,"column":4}},"5":{"start":{"line":14,"column":2},"end":{"line":14,"column":25}},"6":{"start":{"line":17,"column":32},"end":{"line":24,"column":1}},"7":{"start":{"line":18,"column":19},"end":{"line":22,"column":4}},"8":{"start":{"line":23,"column":2},"end":{"line":23,"column":25}},"9":{"start":{"line":26,"column":32},"end":{"line":33,"column":1}},"10":{"start":{"line":27,"column":19},"end":{"line":31,"column":4}},"11":{"start":{"line":32,"column":2},"end":{"line":32,"column":25}},"12":{"start":{"line":35,"column":32},"end":{"line":41,"column":1}},"13":{"start":{"line":36,"column":19},"end":{"line":39,"column":4}},"14":{"start":{"line":40,"column":2},"end":{"line":40,"column":25}}},"fnMap":{"0":{"name":"(anonymous_0)","decl":{"start":{"line":3,"column":34},"end":{"line":3,"column":35}},"loc":{"start":{"line":3,"column":51},"end":{"line":8,"column":1}},"line":3},"1":{"name":"(anonymous_1)","decl":{"start":{"line":10,"column":29},"end":{"line":10,"column":30}},"loc":{"start":{"line":10,"column":58},"end":{"line":15,"column":1}},"line":10},"2":{"name":"(anonymous_2)","decl":{"start":{"line":17,"column":32},"end":{"line":17,"column":33}},"loc":{"start":{"line":17,"column":61},"end":{"line":24,"column":1}},"line":17},"3":{"name":"(anonymous_3)","decl":{"start":{"line":26,"column":32},"end":{"line":26,"column":33}},"loc":{"start":{"line":26,"column":73},"end":{"line":33,"column":1}},"line":26},"4":{"name":"(anonymous_4)","decl":{"start":{"line":35,"column":32},"end":{"line":35,"column":33}},"loc":{"start":{"line":35,"column":61},"end":{"line":41,"column":1}},"line":35}},"branchMap":{},"s":{"0":0,"1":0,"2":0,"3":0,"4":0,"5":0,"6":0,"7":0,"8":0,"9":0,"10":0,"11":0,"12":0,"13":0,"14":0},"f":{"0":0,"1":0,"2":0,"3":0,"4":0},"b":{}}
,"/Users/tucian/Proiecte/hotel-management/src/api/room.service.js": {"path":"/Users/tucian/Proiecte/hotel-management/src/api/room.service.js","statementMap":{"0":{"start":{"line":3,"column":27},"end":{"line":8,"column":1}},"1":{"start":{"line":4,"column":19},"end":{"line":6,"column":4}},"2":{"start":{"line":7,"column":2},"end":{"line":7,"column":25}},"3":{"start":{"line":10,"column":26},"end":{"line":17,"column":1}},"4":{"start":{"line":11,"column":19},"end":{"line":15,"column":4}},"5":{"start":{"line":16,"column":2},"end":{"line":16,"column":25}},"6":{"start":{"line":19,"column":26},"end":{"line":26,"column":1}},"7":{"start":{"line":20,"column":19},"end":{"line":24,"column":4}},"8":{"start":{"line":25,"column":2},"end":{"line":25,"column":25}},"9":{"start":{"line":28,"column":26},"end":{"line":34,"column":1}},"10":{"start":{"line":29,"column":19},"end":{"line":32,"column":4}},"11":{"start":{"line":33,"column":2},"end":{"line":33,"column":25}}},"fnMap":{"0":{"name":"(anonymous_0)","decl":{"start":{"line":3,"column":27},"end":{"line":3,"column":28}},"loc":{"start":{"line":3,"column":44},"end":{"line":8,"column":1}},"line":3},"1":{"name":"(anonymous_1)","decl":{"start":{"line":10,"column":26},"end":{"line":10,"column":27}},"loc":{"start":{"line":10,"column":53},"end":{"line":17,"column":1}},"line":10},"2":{"name":"(anonymous_2)","decl":{"start":{"line":19,"column":26},"end":{"line":19,"column":27}},"loc":{"start":{"line":19,"column":65},"end":{"line":26,"column":1}},"line":19},"3":{"name":"(anonymous_3)","decl":{"start":{"line":28,"column":26},"end":{"line":28,"column":27}},"loc":{"start":{"line":28,"column":55},"end":{"line":34,"column":1}},"line":28}},"branchMap":{},"s":{"0":0,"1":0,"2":0,"3":0,"4":0,"5":0,"6":0,"7":0,"8":0,"9":0,"10":0,"11":0},"f":{"0":0,"1":0,"2":0,"3":0},"b":{}}
,"/Users/tucian/Proiecte/hotel-management/src/api/stock.service.js": {"path":"/Users/tucian/Proiecte/hotel-management/src/api/stock.service.js","statementMap":{"0":{"start":{"line":3,"column":27},"end":{"line":8,"column":1}},"1":{"start":{"line":4,"column":19},"end":{"line":6,"column":4}},"2":{"start":{"line":7,"column":2},"end":{"line":7,"column":25}},"3":{"start":{"line":10,"column":31},"end":{"line":17,"column":1}},"4":{"start":{"line":11,"column":19},"end":{"line":15,"column":4}},"5":{"start":{"line":16,"column":2},"end":{"line":16,"column":25}},"6":{"start":{"line":19,"column":31},"end":{"line":26,"column":1}},"7":{"start":{"line":20,"column":19},"end":{"line":24,"column":4}},"8":{"start":{"line":25,"column":2},"end":{"line":25,"column":25}},"9":{"start":{"line":28,"column":31},"end":{"line":34,"column":1}},"10":{"start":{"line":29,"column":19},"end":{"line":32,"column":4}},"11":{"start":{"line":33,"column":2},"end":{"line":33,"column":25}}},"fnMap":{"0":{"name":"(anonymous_0)","decl":{"start":{"line":3,"column":27},"end":{"line":3,"column":28}},"loc":{"start":{"line":3,"column":44},"end":{"line":8,"column":1}},"line":3},"1":{"name":"(anonymous_1)","decl":{"start":{"line":10,"column":31},"end":{"line":10,"column":32}},"loc":{"start":{"line":10,"column":59},"end":{"line":17,"column":1}},"line":10},"2":{"name":"(anonymous_2)","decl":{"start":{"line":19,"column":31},"end":{"line":19,"column":32}},"loc":{"start":{"line":19,"column":63},"end":{"line":26,"column":1}},"line":19},"3":{"name":"(anonymous_3)","decl":{"start":{"line":28,"column":31},"end":{"line":28,"column":32}},"loc":{"start":{"line":28,"column":52},"end":{"line":34,"column":1}},"line":28}},"branchMap":{},"s":{"0":0,"1":0,"2":0,"3":0,"4":0,"5":0,"6":0,"7":0,"8":0,"9":0,"10":0,"11":0},"f":{"0":0,"1":0,"2":0,"3":0},"b":{}}
,"/Users/tucian/Proiecte/hotel-management/src/components/LoadingFallback.jsx": {"path":"/Users/tucian/Proiecte/hotel-management/src/components/LoadingFallback.jsx","statementMap":{"0":{"start":{"line":4,"column":24},"end":{"line":12,"column":1}},"1":{"start":{"line":5,"column":2},"end":{"line":11,"column":4}}},"fnMap":{"0":{"name":"(anonymous_0)","decl":{"start":{"line":4,"column":24},"end":{"line":4,"column":25}},"loc":{"start":{"line":4,"column":30},"end":{"line":12,"column":1}},"line":4}},"branchMap":{},"s":{"0":0,"1":0},"f":{"0":0},"b":{}}
,"/Users/tucian/Proiecte/hotel-management/src/components/ProtectedRoute.jsx": {"path":"/Users/tucian/Proiecte/hotel-management/src/components/ProtectedRoute.jsx","statementMap":{"0":{"start":{"line":6,"column":23},"end":{"line":30,"column":1}},"1":{"start":{"line":7,"column":45},"end":{"line":7,"column":54}},"2":{"start":{"line":8,"column":19},"end":{"line":8,"column":32}},"3":{"start":{"line":10,"column":2},"end":{"line":13,"column":3}},"4":{"start":{"line":12,"column":4},"end":{"line":12,"column":31}},"5":{"start":{"line":15,"column":2},"end":{"line":19,"column":3}},"6":{"start":{"line":18,"column":4},"end":{"line":18,"column":71}},"7":{"start":{"line":21,"column":2},"end":{"line":26,"column":3}},"8":{"start":{"line":24,"column":4},"end":{"line":24,"column":79}},"9":{"start":{"line":25,"column":4},"end":{"line":25,"column":39}},"10":{"start":{"line":29,"column":2},"end":{"line":29,"column":20}}},"fnMap":{"0":{"name":"(anonymous_0)","decl":{"start":{"line":6,"column":23},"end":{"line":6,"column":24}},"loc":{"start":{"line":6,"column":45},"end":{"line":30,"column":1}},"line":6}},"branchMap":{"0":{"loc":{"start":{"line":10,"column":2},"end":{"line":13,"column":3}},"type":"if","locations":[{"start":{"line":10,"column":2},"end":{"line":13,"column":3}},{"start":{},"end":{}}],"line":10},"1":{"loc":{"start":{"line":15,"column":2},"end":{"line":19,"column":3}},"type":"if","locations":[{"start":{"line":15,"column":2},"end":{"line":19,"column":3}},{"start":{},"end":{}}],"line":15},"2":{"loc":{"start":{"line":21,"column":2},"end":{"line":26,"column":3}},"type":"if","locations":[{"start":{"line":21,"column":2},"end":{"line":26,"column":3}},{"start":{},"end":{}}],"line":21},"3":{"loc":{"start":{"line":21,"column":6},"end":{"line":21,"column":50}},"type":"binary-expr","locations":[{"start":{"line":21,"column":6},"end":{"line":21,"column":18}},{"start":{"line":21,"column":22},"end":{"line":21,"column":50}}],"line":21}},"s":{"0":0,"1":0,"2":0,"3":0,"4":0,"5":0,"6":0,"7":0,"8":0,"9":0,"10":0},"f":{"0":0},"b":{"0":[0,0],"1":[0,0],"2":[0,0],"3":[0,0]}}
,"/Users/tucian/Proiecte/hotel-management/src/components/AddPhoneNumber/AddPhoneNumber.jsx": {"path":"/Users/tucian/Proiecte/hotel-management/src/components/AddPhoneNumber/AddPhoneNumber.jsx","statementMap":{"0":{"start":{"line":20,"column":23},"end":{"line":78,"column":1}},"1":{"start":{"line":21,"column":40},"end":{"line":21,"column":73}},"2":{"start":{"line":23,"column":28},"end":{"line":25,"column":3}},"3":{"start":{"line":24,"column":4},"end":{"line":24,"column":35}},"4":{"start":{"line":27,"column":23},"end":{"line":32,"column":3}},"5":{"start":{"line":28,"column":4},"end":{"line":31,"column":7}},"6":{"start":{"line":34,"column":2},"end":{"line":77,"column":4}},"7":{"start":{"line":80,"column":0},"end":{"line":84,"column":2}}},"fnMap":{"0":{"name":"(anonymous_0)","decl":{"start":{"line":20,"column":23},"end":{"line":20,"column":24}},"loc":{"start":{"line":20,"column":56},"end":{"line":78,"column":1}},"line":20},"1":{"name":"(anonymous_1)","decl":{"start":{"line":23,"column":28},"end":{"line":23,"column":29}},"loc":{"start":{"line":23,"column":35},"end":{"line":25,"column":3}},"line":23},"2":{"name":"(anonymous_2)","decl":{"start":{"line":27,"column":23},"end":{"line":27,"column":24}},"loc":{"start":{"line":27,"column":29},"end":{"line":32,"column":3}},"line":27}},"branchMap":{"0":{"loc":{"start":{"line":21,"column":49},"end":{"line":21,"column":72}},"type":"binary-expr","locations":[{"start":{"line":21,"column":49},"end":{"line":21,"column":66}},{"start":{"line":21,"column":70},"end":{"line":21,"column":72}}],"line":21},"1":{"loc":{"start":{"line":41,"column":7},"end":{"line":47,"column":7}},"type":"binary-expr","locations":[{"start":{"line":41,"column":7},"end":{"line":41,"column":11}},{"start":{"line":42,"column":8},"end":{"line":46,"column":14}}],"line":41}},"s":{"0":0,"1":0,"2":0,"3":0,"4":0,"5":0,"6":0,"7":0},"f":{"0":0,"1":0,"2":0},"b":{"0":[0,0],"1":[0,0]}}
,"/Users/tucian/Proiecte/hotel-management/src/components/Admin/AdminView.jsx": {"path":"/Users/tucian/Proiecte/hotel-management/src/components/Admin/AdminView.jsx","statementMap":{"0":{"start":{"line":4,"column":18},"end":{"line":386,"column":1}},"1":{"start":{"line":5,"column":36},"end":{"line":5,"column":53}},"2":{"start":{"line":6,"column":40},"end":{"line":10,"column":4}},"3":{"start":{"line":12,"column":15},"end":{"line":17,"column":3}},"4":{"start":{"line":19,"column":25},"end":{"line":25,"column":3}},"5":{"start":{"line":20,"column":4},"end":{"line":20,"column":23}},"6":{"start":{"line":20,"column":16},"end":{"line":20,"column":23}},"7":{"start":{"line":21,"column":4},"end":{"line":24,"column":8}},"8":{"start":{"line":21,"column":28},"end":{"line":24,"column":5}},"9":{"start":{"line":27,"column":28},"end":{"line":32,"column":3}},"10":{"start":{"line":28,"column":4},"end":{"line":31,"column":8}},"11":{"start":{"line":28,"column":28},"end":{"line":31,"column":5}},"12":{"start":{"line":30,"column":41},"end":{"line":30,"column":64}},"13":{"start":{"line":34,"column":29},"end":{"line":63,"column":3}},"14":{"start":{"line":36,"column":24},"end":{"line":43,"column":5}},"15":{"start":{"line":37,"column":55},"end":{"line":37,"column":99}},"16":{"start":{"line":45,"column":4},"end":{"line":62,"column":6}},"17":{"start":{"line":49,"column":64},"end":{"line":49,"column":88}},"18":{"start":{"line":65,"column":24},"end":{"line":352,"column":3}},"19":{"start":{"line":66,"column":4},"end":{"line":351,"column":5}},"20":{"start":{"line":68,"column":8},"end":{"line":235,"column":10}},"21":{"start":{"line":104,"column":22},"end":{"line":118,"column":28}},"22":{"start":{"line":108,"column":41},"end":{"line":108,"column":66}},"23":{"start":{"line":114,"column":41},"end":{"line":114,"column":76}},"24":{"start":{"line":126,"column":24},"end":{"line":129,"column":25}},"25":{"start":{"line":127,"column":26},"end":{"line":127,"column":68}},"26":{"start":{"line":128,"column":26},"end":{"line":128,"column":46}},"27":{"start":{"line":153,"column":22},"end":{"line":167,"column":28}},"28":{"start":{"line":157,"column":41},"end":{"line":157,"column":66}},"29":{"start":{"line":163,"column":41},"end":{"line":163,"column":80}},"30":{"start":{"line":175,"column":24},"end":{"line":178,"column":25}},"31":{"start":{"line":176,"column":26},"end":{"line":176,"column":72}},"32":{"start":{"line":177,"column":26},"end":{"line":177,"column":46}},"33":{"start":{"line":202,"column":22},"end":{"line":216,"column":28}},"34":{"start":{"line":206,"column":41},"end":{"line":206,"column":66}},"35":{"start":{"line":212,"column":41},"end":{"line":212,"column":78}},"36":{"start":{"line":224,"column":24},"end":{"line":227,"column":25}},"37":{"start":{"line":225,"column":26},"end":{"line":225,"column":70}},"38":{"start":{"line":226,"column":26},"end":{"line":226,"column":46}},"39":{"start":{"line":238,"column":8},"end":{"line":271,"column":10}},"40":{"start":{"line":274,"column":8},"end":{"line":309,"column":10}},"41":{"start":{"line":312,"column":8},"end":{"line":347,"column":10}},"42":{"start":{"line":350,"column":8},"end":{"line":350,"column":20}},"43":{"start":{"line":354,"column":48},"end":{"line":354,"column":62}},"44":{"start":{"line":356,"column":2},"end":{"line":385,"column":4}},"45":{"start":{"line":364,"column":10},"end":{"line":371,"column":19}},"46":{"start":{"line":367,"column":27},"end":{"line":367,"column":47}}},"fnMap":{"0":{"name":"(anonymous_0)","decl":{"start":{"line":4,"column":18},"end":{"line":4,"column":19}},"loc":{"start":{"line":4,"column":24},"end":{"line":386,"column":1}},"line":4},"1":{"name":"(anonymous_1)","decl":{"start":{"line":19,"column":25},"end":{"line":19,"column":26}},"loc":{"start":{"line":19,"column":42},"end":{"line":25,"column":3}},"line":19},"2":{"name":"(anonymous_2)","decl":{"start":{"line":21,"column":19},"end":{"line":21,"column":20}},"loc":{"start":{"line":21,"column":28},"end":{"line":24,"column":5}},"line":21},"3":{"name":"(anonymous_3)","decl":{"start":{"line":27,"column":28},"end":{"line":27,"column":29}},"loc":{"start":{"line":27,"column":53},"end":{"line":32,"column":3}},"line":27},"4":{"name":"(anonymous_4)","decl":{"start":{"line":28,"column":19},"end":{"line":28,"column":20}},"loc":{"start":{"line":28,"column":28},"end":{"line":31,"column":5}},"line":28},"5":{"name":"(anonymous_5)","decl":{"start":{"line":30,"column":32},"end":{"line":30,"column":33}},"loc":{"start":{"line":30,"column":41},"end":{"line":30,"column":64}},"line":30},"6":{"name":"(anonymous_6)","decl":{"start":{"line":34,"column":29},"end":{"line":34,"column":30}},"loc":{"start":{"line":34,"column":40},"end":{"line":63,"column":3}},"line":34},"7":{"name":"(anonymous_7)","decl":{"start":{"line":37,"column":47},"end":{"line":37,"column":48}},"loc":{"start":{"line":37,"column":55},"end":{"line":37,"column":99}},"line":37},"8":{"name":"(anonymous_8)","decl":{"start":{"line":49,"column":58},"end":{"line":49,"column":59}},"loc":{"start":{"line":49,"column":64},"end":{"line":49,"column":88}},"line":49},"9":{"name":"(anonymous_9)","decl":{"start":{"line":65,"column":24},"end":{"line":65,"column":25}},"loc":{"start":{"line":65,"column":30},"end":{"line":352,"column":3}},"line":65},"10":{"name":"(anonymous_10)","decl":{"start":{"line":103,"column":45},"end":{"line":103,"column":46}},"loc":{"start":{"line":104,"column":22},"end":{"line":118,"column":28}},"line":104},"11":{"name":"(anonymous_11)","decl":{"start":{"line":108,"column":35},"end":{"line":108,"column":36}},"loc":{"start":{"line":108,"column":41},"end":{"line":108,"column":66}},"line":108},"12":{"name":"(anonymous_12)","decl":{"start":{"line":114,"column":35},"end":{"line":114,"column":36}},"loc":{"start":{"line":114,"column":41},"end":{"line":114,"column":76}},"line":114},"13":{"name":"(anonymous_13)","decl":{"start":{"line":125,"column":34},"end":{"line":125,"column":35}},"loc":{"start":{"line":125,"column":41},"end":{"line":130,"column":23}},"line":125},"14":{"name":"(anonymous_14)","decl":{"start":{"line":152,"column":49},"end":{"line":152,"column":50}},"loc":{"start":{"line":153,"column":22},"end":{"line":167,"column":28}},"line":153},"15":{"name":"(anonymous_15)","decl":{"start":{"line":157,"column":35},"end":{"line":157,"column":36}},"loc":{"start":{"line":157,"column":41},"end":{"line":157,"column":66}},"line":157},"16":{"name":"(anonymous_16)","decl":{"start":{"line":163,"column":35},"end":{"line":163,"column":36}},"loc":{"start":{"line":163,"column":41},"end":{"line":163,"column":80}},"line":163},"17":{"name":"(anonymous_17)","decl":{"start":{"line":174,"column":34},"end":{"line":174,"column":35}},"loc":{"start":{"line":174,"column":41},"end":{"line":179,"column":23}},"line":174},"18":{"name":"(anonymous_18)","decl":{"start":{"line":201,"column":47},"end":{"line":201,"column":48}},"loc":{"start":{"line":202,"column":22},"end":{"line":216,"column":28}},"line":202},"19":{"name":"(anonymous_19)","decl":{"start":{"line":206,"column":35},"end":{"line":206,"column":36}},"loc":{"start":{"line":206,"column":41},"end":{"line":206,"column":66}},"line":206},"20":{"name":"(anonymous_20)","decl":{"start":{"line":212,"column":35},"end":{"line":212,"column":36}},"loc":{"start":{"line":212,"column":41},"end":{"line":212,"column":78}},"line":212},"21":{"name":"(anonymous_21)","decl":{"start":{"line":223,"column":34},"end":{"line":223,"column":35}},"loc":{"start":{"line":223,"column":41},"end":{"line":228,"column":23}},"line":223},"22":{"name":"(anonymous_22)","decl":{"start":{"line":363,"column":18},"end":{"line":363,"column":19}},"loc":{"start":{"line":364,"column":10},"end":{"line":371,"column":19}},"line":364},"23":{"name":"(anonymous_23)","decl":{"start":{"line":367,"column":21},"end":{"line":367,"column":22}},"loc":{"start":{"line":367,"column":27},"end":{"line":367,"column":47}},"line":367}},"branchMap":{"0":{"loc":{"start":{"line":20,"column":4},"end":{"line":20,"column":23}},"type":"if","locations":[{"start":{"line":20,"column":4},"end":{"line":20,"column":23}},{"start":{},"end":{}}],"line":20},"1":{"loc":{"start":{"line":23,"column":19},"end":{"line":23,"column":35}},"type":"binary-expr","locations":[{"start":{"line":23,"column":19},"end":{"line":23,"column":29}},{"start":{"line":23,"column":33},"end":{"line":23,"column":35}}],"line":23},"2":{"loc":{"start":{"line":66,"column":4},"end":{"line":351,"column":5}},"type":"switch","locations":[{"start":{"line":67,"column":6},"end":{"line":235,"column":10}},{"start":{"line":237,"column":6},"end":{"line":271,"column":10}},{"start":{"line":273,"column":6},"end":{"line":309,"column":10}},{"start":{"line":311,"column":6},"end":{"line":347,"column":10}},{"start":{"line":349,"column":6},"end":{"line":350,"column":20}}],"line":66},"3":{"loc":{"start":{"line":126,"column":24},"end":{"line":129,"column":25}},"type":"if","locations":[{"start":{"line":126,"column":24},"end":{"line":129,"column":25}},{"start":{},"end":{}}],"line":126},"4":{"loc":{"start":{"line":175,"column":24},"end":{"line":178,"column":25}},"type":"if","locations":[{"start":{"line":175,"column":24},"end":{"line":178,"column":25}},{"start":{},"end":{}}],"line":175},"5":{"loc":{"start":{"line":224,"column":24},"end":{"line":227,"column":25}},"type":"if","locations":[{"start":{"line":224,"column":24},"end":{"line":227,"column":25}},{"start":{},"end":{}}],"line":224},"6":{"loc":{"start":{"line":366,"column":40},"end":{"line":366,"column":81}},"type":"cond-expr","locations":[{"start":{"line":366,"column":63},"end":{"line":366,"column":76}},{"start":{"line":366,"column":79},"end":{"line":366,"column":81}}],"line":366},"7":{"loc":{"start":{"line":379,"column":7},"end":{"line":383,"column":7}},"type":"binary-expr","locations":[{"start":{"line":379,"column":7},"end":{"line":379,"column":22}},{"start":{"line":380,"column":8},"end":{"line":382,"column":14}}],"line":379}},"s":{"0":0,"1":0,"2":0,"3":0,"4":0,"5":0,"6":0,"7":0,"8":0,"9":0,"10":0,"11":0,"12":0,"13":0,"14":0,"15":0,"16":0,"17":0,"18":0,"19":0,"20":0,"21":0,"22":0,"23":0,"24":0,"25":0,"26":0,"27":0,"28":0,"29":0,"30":0,"31":0,"32":0,"33":0,"34":0,"35":0,"36":0,"37":0,"38":0,"39":0,"40":0,"41":0,"42":0,"43":0,"44":0,"45":0,"46":0},"f":{"0":0,"1":0,"2":0,"3":0,"4":0,"5":0,"6":0,"7":0,"8":0,"9":0,"10":0,"11":0,"12":0,"13":0,"14":0,"15":0,"16":0,"17":0,"18":0,"19":0,"20":0,"21":0,"22":0,"23":0},"b":{"0":[0,0],"1":[0,0],"2":[0,0,0,0,0],"3":[0,0],"4":[0,0],"5":[0,0],"6":[0,0],"7":[0,0]}}
,"/Users/tucian/Proiecte/hotel-management/src/components/Assistants/AssistantsView.jsx": {"path":"/Users/tucian/Proiecte/hotel-management/src/components/Assistants/AssistantsView.jsx","statementMap":{"0":{"start":{"line":5,"column":23},"end":{"line":353,"column":1}},"1":{"start":{"line":6,"column":65},"end":{"line":6,"column":84}},"2":{"start":{"line":7,"column":38},"end":{"line":7,"column":53}},"3":{"start":{"line":8,"column":38},"end":{"line":12,"column":4}},"4":{"start":{"line":14,"column":23},"end":{"line":16,"column":3}},"5":{"start":{"line":15,"column":4},"end":{"line":15,"column":33}},"6":{"start":{"line":18,"column":29},"end":{"line":20,"column":3}},"7":{"start":{"line":19,"column":4},"end":{"line":19,"column":47}},"8":{"start":{"line":22,"column":29},"end":{"line":24,"column":3}},"9":{"start":{"line":23,"column":4},"end":{"line":23,"column":51}},"10":{"start":{"line":26,"column":23},"end":{"line":31,"column":3}},"11":{"start":{"line":27,"column":4},"end":{"line":30,"column":8}},"12":{"start":{"line":27,"column":27},"end":{"line":30,"column":5}},"13":{"start":{"line":33,"column":2},"end":{"line":352,"column":4}},"14":{"start":{"line":58,"column":31},"end":{"line":58,"column":54}},"15":{"start":{"line":66,"column":34},"end":{"line":66,"column":61}},"16":{"start":{"line":82,"column":39},"end":{"line":82,"column":88}},"17":{"start":{"line":87,"column":37},"end":{"line":87,"column":63}},"18":{"start":{"line":99,"column":39},"end":{"line":99,"column":107}},"19":{"start":{"line":152,"column":31},"end":{"line":152,"column":55}},"20":{"start":{"line":160,"column":34},"end":{"line":160,"column":58}},"21":{"start":{"line":176,"column":39},"end":{"line":176,"column":85}},"22":{"start":{"line":181,"column":37},"end":{"line":181,"column":63}},"23":{"start":{"line":193,"column":39},"end":{"line":193,"column":102}},"24":{"start":{"line":204,"column":39},"end":{"line":204,"column":100}},"25":{"start":{"line":210,"column":39},"end":{"line":210,"column":98}},"26":{"start":{"line":262,"column":31},"end":{"line":262,"column":56}},"27":{"start":{"line":270,"column":34},"end":{"line":270,"column":59}},"28":{"start":{"line":286,"column":39},"end":{"line":288,"column":24}},"29":{"start":{"line":298,"column":37},"end":{"line":300,"column":22}},"30":{"start":{"line":310,"column":37},"end":{"line":312,"column":22}}},"fnMap":{"0":{"name":"(anonymous_0)","decl":{"start":{"line":5,"column":23},"end":{"line":5,"column":24}},"loc":{"start":{"line":5,"column":29},"end":{"line":353,"column":1}},"line":5},"1":{"name":"(anonymous_1)","decl":{"start":{"line":14,"column":23},"end":{"line":14,"column":24}},"loc":{"start":{"line":14,"column":40},"end":{"line":16,"column":3}},"line":14},"2":{"name":"(anonymous_2)","decl":{"start":{"line":18,"column":29},"end":{"line":18,"column":30}},"loc":{"start":{"line":18,"column":54},"end":{"line":20,"column":3}},"line":18},"3":{"name":"(anonymous_3)","decl":{"start":{"line":22,"column":29},"end":{"line":22,"column":30}},"loc":{"start":{"line":22,"column":54},"end":{"line":24,"column":3}},"line":22},"4":{"name":"(anonymous_4)","decl":{"start":{"line":26,"column":23},"end":{"line":26,"column":24}},"loc":{"start":{"line":26,"column":40},"end":{"line":31,"column":3}},"line":26},"5":{"name":"(anonymous_5)","decl":{"start":{"line":27,"column":18},"end":{"line":27,"column":19}},"loc":{"start":{"line":27,"column":27},"end":{"line":30,"column":5}},"line":27},"6":{"name":"(anonymous_6)","decl":{"start":{"line":58,"column":25},"end":{"line":58,"column":26}},"loc":{"start":{"line":58,"column":31},"end":{"line":58,"column":54}},"line":58},"7":{"name":"(anonymous_7)","decl":{"start":{"line":66,"column":28},"end":{"line":66,"column":29}},"loc":{"start":{"line":66,"column":34},"end":{"line":66,"column":61}},"line":66},"8":{"name":"(anonymous_8)","decl":{"start":{"line":82,"column":32},"end":{"line":82,"column":33}},"loc":{"start":{"line":82,"column":39},"end":{"line":82,"column":88}},"line":82},"9":{"name":"(anonymous_9)","decl":{"start":{"line":87,"column":31},"end":{"line":87,"column":32}},"loc":{"start":{"line":87,"column":37},"end":{"line":87,"column":63}},"line":87},"10":{"name":"(anonymous_10)","decl":{"start":{"line":99,"column":32},"end":{"line":99,"column":33}},"loc":{"start":{"line":99,"column":39},"end":{"line":99,"column":107}},"line":99},"11":{"name":"(anonymous_11)","decl":{"start":{"line":152,"column":25},"end":{"line":152,"column":26}},"loc":{"start":{"line":152,"column":31},"end":{"line":152,"column":55}},"line":152},"12":{"name":"(anonymous_12)","decl":{"start":{"line":160,"column":28},"end":{"line":160,"column":29}},"loc":{"start":{"line":160,"column":34},"end":{"line":160,"column":58}},"line":160},"13":{"name":"(anonymous_13)","decl":{"start":{"line":176,"column":32},"end":{"line":176,"column":33}},"loc":{"start":{"line":176,"column":39},"end":{"line":176,"column":85}},"line":176},"14":{"name":"(anonymous_14)","decl":{"start":{"line":181,"column":31},"end":{"line":181,"column":32}},"loc":{"start":{"line":181,"column":37},"end":{"line":181,"column":63}},"line":181},"15":{"name":"(anonymous_15)","decl":{"start":{"line":193,"column":32},"end":{"line":193,"column":33}},"loc":{"start":{"line":193,"column":39},"end":{"line":193,"column":102}},"line":193},"16":{"name":"(anonymous_16)","decl":{"start":{"line":204,"column":32},"end":{"line":204,"column":33}},"loc":{"start":{"line":204,"column":39},"end":{"line":204,"column":100}},"line":204},"17":{"name":"(anonymous_17)","decl":{"start":{"line":210,"column":32},"end":{"line":210,"column":33}},"loc":{"start":{"line":210,"column":39},"end":{"line":210,"column":98}},"line":210},"18":{"name":"(anonymous_18)","decl":{"start":{"line":262,"column":25},"end":{"line":262,"column":26}},"loc":{"start":{"line":262,"column":31},"end":{"line":262,"column":56}},"line":262},"19":{"name":"(anonymous_19)","decl":{"start":{"line":270,"column":28},"end":{"line":270,"column":29}},"loc":{"start":{"line":270,"column":34},"end":{"line":270,"column":59}},"line":270},"20":{"name":"(anonymous_20)","decl":{"start":{"line":286,"column":32},"end":{"line":286,"column":33}},"loc":{"start":{"line":286,"column":39},"end":{"line":288,"column":24}},"line":286},"21":{"name":"(anonymous_21)","decl":{"start":{"line":298,"column":30},"end":{"line":298,"column":31}},"loc":{"start":{"line":298,"column":37},"end":{"line":300,"column":22}},"line":298},"22":{"name":"(anonymous_22)","decl":{"start":{"line":310,"column":30},"end":{"line":310,"column":31}},"loc":{"start":{"line":310,"column":37},"end":{"line":312,"column":22}},"line":310}},"branchMap":{"0":{"loc":{"start":{"line":50,"column":64},"end":{"line":50,"column":136}},"type":"cond-expr","locations":[{"start":{"line":50,"column":98},"end":{"line":50,"column":114}},{"start":{"line":50,"column":117},"end":{"line":50,"column":136}}],"line":50},"1":{"loc":{"start":{"line":51,"column":55},"end":{"line":51,"column":114}},"type":"cond-expr","locations":[{"start":{"line":51,"column":89},"end":{"line":51,"column":99}},{"start":{"line":51,"column":102},"end":{"line":51,"column":114}}],"line":51},"2":{"loc":{"start":{"line":60,"column":17},"end":{"line":60,"column":77}},"type":"cond-expr","locations":[{"start":{"line":60,"column":38},"end":{"line":60,"column":60}},{"start":{"line":60,"column":63},"end":{"line":60,"column":77}}],"line":60},"3":{"loc":{"start":{"line":73,"column":11},"end":{"line":106,"column":11}},"type":"binary-expr","locations":[{"start":{"line":73,"column":11},"end":{"line":73,"column":29}},{"start":{"line":74,"column":12},"end":{"line":105,"column":18}}],"line":73},"4":{"loc":{"start":{"line":80,"column":28},"end":{"line":80,"column":60}},"type":"cond-expr","locations":[{"start":{"line":80,"column":41},"end":{"line":80,"column":47}},{"start":{"line":80,"column":50},"end":{"line":80,"column":60}}],"line":80},"5":{"loc":{"start":{"line":81,"column":29},"end":{"line":81,"column":71}},"type":"binary-expr","locations":[{"start":{"line":81,"column":29},"end":{"line":81,"column":65}},{"start":{"line":81,"column":69},"end":{"line":81,"column":71}}],"line":81},"6":{"loc":{"start":{"line":89,"column":23},"end":{"line":89,"column":53}},"type":"cond-expr","locations":[{"start":{"line":89,"column":36},"end":{"line":89,"column":41}},{"start":{"line":89,"column":44},"end":{"line":89,"column":53}}],"line":89},"7":{"loc":{"start":{"line":144,"column":64},"end":{"line":144,"column":134}},"type":"cond-expr","locations":[{"start":{"line":144,"column":96},"end":{"line":144,"column":112}},{"start":{"line":144,"column":115},"end":{"line":144,"column":134}}],"line":144},"8":{"loc":{"start":{"line":145,"column":55},"end":{"line":145,"column":112}},"type":"cond-expr","locations":[{"start":{"line":145,"column":87},"end":{"line":145,"column":97}},{"start":{"line":145,"column":100},"end":{"line":145,"column":112}}],"line":145},"9":{"loc":{"start":{"line":154,"column":17},"end":{"line":154,"column":78}},"type":"cond-expr","locations":[{"start":{"line":154,"column":39},"end":{"line":154,"column":61}},{"start":{"line":154,"column":64},"end":{"line":154,"column":78}}],"line":154},"10":{"loc":{"start":{"line":159,"column":27},"end":{"line":159,"column":65}},"type":"binary-expr","locations":[{"start":{"line":159,"column":27},"end":{"line":159,"column":56}},{"start":{"line":159,"column":60},"end":{"line":159,"column":65}}],"line":159},"11":{"loc":{"start":{"line":167,"column":11},"end":{"line":216,"column":11}},"type":"binary-expr","locations":[{"start":{"line":167,"column":11},"end":{"line":167,"column":30}},{"start":{"line":168,"column":12},"end":{"line":215
[...]
,"/Users/tucian/Proiecte/hotel-management/src/utils/chatSuggestions.js": {"path":"/Users/tucian/Proiecte/hotel-management/src/utils/chatSuggestions.js","statementMap":{"0":{"start":{"line":1,"column":34},"end":{"line":27,"column":1}}},"fnMap":{},"branchMap":{},"s":{"0":0},"f":{},"b":{}}
,"/Users/tucian/Proiecte/hotel-management/src/views/Dashboard.jsx": {"path":"/Users/tucian/Proiecte/hotel-management/src/views/Dashboard.jsx","statementMap":{"0":{"start":{"line":8,"column":18},"end":{"line":103,"column":1}},"1":{"start":{"line":9,"column":31},"end":{"line":9,"column":45}},"2":{"start":{"line":10,"column":38},"end":{"line":10,"column":53}},"3":{"start":{"line":11,"column":38},"end":{"line":11,"column":74}},"4":{"start":{"line":12,"column":23},"end":{"line":12,"column":35}},"5":{"start":{"line":13,"column":19},"end":{"line":13,"column":28}},"6":{"start":{"line":14,"column":23},"end":{"line":14,"column":32}},"7":{"start":{"line":17,"column":2},"end":{"line":19,"column":25}},"8":{"start":{"line":18,"column":4},"end":{"line":18,"column":46}},"9":{"start":{"line":21,"column":26},"end":{"line":27,"column":8}},"10":{"start":{"line":22,"column":4},"end":{"line":22,"column":24}},"11":{"start":{"line":23,"column":4},"end":{"line":23,"column":33}},"12":{"start":{"line":24,"column":4},"end":{"line":24,"column":78}},"13":{"start":{"line":25,"column":4},"end":{"line":25,"column":46}},"14":{"start":{"line":26,"column":4},"end":{"line":26,"column":44}},"15":{"start":{"line":29,"column":26},"end":{"line":40,"column":18}},"16":{"start":{"line":30,"column":4},"end":{"line":30,"column":28}},"17":{"start":{"line":30,"column":21},"end":{"line":30,"column":28}},"18":{"start":{"line":32,"column":19},"end":{"line":32,"column":47}},"19":{"start":{"line":33,"column":27},"end":{"line":33,"column":73}},"20":{"start":{"line":34,"column":21},"end":{"line":34,"column":77}},"21":{"start":{"line":37,"column":4},"end":{"line":39,"column":5}},"22":{"start":{"line":38,"column":6},"end":{"line":38,"column":30}},"23":{"start":{"line":42,"column":24},"end":{"line":46,"column":8}},"24":{"start":{"line":43,"column":4},"end":{"line":43,"column":25}},"25":{"start":{"line":44,"column":4},"end":{"line":44,"column":36}},"26":{"start":{"line":45,"column":4},"end":{"line":45,"column":40}},"27":{"start":{"line":49,"column":2},"end":{"line":58,"column":51}},"28":{"start":{"line":50,"column":4},"end":{"line":57,"column":5}},"29":{"start":{"line":51,"column":6},"end":{"line":51,"column":60}},"30":{"start":{"line":52,"column":6},"end":{"line":52,"column":56}},"31":{"start":{"line":53,"column":6},"end":{"line":56,"column":8}},"32":{"start":{"line":54,"column":8},"end":{"line":54,"column":65}},"33":{"start":{"line":55,"column":8},"end":{"line":55,"column":61}},"34":{"start":{"line":62,"column":29},"end":{"line":62,"column":81}},"35":{"start":{"line":63,"column":24},"end":{"line":63,"column":28}},"36":{"start":{"line":73,"column":2},"end":{"line":102,"column":4}}},"fnMap":{"0":{"name":"(anonymous_0)","decl":{"start":{"line":8,"column":18},"end":{"line":8,"column":19}},"loc":{"start":{"line":8,"column":24},"end":{"line":103,"column":1}},"line":8},"1":{"name":"(anonymous_1)","decl":{"start":{"line":17,"column":18},"end":{"line":17,"column":19}},"loc":{"start":{"line":17,"column":24},"end":{"line":19,"column":3}},"line":17},"2":{"name":"(anonymous_2)","decl":{"start":{"line":21,"column":38},"end":{"line":21,"column":39}},"loc":{"start":{"line":21,"column":45},"end":{"line":27,"column":3}},"line":21},"3":{"name":"(anonymous_3)","decl":{"start":{"line":29,"column":38},"end":{"line":29,"column":39}},"loc":{"start":{"line":29,"column":45},"end":{"line":40,"column":3}},"line":29},"4":{"name":"(anonymous_4)","decl":{"start":{"line":42,"column":36},"end":{"line":42,"column":37}},"loc":{"start":{"line":42,"column":42},"end":{"line":46,"column":3}},"line":42},"5":{"name":"(anonymous_5)","decl":{"start":{"line":49,"column":18},"end":{"line":49,"column":19}},"loc":{"start":{"line":49,"column":24},"end":{"line":58,"column":3}},"line":49},"6":{"name":"(anonymous_6)","decl":{"start":{"line":53,"column":13},"end":{"line":53,"column":14}},"loc":{"start":{"line":53,"column":19},"end":{"line":56,"column":7}},"line":53}},"branchMap":{"0":{"loc":{"start":{"line":11,"column":47},"end":{"line":11,"column":73}},"type":"cond-expr","locations":[{"start":{"line":11,"column":66},"end":{"line":11,"column":68}},{"start":{"line":11,"column":71},"end":{"line":11,"column":73}}],"line":11},"1":{"loc":{"start":{"line":18,"column":18},"end":{"line":18,"column":44}},"type":"cond-expr","locations":[{"start":{"line":18,"column":37},"end":{"line":18,"column":39}},{"start":{"line":18,"column":42},"end":{"line":18,"column":44}}],"line":18},"2":{"loc":{"start":{"line":30,"column":4},"end":{"line":30,"column":28}},"type":"if","locations":[{"start":{"line":30,"column":4},"end":{"line":30,"column":28}},{"start":{},"end":{}}],"line":30},"3":{"loc":{"start":{"line":37,"column":4},"end":{"line":39,"column":5}},"type":"if","locations":[{"start":{"line":37,"column":4},"end":{"line":39,"column":5}},{"start":{},"end":{}}],"line":37},"4":{"loc":{"start":{"line":37,"column":8},"end":{"line":37,"column":40}},"type":"binary-expr","locations":[{"start":{"line":37,"column":8},"end":{"line":37,"column":22}},{"start":{"line":37,"column":26},"end":{"line":37,"column":40}}],"line":37},"5":{"loc":{"start":{"line":50,"column":4},"end":{"line":57,"column":5}},"type":"if","locations":[{"start":{"line":50,"column":4},"end":{"line":57,"column":5}},{"start":{},"end":{}}],"line":50},"6":{"loc":{"start":{"line":62,"column":29},"end":{"line":62,"column":81}},"type":"cond-expr","locations":[{"start":{"line":62,"column":48},"end":{"line":62,"column":60}},{"start":{"line":62,"column":63},"end":{"line":62,"column":81}}],"line":62},"7":{"loc":{"start":{"line":76,"column":46},"end":{"line":76,"column":87}},"type":"cond-expr","locations":[{"start":{"line":76,"column":62},"end":{"line":76,"column":82}},{"start":{"line":76,"column":85},"end":{"line":76,"column":87}}],"line":76},"8":{"loc":{"start":{"line":77,"column":24},"end":{"line":77,"column":65}},"type":"cond-expr","locations":[{"start":{"line":77,"column":40},"end":{"line":77,"column":56}},{"start":{"line":77,"column":59},"end":{"line":77,"column":65}}],"line":77},"9":{"loc":{"start":{"line":83,"column":7},"end":{"line":100,"column":7}},"type":"binary-expr","locations":[{"start":{"line":83,"column":7},"end":{"line":83,"column":20}},{"start":{"line":84,"column":8},"end":{"line":99,"column":11}}],"line":83}},"s":{"0":0,"1":0,"2":0,"3":0,"4":0,"5":0,"6":0,"7":0,"8":0,"9":0,"10":0,"11":0,"12":0,"13":0,"14":0,"15":0,"16":0,"17":0,"18":0,"19":0,"20":0,"21":0,"22":0,"23":0,"24":0,"25":0,"26":0,"27":0,"28":0,"29":0,"30":0,"31":0,"32":0,"33":0,"34":0,"35":0,"36":0},"f":{"0":0,"1":0,"2":0,"3":0,"4":0,"5":0,"6":0},"b":{"0":[0,0],"1":[0,0],"2":[0,0],"3":[0,0],"4":[0,0],"5":[0,0],"6":[0,0],"7":[0,0],"8":[0,0],"9":[0,0]}}
,"/Users/tucian/Proiecte/hotel-management/src/views/HomePage.jsx": {"path":"/Users/tucian/Proiecte/hotel-management/src/views/HomePage.jsx","statementMap":{"0":{"start":{"line":13,"column":18},"end":{"line":13,"column":33}},"1":{"start":{"line":14,"column":23},"end":{"line":14,"column":34}},"2":{"start":{"line":15,"column":21},"end":{"line":18,"column":5}},"3":{"start":{"line":20,"column":2},"end":{"line":56,"column":4}}},"fnMap":{"0":{"name":"HomePage","decl":{"start":{"line":11,"column":9},"end":{"line":11,"column":17}},"loc":{"start":{"line":11,"column":20},"end":{"line":57,"column":1}},"line":11}},"branchMap":{},"s":{"0":0,"1":0,"2":0,"3":0},"f":{"0":0},"b":{}}
,"/Users/tucian/Proiecte/hotel-management/src/workers/WebSocketWorker.js": {"path":"/Users/tucian/Proiecte/hotel-management/src/workers/WebSocketWorker.js","statementMap":{"0":{"start":{"line":25,"column":19},"end":{"line":25,"column":49}},"1":{"start":{"line":26,"column":13},"end":{"line":26,"column":17}},"2":{"start":{"line":27,"column":24},"end":{"line":27,"column":25}},"3":{"start":{"line":28,"column":31},"end":{"line":28,"column":32}},"4":{"start":{"line":29,"column":27},"end":{"line":29,"column":31}},"5":{"start":{"line":30,"column":27},"end":{"line":30,"column":31}},"6":{"start":{"line":32,"column":28},"end":{"line":32,"column":36}},"7":{"start":{"line":39,"column":25},"end":{"line":117,"column":1}},"8":{"start":{"line":41,"column":2},"end":{"line":44,"column":3}},"9":{"start":{"line":42,"column":6},"end":{"line":42,"column":92}},"10":{"start":{"line":43,"column":6},"end":{"line":43,"column":13}},"11":{"start":{"line":46,"column":2},"end":{"line":46,"column":74}},"12":{"start":{"line":47,"column":2},"end":{"line":47,"column":37}},"13":{"start":{"line":50,"column":2},"end":{"line":60,"column":4}},"14":{"start":{"line":51,"column":4},"end":{"line":51,"column":58}},"15":{"start":{"line":54,"column":4},"end":{"line":57,"column":5}},"16":{"start":{"line":55,"column":6},"end":{"line":55,"column":41}},"17":{"start":{"line":56,"column":6},"end":{"line":56,"column":83}},"18":{"start":{"line":59,"column":4},"end":{"line":59,"column":26}},"19":{"start":{"line":63,"column":2},"end":{"line":86,"column":4}},"20":{"start":{"line":64,"column":4},"end":{"line":64,"column":53}},"21":{"start":{"line":65,"column":4},"end":{"line":65,"column":41}},"22":{"start":{"line":67,"column":4},"end":{"line":83,"column":5}},"23":{"start":{"line":68,"column":25},"end":{"line":68,"column":47}},"24":{"start":{"line":71,"column":6},"end":{"line":78,"column":7}},"25":{"start":{"line":72,"column":9},"end":{"line":72,"column":49}},"26":{"start":{"line":74,"column":9},"end":{"line":74,"column":33}},"27":{"start":{"line":76,"column":9},"end":{"line":76,"column":115}},"28":{"start":{"line":80,"column":6},"end":{"line":80,"column":81}},"29":{"start":{"line":81,"column":6},"end":{"line":81,"column":59}},"30":{"start":{"line":85,"column":4},"end":{"line":85,"column":23}},"31":{"start":{"line":89,"column":2},"end":{"line":108,"column":4}},"32":{"start":{"line":90,"column":4},"end":{"line":90,"column":99}},"33":{"start":{"line":93,"column":4},"end":{"line":96,"column":5}},"34":{"start":{"line":94,"column":6},"end":{"line":94,"column":44}},"35":{"start":{"line":95,"column":6},"end":{"line":95,"column":86}},"36":{"start":{"line":98,"column":4},"end":{"line":98,"column":18}},"37":{"start":{"line":101,"column":4},"end":{"line":107,"column":5}},"38":{"start":{"line":102,"column":6},"end":{"line":102,"column":26}},"39":{"start":{"line":103,"column":6},"end":{"line":103,"column":137}},"40":{"start":{"line":104,"column":6},"end":{"line":104,"column":55}},"41":{"start":{"line":106,"column":6},"end":{"line":106,"column":127}},"42":{"start":{"line":111,"column":2},"end":{"line":116,"column":4}},"43":{"start":{"line":114,"column":4},"end":{"line":114,"column":68}},"44":{"start":{"line":122,"column":0},"end":{"line":122,"column":19}},"45":{"start":{"line":131,"column":0},"end":{"line":182,"column":2}},"46":{"start":{"line":133,"column":2},"end":{"line":136,"column":3}},"47":{"start":{"line":134,"column":4},"end":{"line":134,"column":89}},"48":{"start":{"line":135,"column":4},"end":{"line":135,"column":11}},"49":{"start":{"line":138,"column":2},"end":{"line":138,"column":70}},"50":{"start":{"line":140,"column":28},"end":{"line":140,"column":38}},"51":{"start":{"line":143,"column":2},"end":{"line":181,"column":3}},"52":{"start":{"line":144,"column":4},"end":{"line":153,"column":5}},"53":{"start":{"line":145,"column":6},"end":{"line":145,"column":76}},"54":{"start":{"line":146,"column":6},"end":{"line":146,"column":25}},"55":{"start":{"line":148,"column":7},"end":{"line":148,"column":93}},"56":{"start":{"line":150,"column":7},"end":{"line":152,"column":8}},"57":{"start":{"line":151,"column":10},"end":{"line":151,"column":87}},"58":{"start":{"line":156,"column":7},"end":{"line":181,"column":3}},"59":{"start":{"line":157,"column":4},"end":{"line":176,"column":5}},"60":{"start":{"line":159,"column":6},"end":{"line":169,"column":7}},"61":{"start":{"line":160,"column":8},"end":{"line":166,"column":9}},"62":{"start":{"line":161,"column":32},"end":{"line":161,"column":55}},"63":{"start":{"line":162,"column":10},"end":{"line":162,"column":82}},"64":{"start":{"line":163,"column":10},"end":{"line":163,"column":37}},"65":{"start":{"line":165,"column":10},"end":{"line":165,"column":94}},"66":{"start":{"line":168,"column":8},"end":{"line":168,"column":106}},"67":{"start":{"line":171,"column":6},"end":{"line":171,"column":89}},"68":{"start":{"line":172,"column":6},"end":{"line":175,"column":7}},"69":{"start":{"line":173,"column":8},"end":{"line":173,"column":89}},"70":{"start":{"line":174,"column":8},"end":{"line":174,"column":27}},"71":{"start":{"line":180,"column":6},"end":{"line":180,"column":92}}},"fnMap":{"0":{"name":"(anonymous_0)","decl":{"start":{"line":39,"column":25},"end":{"line":39,"column":26}},"loc":{"start":{"line":39,"column":31},"end":{"line":117,"column":1}},"line":39},"1":{"name":"(anonymous_1)","decl":{"start":{"line":50,"column":18},"end":{"line":50,"column":19}},"loc":{"start":{"line":50,"column":24},"end":{"line":60,"column":3}},"line":50},"2":{"name":"(anonymous_2)","decl":{"start":{"line":63,"column":21},"end":{"line":63,"column":22}},"loc":{"start":{"line":63,"column":32},"end":{"line":86,"column":3}},"line":63},"3":{"name":"(anonymous_3)","decl":{"start":{"line":89,"column":19},"end":{"line":89,"column":20}},"loc":{"start":{"line":89,"column":30},"end":{"line":108,"column":3}},"line":89},"4":{"name":"(anonymous_4)","decl":{"start":{"line":111,"column":19},"end":{"line":111,"column":20}},"loc":{"start":{"line":111,"column":30},"end":{"line":116,"column":3}},"line":111},"5":{"name":"(anonymous_5)","decl":{"start":{"line":131,"column":17},"end":{"line":131,"column":18}},"loc":{"start":{"line":131,"column":28},"end":{"line":182,"column":1}},"line":131}},"branchMap":{"0":{"loc":{"start":{"line":41,"column":2},"end":{"line":44,"column":3}},"type":"if","locations":[{"start":{"line":41,"column":2},"end":{"line":44,"column":3}},{"start":{},"end":{}}],"line":41},"1":{"loc":{"start":{"line":41,"column":6},"end":{"line":41,"column":100}},"type":"binary-expr","locations":[{"start":{"line":41,"column":6},"end":{"line":41,"column":12}},{"start":{"line":41,"column":17},"end":{"line":41,"column":53}},{"start":{"line":41,"column":57},"end":{"line":41,"column":99}}],"line":41},"2":{"loc":{"start":{"line":54,"column":4},"end":{"line":57,"column":5}},"type":"if","locations":[{"start":{"line":54,"column":4},"end":{"line":57,"column":5}},{"start":{},"end":{}}],"line":54},"3":{"loc":{"start":{"line":71,"column":6},"end":{"line":78,"column":7}},"type":"if","locations":[{"start":{"line":71,"column":6},"end":{"line":78,"column":7}},{"start":{"line":75,"column":13},"end":{"line":78,"column":7}}],"line":71},"4":{"loc":{"start":{"line":71,"column":10},"end":{"line":71,"column":82}},"type":"binary-expr","locations":[{"start":{"line":71,"column":10},"end":{"line":71,"column":40}},{"start":{"line":71,"column":44},"end":{"line":71,"column":63}},{"start":{"line":71,"column":67},"end":{"line":71,"column":82}}],"line":71},"5":{"loc":{"start":{"line":93,"column":4},"end":{"line":96,"column":5}},"type":"if","locations":[{"start":{"line":93,"column":4},"end":{"line":96,"column":5}},{"start":{},"end":{}}],"line":93},"6":{"loc":{"start":{"line":101,"column":4},"end":{"line":107,"column":5}},"type":"if","locations":[{"start":{"line":101,"column":4},"end":{"line":107,"column":5}},{"start":{"line":105,"column":11},"end":{"line":107,"column":5}}],"line":101},"7":{"loc":{"start":{"line":133,"column":2},"end":{"line":136,"column":3}},"type":"if","locations":[{"start":{"line":133,"column":2},"end":{"line":136,"column":3}},{"start":{},"end":{}}],"line":133},"8":{"loc":{"start":{"line":133,"column":6},"end":{"line":133,"column":37}},"type":"binary-expr","locations":[{"start":{"line":133,"column":6},"end":{"line":133,"column":17}},{"start":{"line":133,"column":21},"end":{"line":133,"column":37}}],"line":133},"9":{"loc":{"start":{"line":143,"column":2},"end":{"line":181,"column":3}},"type":"if","locations":[{"start":{"line":143,"column":2},"end":{"line":181,"column":3}},{"start":{"line":156,"column":7},"end":{"line":181,"column":3}}],"line":143},"10":{"loc":{"start":{"line":144,"column":4},"end":{"line":153,"column":5}},"type":"if","locations":[{"start":{"line":144,"column":4},"end":{"line":153,"column":5}},{"start":{"line":147,"column":11},"end":{"line":153,"column":5}}],"line":144},"11":{"loc":{"start":{"line":144,"column":8},"end":{"line":144,"column":100}},"type":"binary-expr","locations":[{"start":{"line":144,"column":8},"end":{"line":144,"column":15}},{"start":{"line":144,"column":19},"end":{"line":144,"column":57}},{"start":{"line":144,"column":61},"end":{"line":144,"column":100}}],"line":144},"12":{"loc":{"start":{"line":150,"column":7},"end":{"line":152,"column":8}},"type":"if","locations":[{"start":{"line":150,"column":7},"end":{"line":152,"column":8}},{"start":{},"end":{}}],"line":150},"13":{"loc":{"start":{"line":156,"column":7},"end":{"line":181,"column":3}},"type":"if","locations":[{"start":{"line":156,"column":7},"end":{"line":181,"column":3}},{"start":{"line":179,"column":7},"end":{"line":181,"column":3}}],"line":156},"14":{"loc":{"start":{"line":157,"column":4},"end":{"line":176,"column":5}},"type":"if","locations":[{"start":{"line":157,"column":4},"end":{"line":176,"column":5}},{"start":{"line":170,"column":11},"end":{"line":176,"column":5}}],"line":157},"15":{"loc":{"start":{"line":157,"column":8},"end":{"line":157,"column":54}},"type":"binary-expr","locations":[{"start":{"line":157,"column":8},"end":{"line":157,"column":14}},{"start":{"line":157,"column":18},"end":{"line":157,"column":54}}],"line":157},"16":{"loc":{"start":{"line":159,"column":6},"end":{"line":169,"column":7}},"type":"if","locations":[{"start":{"line":159,"column":6},"end":{"line":169,"column":7}},{"start":{"line":167,"column":13},"end":{"line":169,"column":7}}],"line":159},"17":{"loc":{"start":{"line":159,"column":10},"end":{"line":159,"column":57}},"type":"binary-expr","locations":[{"start":{"line":159,"column":10},"end":{"line":159,"column":37}},{"start":{"line":159,"column":41},"end":{"line":159,"column":57}}],"line":159},"18":{"loc":{"start":{"line":172,"column":6},"end":{"line":175,"column":7}},"type":"if","locations":[{"start":{"line":172,"column":6},"end":{"line":175,"column":7}},{"start":{},"end":{}}],"line":172},"19":{"loc":{"start":{"line":172,"column":10},"end":{"line":172,"column":59}},"type":"binary-expr","locations":[{"start":{"line":172,"column":10},"end":{"line":172,"column":17}},{"start":{"line":172,"column":21},"end":{"line":172,"column":59}}],"line":172}},"s":{"0":0,"1":0,"2":0,"3":0,"4":0,"5":0,"6":0,"7":0,"8":0,"9":0,"10":0,"11":0,"12":0,"13":0,"14":0,"15":0,"16":0,"17":0,"18":0,"19":0,"20":0,"21":0,"22":0,"23":0,"24":0,"25":0,"26":0,"27":0,"28":0,"29":0,"30":0,"31":0,"32":0,"33":0,"34":0,"35":0,"36":0,"37":0,"38":0,"39":0,"40":0,"41":0,"42":0,"43":0,"44":0,"45":0,"46":0,"47":0,"48":0,"49":0,"50":0,"51":0,"52":0,"53":0,"54":0,"55":0,"56":0,"57":0,"58":0,"59":0,"60":0,"61":0,"62":0,"63":0,"64":0,"65":0,"66":0,"67":0,"68":0,"69":0,"70":0,"71":0},"f":{"0":0,"1":0,"2":0,"3":0,"4":0,"5":0},"b":{"0":[0,0],"1":[0,0,0],"2":[0,0],"3":[0,0],"4":[0,0,0],"5":[0,0],"6":[0,0],"7":[0,0],"8":[0,0],"9":[0,0],"10":[0,0],"11":[0,0,0],"12":[0,0],"13":[0,0],"14":[0,0],"15":[0,0],"16":[0,0],"17":[0,0],"18":[0,0],"19":[0,0]}}
}
