{"/Users/tucian/Proiecte/hotel-management/src/App.jsx": {"path":"/Users/tucian/Proiecte/hotel-management/src/App.jsx","statementMap":{"0":{"start":{"line":14,"column":19},"end":{"line":14,"column":59}},"1":{"start":{"line":14,"column":30},"end":{"line":14,"column":58}},"2":{"start":{"line":16,"column":12},"end":{"line":39,"column":1}},"3":{"start":{"line":17,"column":2},"end":{"line":38,"column":4}}},"fnMap":{"0":{"name":"(anonymous_0)","decl":{"start":{"line":14,"column":24},"end":{"line":14,"column":25}},"loc":{"start":{"line":14,"column":30},"end":{"line":14,"column":58}},"line":14},"1":{"name":"(anonymous_1)","decl":{"start":{"line":16,"column":12},"end":{"line":16,"column":13}},"loc":{"start":{"line":16,"column":18},"end":{"line":39,"column":1}},"line":16}},"branchMap":{},"s":{"0":0,"1":0,"2":0,"3":0},"f":{"0":0,"1":0},"b":{}}
,"/Users/tucian/Proiecte/hotel-management/src/main.jsx": {"path":"/Users/tucian/Proiecte/hotel-management/src/main.jsx","statementMap":{"0":{"start":{"line":6,"column":0},"end":{"line":10,"column":2}}},"fnMap":{},"branchMap":{},"s":{"0":0},"f":{},"b":{}}
,"/Users/tucian/Proiecte/hotel-management/src/actions/automation.js": {"path":"/Users/tucian/Proiecte/hotel-management/src/actions/automation.js","statementMap":{"0":{"start":{"line":18,"column":34},"end":{"line":21,"column":1}},"1":{"start":{"line":19,"column":2},"end":{"line":19,"column":64}},"2":{"start":{"line":20,"column":2},"end":{"line":20,"column":64}},"3":{"start":{"line":31,"column":37},"end":{"line":34,"column":1}},"4":{"start":{"line":32,"column":2},"end":{"line":32,"column":63}},"5":{"start":{"line":33,"column":2},"end":{"line":33,"column":67}},"6":{"start":{"line":44,"column":29},"end":{"line":47,"column":1}},"7":{"start":{"line":45,"column":2},"end":{"line":45,"column":53}},"8":{"start":{"line":46,"column":2},"end":{"line":46,"column":65}}},"fnMap":{"0":{"name":"(anonymous_0)","decl":{"start":{"line":18,"column":34},"end":{"line":18,"column":35}},"loc":{"start":{"line":18,"column":40},"end":{"line":21,"column":1}},"line":18},"1":{"name":"(anonymous_1)","decl":{"start":{"line":31,"column":37},"end":{"line":31,"column":38}},"loc":{"start":{"line":31,"column":43},"end":{"line":34,"column":1}},"line":31},"2":{"name":"(anonymous_2)","decl":{"start":{"line":44,"column":29},"end":{"line":44,"column":30}},"loc":{"start":{"line":44,"column":35},"end":{"line":47,"column":1}},"line":44}},"branchMap":{},"s":{"0":1,"1":2,"2":2,"3":1,"4":2,"5":2,"6":1,"7":2,"8":2},"f":{"0":2,"1":2,"2":2},"b":{},"_coverageSchema":"1a1c01bbd47fc00a2c39e90264f33305004495a9","hash":"33569a932fc61201b8c74a119050d5056297ecf8"}
,"/Users/tucian/Proiecte/hotel-management/src/actions/chatActions.js": {"path":"/Users/tucian/Proiecte/hotel-management/src/actions/chatActions.js","statementMap":{"0":{"start":{"line":33,"column":30},"end":{"line":57,"column":1}},"1":{"start":{"line":34,"column":2},"end":{"line":34,"column":62}},"2":{"start":{"line":36,"column":17},"end":{"line":36,"column":41}},"3":{"start":{"line":38,"column":2},"end":{"line":42,"column":3}},"4":{"start":{"line":39,"column":4},"end":{"line":39,"column":64}},"5":{"start":{"line":40,"column":4},"end":{"line":40,"column":23}},"6":{"start":{"line":41,"column":4},"end":{"line":41,"column":11}},"7":{"start":{"line":45,"column":2},"end":{"line":53,"column":4}},"8":{"start":{"line":46,"column":4},"end":{"line":49,"column":5}},"9":{"start":{"line":47,"column":6},"end":{"line":47,"column":75}},"10":{"start":{"line":48,"column":6},"end":{"line":48,"column":13}},"11":{"start":{"line":52,"column":4},"end":{"line":52,"column":56}},"12":{"start":{"line":55,"column":2},"end":{"line":55,"column":71}},"13":{"start":{"line":56,"column":2},"end":{"line":56,"column":21}},"14":{"start":{"line":70,"column":33},"end":{"line":115,"column":1}},"15":{"start":{"line":71,"column":2},"end":{"line":71,"column":58}},"16":{"start":{"line":72,"column":2},"end":{"line":72,"column":43}},"17":{"start":{"line":74,"column":25},"end":{"line":74,"column":48}},"18":{"start":{"line":76,"column":2},"end":{"line":76,"column":46}},"19":{"start":{"line":79,"column":15},"end":{"line":79,"column":26}},"20":{"start":{"line":81,"column":2},"end":{"line":84,"column":3}},"21":{"start":{"line":82,"column":4},"end":{"line":82,"column":77}},"22":{"start":{"line":83,"column":4},"end":{"line":83,"column":38}},"23":{"start":{"line":86,"column":2},"end":{"line":112,"column":3}},"24":{"start":{"line":87,"column":4},"end":{"line":87,"column":48}},"25":{"start":{"line":90,"column":29},"end":{"line":93,"column":5}},"26":{"start":{"line":96,"column":19},"end":{"line":96,"column":86}},"27":{"start":{"line":98,"column":4},"end":{"line":100,"column":5}},"28":{"start":{"line":99,"column":6},"end":{"line":99,"column":53}},"29":{"start":{"line":102,"column":4},"end":{"line":102,"column":45}},"30":{"start":{"line":104,"column":4},"end":{"line":104,"column":68}},"31":{"start":{"line":105,"column":4},"end":{"line":108,"column":7}},"32":{"start":{"line":110,"column":4},"end":{"line":110,"column":55}},"33":{"start":{"line":111,"column":4},"end":{"line":111,"column":37}},"34":{"start":{"line":114,"column":2},"end":{"line":114,"column":21}},"35":{"start":{"line":123,"column":36},"end":{"line":132,"column":1}},"36":{"start":{"line":124,"column":17},"end":{"line":124,"column":28}},"37":{"start":{"line":126,"column":2},"end":{"line":129,"column":3}},"38":{"start":{"line":127,"column":4},"end":{"line":127,"column":81}},"39":{"start":{"line":128,"column":4},"end":{"line":128,"column":17}},"40":{"start":{"line":131,"column":2},"end":{"line":131,"column":76}},"41":{"start":{"line":141,"column":37},"end":{"line":150,"column":1}},"42":{"start":{"line":142,"column":17},"end":{"line":142,"column":28}},"43":{"start":{"line":144,"column":2},"end":{"line":147,"column":3}},"44":{"start":{"line":145,"column":4},"end":{"line":145,"column":82}},"45":{"start":{"line":146,"column":4},"end":{"line":146,"column":17}},"46":{"start":{"line":149,"column":2},"end":{"line":149,"column":83}}},"fnMap":{"0":{"name":"(anonymous_0)","decl":{"start":{"line":33,"column":30},"end":{"line":33,"column":31}},"loc":{"start":{"line":33,"column":42},"end":{"line":57,"column":1}},"line":33},"1":{"name":"(anonymous_1)","decl":{"start":{"line":45,"column":21},"end":{"line":45,"column":22}},"loc":{"start":{"line":45,"column":32},"end":{"line":53,"column":3}},"line":45},"2":{"name":"(anonymous_2)","decl":{"start":{"line":70,"column":33},"end":{"line":70,"column":34}},"loc":{"start":{"line":70,"column":52},"end":{"line":115,"column":1}},"line":70},"3":{"name":"(anonymous_3)","decl":{"start":{"line":123,"column":36},"end":{"line":123,"column":37}},"loc":{"start":{"line":123,"column":48},"end":{"line":132,"column":1}},"line":123},"4":{"name":"(anonymous_4)","decl":{"start":{"line":141,"column":37},"end":{"line":141,"column":38}},"loc":{"start":{"line":141,"column":55},"end":{"line":150,"column":1}},"line":141}},"branchMap":{"0":{"loc":{"start":{"line":38,"column":2},"end":{"line":42,"column":3}},"type":"if","locations":[{"start":{"line":38,"column":2},"end":{"line":42,"column":3}},{"start":{},"end":{}}],"line":38},"1":{"loc":{"start":{"line":46,"column":4},"end":{"line":49,"column":5}},"type":"if","locations":[{"start":{"line":46,"column":4},"end":{"line":49,"column":5}},{"start":{},"end":{}}],"line":46},"2":{"loc":{"start":{"line":46,"column":8},"end":{"line":46,"column":29}},"type":"binary-expr","locations":[{"start":{"line":46,"column":8},"end":{"line":46,"column":14}},{"start":{"line":46,"column":18},"end":{"line":46,"column":29}}],"line":46},"3":{"loc":{"start":{"line":81,"column":2},"end":{"line":84,"column":3}},"type":"if","locations":[{"start":{"line":81,"column":2},"end":{"line":84,"column":3}},{"start":{},"end":{}}],"line":81},"4":{"loc":{"start":{"line":98,"column":4},"end":{"line":100,"column":5}},"type":"if","locations":[{"start":{"line":98,"column":4},"end":{"line":100,"column":5}},{"start":{},"end":{}}],"line":98},"5":{"loc":{"start":{"line":126,"column":2},"end":{"line":129,"column":3}},"type":"if","locations":[{"start":{"line":126,"column":2},"end":{"line":129,"column":3}},{"start":{},"end":{}}],"line":126},"6":{"loc":{"start":{"line":144,"column":2},"end":{"line":147,"column":3}},"type":"if","locations":[{"start":{"line":144,"column":2},"end":{"line":147,"column":3}},{"start":{},"end":{}}],"line":144}},"s":{"0":1,"1":2,"2":2,"3":2,"4":1,"5":1,"6":1,"7":1,"8":1,"9":0,"10":0,"11":1,"12":1,"13":1,"14":1,"15":3,"16":3,"17":3,"18":3,"19":3,"20":3,"21":1,"22":1,"23":3,"24":3,"25":3,"26":3,"27":2,"28":2,"29":0,"30":3,"31":3,"32":3,"33":3,"34":3,"35":1,"36":2,"37":2,"38":1,"39":1,"40":1,"41":1,"42":2,"43":2,"44":1,"45":1,"46":1},"f":{"0":2,"1":1,"2":3,"3":2,"4":2},"b":{"0":[1,1],"1":[0,1],"2":[1,1],"3":[1,2],"4":[2,0],"5":[1,1],"6":[1,1]},"_coverageSchema":"1a1c01bbd47fc00a2c39e90264f33305004495a9","hash":"e7491bd1c1dadc178bd82ae73139d0f54cfe4d98"}
,"/Users/tucian/Proiecte/hotel-management/src/actions/index.js": {"path":"/Users/tucian/Proiecte/hotel-management/src/actions/index.js","statementMap":{},"fnMap":{},"branchMap":{},"s":{},"f":{},"b":{},"_coverageSchema":"1a1c01bbd47fc00a2c39e90264f33305004495a9","hash":"6419ee5c461306e1644cddee6b4024cb211bd8c0"}
,"/Users/tucian/Proiecte/hotel-management/src/actions/types.js": {"path":"/Users/tucian/Proiecte/hotel-management/src/actions/types.js","statementMap":{"0":{"start":{"line":11,"column":38},"end":{"line":23,"column":1}},"1":{"start":{"line":31,"column":38},"end":{"line":34,"column":1}},"2":{"start":{"line":42,"column":28},"end":{"line":66,"column":1}},"3":{"start":{"line":74,"column":30},"end":{"line":86,"column":1}},"4":{"start":{"line":94,"column":39},"end":{"line":111,"column":1}},"5":{"start":{"line":119,"column":35},"end":{"line":128,"column":1}},"6":{"start":{"line":136,"column":34},"end":{"line":145,"column":1}},"7":{"start":{"line":153,"column":27},"end":{"line":168,"column":1}},"8":{"start":{"line":176,"column":34},"end":{"line":194,"column":1}}},"fnMap":{},"branchMap":{},"s":{"0":1,"1":1,"2":1,"3":1,"4":1,"5":1,"6":1,"7":1,"8":1},"f":{},"b":{},"_coverageSchema":"1a1c01bbd47fc00a2c39e90264f33305004495a9","hash":"6e1b77a4e30600f1425b203b4a24f8005bfb43a6"}
,"/Users/tucian/Proiecte/hotel-management/src/actions/handlers/automationHandler.js": {"path":"/Users/tucian/Proiecte/hotel-management/src/actions/handlers/automationHandler.js","statementMap":{"0":{"start":{"line":15,"column":34},"end":{"line":70,"column":1}},"1":{"start":{"line":16,"column":2},"end":{"line":16,"column":67}},"2":{"start":{"line":17,"column":2},"end":{"line":17,"column":35}},"3":{"start":{"line":19,"column":2},"end":{"line":23,"column":3}},"4":{"start":{"line":20,"column":4},"end":{"line":20,"column":60}},"5":{"start":{"line":21,"column":4},"end":{"line":21,"column":23}},"6":{"start":{"line":22,"column":4},"end":{"line":22,"column":11}},"7":{"start":{"line":25,"column":25},"end":{"line":25,"column":48}},"8":{"start":{"line":28,"column":2},"end":{"line":51,"column":3}},"9":{"start":{"line":29,"column":4},"end":{"line":38,"column":7}},"10":{"start":{"line":40,"column":4},"end":{"line":40,"column":75}},"11":{"start":{"line":43,"column":7},"end":{"line":51,"column":3}},"12":{"start":{"line":44,"column":4},"end":{"line":48,"column":7}},"13":{"start":{"line":50,"column":4},"end":{"line":50,"column":76}},"14":{"start":{"line":54,"column":2},"end":{"line":67,"column":3}},"15":{"start":{"line":55,"column":4},"end":{"line":55,"column":43}},"16":{"start":{"line":58,"column":4},"end":{"line":66,"column":5}},"17":{"start":{"line":59,"column":55},"end":{"line":59,"column":78}},"18":{"start":{"line":62,"column":6},"end":{"line":62,"column":38}},"19":{"start":{"line":65,"column":6},"end":{"line":65,"column":63}},"20":{"start":{"line":69,"column":2},"end":{"line":69,"column":21}}},"fnMap":{"0":{"name":"(anonymous_0)","decl":{"start":{"line":15,"column":34},"end":{"line":15,"column":35}},"loc":{"start":{"line":15,"column":47},"end":{"line":70,"column":1}},"line":15}},"branchMap":{"0":{"loc":{"start":{"line":19,"column":2},"end":{"line":23,"column":3}},"type":"if","locations":[{"start":{"line":19,"column":2},"end":{"line":23,"column":3}},{"start":{},"end":{}}],"line":19},"1":{"loc":{"start":{"line":28,"column":2},"end":{"line":51,"column":3}},"type":"if","locations":[{"start":{"line":28,"column":2},"end":{"line":51,"column":3}},{"start":{"line":43,"column":7},"end":{"line":51,"column":3}}],"line":28},"2":{"loc":{"start":{"line":33,"column":15},"end":{"line":33,"column":70}},"type":"binary-expr","locations":[{"start":{"line":33,"column":15},"end":{"line":33,"column":41}},{"start":{"line":33,"column":45},"end":{"line":33,"column":70}}],"line":33},"3":{"loc":{"start":{"line":43,"column":7},"end":{"line":51,"column":3}},"type":"if","locations":[{"start":{"line":43,"column":7},"end":{"line":51,"column":3}},{"start":{},"end":{}}],"line":43},"4":{"loc":{"start":{"line":54,"column":2},"end":{"line":67,"column":3}},"type":"if","locations":[{"start":{"line":54,"column":2},"end":{"line":67,"column":3}},{"start":{},"end":{}}],"line":54},"5":{"loc":{"start":{"line":58,"column":4},"end":{"line":66,"column":5}},"type":"if","locations":[{"start":{"line":58,"column":4},"end":{"line":66,"column":5}},{"start":{},"end":{}}],"line":58}},"s":{"0":0,"1":0,"2":0,"3":0,"4":0,"5":0,"6":0,"7":0,"8":0,"9":0,"10":0,"11":0,"12":0,"13":0,"14":0,"15":0,"16":0,"17":0,"18":0,"19":0,"20":0},"f":{"0":0},"b":{"0":[0,0],"1":[0,0],"2":[0,0],"3":[0,0],"4":[0,0],"5":[0,0]}}
,"/Users/tucian/Proiecte/hotel-management/src/actions/handlers/chatHandler.js": {"path":"/Users/tucian/Proiecte/hotel-management/src/actions/handlers/chatHandler.js","statementMap":{"0":{"start":{"line":17,"column":26},"end":{"line":30,"column":1}},"1":{"start":{"line":18,"column":2},"end":{"line":18,"column":28}},"2":{"start":{"line":18,"column":15},"end":{"line":18,"column":28}},"3":{"start":{"line":21,"column":22},"end":{"line":21,"column":42}},"4":{"start":{"line":24,"column":2},"end":{"line":27,"column":3}},"5":{"start":{"line":25,"column":4},"end":{"line":25,"column":62}},"6":{"start":{"line":26,"column":4},"end":{"line":26,"column":16}},"7":{"start":{"line":29,"column":2},"end":{"line":29,"column":15}},"8":{"start":{"line":39,"column":32},"end":{"line":47,"column":1}},"9":{"start":{"line":40,"column":26},"end":{"line":40,"column":49}},"10":{"start":{"line":43,"column":2},"end":{"line":46,"column":3}},"11":{"start":{"line":45,"column":4},"end":{"line":45,"column":52}},"12":{"start":{"line":55,"column":25},"end":{"line":74,"column":1}},"13":{"start":{"line":56,"column":26},"end":{"line":56,"column":49}},"14":{"start":{"line":59,"column":2},"end":{"line":73,"column":3}},"15":{"start":{"line":61,"column":21},"end":{"line":67,"column":5}},"16":{"start":{"line":69,"column":4},"end":{"line":69,"column":90}},"17":{"start":{"line":72,"column":4},"end":{"line":72,"column":34}},"18":{"start":{"line":85,"column":34},"end":{"line":131,"column":1}},"19":{"start":{"line":86,"column":2},"end":{"line":86,"column":62}},"20":{"start":{"line":87,"column":2},"end":{"line":87,"column":35}},"21":{"start":{"line":90,"column":2},"end":{"line":94,"column":3}},"22":{"start":{"line":91,"column":4},"end":{"line":91,"column":54}},"23":{"start":{"line":92,"column":4},"end":{"line":92,"column":23}},"24":{"start":{"line":93,"column":4},"end":{"line":93,"column":11}},"25":{"start":{"line":97,"column":32},"end":{"line":102,"column":3}},"26":{"start":{"line":98,"column":38},"end":{"line":98,"column":70}},"27":{"start":{"line":99,"column":45},"end":{"line":99,"column":77}},"28":{"start":{"line":100,"column":38},"end":{"line":100,"column":63}},"29":{"start":{"line":101,"column":38},"end":{"line":101,"column":63}},"30":{"start":{"line":105,"column":17},"end":{"line":105,"column":55}},"31":{"start":{"line":106,"column":2},"end":{"line":106,"column":33}},"32":{"start":{"line":109,"column":2},"end":{"line":115,"column":3}},"33":{"start":{"line":110,"column":4},"end":{"line":114,"column":7}},"34":{"start":{"line":118,"column":2},"end":{"line":118,"column":50}},"35":{"start":{"line":121,"column":27},"end":{"line":121,"column":73}},"36":{"start":{"line":122,"column":2},"end":{"line":122,"column":54}},"37":{"start":{"line":125,"column":2},"end":{"line":128,"column":3}},"38":{"start":{"line":126,"column":4},"end":{"line":126,"column":65}},"39":{"start":{"line":127,"column":4},"end":{"line":127,"column":36}},"40":{"start":{"line":130,"column":2},"end":{"line":130,"column":21}}},"fnMap":{"0":{"name":"(anonymous_0)","decl":{"start":{"line":17,"column":26},"end":{"line":17,"column":27}},"loc":{"start":{"line":17,"column":59},"end":{"line":30,"column":1}},"line":17},"1":{"name":"(anonymous_1)","decl":{"start":{"line":39,"column":32},"end":{"line":39,"column":33}},"loc":{"start":{"line":39,"column":45},"end":{"line":47,"column":1}},"line":39},"2":{"name":"(anonymous_2)","decl":{"start":{"line":55,"column":25},"end":{"line":55,"column":26}},"loc":{"start":{"line":55,"column":38},"end":{"line":74,"column":1}},"line":55},"3":{"name":"(anonymous_3)","decl":{"start":{"line":85,"column":34},"end":{"line":85,"column":35}},"loc":{"start":{"line":85,"column":84},"end":{"line":131,"column":1}},"line":85},"4":{"name":"(anonymous_4)","decl":{"start":{"line":98,"column":32},"end":{"line":98,"column":33}},"loc":{"start":{"line":98,"column":38},"end":{"line":98,"column":70}},"line":98},"5":{"name":"(anonymous_5)","decl":{"start":{"line":99,"column":39},"end":{"line":99,"column":40}},"loc":{"start":{"line":99,"column":45},"end":{"line":99,"column":77}},"line":99},"6":{"name":"(anonymous_6)","decl":{"start":{"line":100,"column":32},"end":{"line":100,"column":33}},"loc":{"start":{"line":100,"column":38},"end":{"line":100,"column":63}},"line":100},"7":{"name":"(anonymous_7)","decl":{"start":{"line":101,"column":32},"end":{"line":101,"column":33}},"loc":{"start":{"line":101,"column":38},"end":{"line":101,"column":63}},"line":101}},"branchMap":{"0":{"loc":{"start":{"line":18,"column":2},"end":{"line":18,"column":28}},"type":"if","locations":[{"start":{"line":18,"column":2},"end":{"line":18,"column":28}},{"start":{},"end":{}}],"line":18},"1":{"loc":{"start":{"line":24,"column":2},"end":{"line":27,"column":3}},"type":"if","locations":[{"start":{"line":24,"column":2},"end":{"line":27,"column":3}},{"start":{},"end":{}}],"line":24},"2":{"loc":{"start":{"line":43,"column":2},"end":{"line":46,"column":3}},"type":"if","locations":[{"start":{"line":43,"column":2},"end":{"line":46,"column":3}},{"start":{},"end":{}}],"line":43},"3":{"loc":{"start":{"line":59,"column":2},"end":{"line":73,"column":3}},"type":"if","locations":[{"start":{"line":59,"column":2},"end":{"line":73,"column":3}},{"start":{},"end":{}}],"line":59},"4":{"loc":{"start":{"line":59,"column":6},"end":{"line":59,"column":40}},"type":"binary-expr","locations":[{"start":{"line":59,"column":6},"end":{"line":59,"column":24}},{"start":{"line":59,"column":28},"end":{"line":59,"column":40}}],"line":59},"5":{"loc":{"start":{"line":63,"column":16},"end":{"line":63,"column":57}},"type":"binary-expr","locations":[{"start":{"line":63,"column":16},"end":{"line":63,"column":34}},{"start":{"line":63,"column":38},"end":{"line":63,"column":57}}],"line":63},"6":{"loc":{"start":{"line":64,"column":14},"end":{"line":64,"column":51}},"type":"binary-expr","locations":[{"start":{"line":64,"column":14},"end":{"line":64,"column":30}},{"start":{"line":64,"column":34},"end":{"line":64,"column":51}}],"line":64},"7":{"loc":{"start":{"line":65,"column":15},"end":{"line":65,"column":50}},"type":"binary-expr","locations":[{"start":{"line":65,"column":15},"end":{"line":65,"column":28}},{"start":{"line":65,"column":32},"end":{"line":65,"column":50}}],"line":65},"8":{"loc":{"start":{"line":90,"column":2},"end":{"line":94,"column":3}},"type":"if","locations":[{"start":{"line":90,"column":2},"end":{"line":94,"column":3}},{"start":{},"end":{}}],"line":90},"9":{"loc":{"start":{"line":105,"column":17},"end":{"line":105,"column":55}},"type":"binary-expr","locations":[{"start":{"line":105,"column":17},"end":{"line":105,"column":31}},{"start":{"line":105,"column":35},"end":{"line":105,"column":55}}],"line":105},"10":{"loc":{"start":{"line":109,"column":2},"end":{"line":115,"column":3}},"type":"if","locations":[{"start":{"line":109,"column":2},"end":{"line":115,"column":3}},{"start":{},"end":{}}],"line":109},"11":{"loc":{"start":{"line":112,"column":12},"end":{"line":112,"column":66}},"type":"cond-expr","locations":[{"start":{"line":112,"column":52},"end":{"line":112,"column":59}},{"start":{"line":112,"column":62},"end":{"line":112,"column":66}}],"line":112},"12":{"loc":{"start":{"line":125,"column":2},"end":{"line":128,"column":3}},"type":"if","locations":[{"start":{"line":125,"column":2},"end":{"line":128,"column":3}},{"start":{},"end":{}}],"line":125}},"s":{"0":0,"1":0,"2":0,"3":0,"4":0,"5":0,"6":0,"7":0,"8":0,"9":0,"10":0,"11":0,"12":0,"13":0,"14":0,"15":0,"16":0,"17":0,"18":0,"19":0,"20":0,"21":0,"22":0,"23":0,"24":0,"25":0,"26":0,"27":0,"28":0,"29":0,"30":0,"31":0,"32":0,"33":0,"34":0,"35":0,"36":0,"37":0,"38":0,"39":0,"40":0},"f":{"0":0,"1":0,"2":0,"3":0,"4":0,"5":0,"6":0,"7":0},"b":{"0":[0,0],"1":[0,0],"2":[0,0],"3":[0,0],"4":[0,0],"5":[0,0],"6":[0,0],"7":[0,0],"8":[0,0],"9":[0,0],"10":[0,0],"11":[0,0],"12":[0,0]}}
,"/Users/tucian/Proiecte/hotel-management/src/actions/handlers/historyHandler.js": {"path":"/Users/tucian/Proiecte/hotel-management/src/actions/handlers/historyHandler.js","statementMap":{"0":{"start":{"line":15,"column":29},"end":{"line":76,"column":1}},"1":{"start":{"line":16,"column":2},"end":{"line":16,"column":67}},"2":{"start":{"line":17,"column":2},"end":{"line":17,"column":35}},"3":{"start":{"line":19,"column":2},"end":{"line":23,"column":3}},"4":{"start":{"line":20,"column":4},"end":{"line":20,"column":57}},"5":{"start":{"line":21,"column":4},"end":{"line":21,"column":23}},"6":{"start":{"line":22,"column":4},"end":{"line":22,"column":11}},"7":{"start":{"line":25,"column":46},"end":{"line":25,"column":69}},"8":{"start":{"line":28,"column":2},"end":{"line":57,"column":3}},"9":{"start":{"line":30,"column":4},"end":{"line":38,"column":7}},"10":{"start":{"line":40,"column":4},"end":{"line":40,"column":69}},"11":{"start":{"line":43,"column":4},"end":{"line":46,"column":5}},"12":{"start":{"line":44,"column":6},"end":{"line":44,"column":53}},"13":{"start":{"line":45,"column":6},"end":{"line":45,"column":94}},"14":{"start":{"line":49,"column":7},"end":{"line":57,"column":3}},"15":{"start":{"line":50,"column":4},"end":{"line":54,"column":7}},"16":{"start":{"line":56,"column":4},"end":{"line":56,"column":76}},"17":{"start":{"line":60,"column":2},"end":{"line":73,"column":3}},"18":{"start":{"line":61,"column":4},"end":{"line":61,"column":43}},"19":{"start":{"line":64,"column":4},"end":{"line":72,"column":5}},"20":{"start":{"line":65,"column":34},"end":{"line":65,"column":57}},"21":{"start":{"line":68,"column":6},"end":{"line":68,"column":38}},"22":{"start":{"line":71,"column":6},"end":{"line":71,"column":63}},"23":{"start":{"line":75,"column":2},"end":{"line":75,"column":21}}},"fnMap":{"0":{"name":"(anonymous_0)","decl":{"start":{"line":15,"column":29},"end":{"line":15,"column":30}},"loc":{"start":{"line":15,"column":42},"end":{"line":76,"column":1}},"line":15}},"branchMap":{"0":{"loc":{"start":{"line":19,"column":2},"end":{"line":23,"column":3}},"type":"if","locations":[{"start":{"line":19,"column":2},"end":{"line":23,"column":3}},{"start":{},"end":{}}],"line":19},"1":{"loc":{"start":{"line":28,"column":2},"end":{"line":57,"column":3}},"type":"if","locations":[{"start":{"line":28,"column":2},"end":{"line":57,"column":3}},{"start":{"line":49,"column":7},"end":{"line":57,"column":3}}],"line":28},"2":{"loc":{"start":{"line":33,"column":15},"end":{"line":33,"column":61}},"type":"binary-expr","locations":[{"start":{"line":33,"column":15},"end":{"line":33,"column":36}},{"start":{"line":33,"column":40},"end":{"line":33,"column":61}}],"line":33},"3":{"loc":{"start":{"line":34,"column":15},"end":{"line":34,"column":42}},"type":"binary-expr","locations":[{"start":{"line":34,"column":15},"end":{"line":34,"column":36}},{"start":{"line":34,"column":40},"end":{"line":34,"column":42}}],"line":34},"4":{"loc":{"start":{"line":43,"column":4},"end":{"line":46,"column":5}},"type":"if","locations":[{"start":{"line":43,"column":4},"end":{"line":46,"column":5}},{"start":{},"end":{}}],"line":43},"5":{"loc":{"start":{"line":49,"column":7},"end":{"line":57,"column":3}},"type":"if","locations":[{"start":{"line":49,"column":7},"end":{"line":57,"column":3}},{"start":{},"end":{}}],"line":49},"6":{"loc":{"start":{"line":60,"column":2},"end":{"line":73,"column":3}},"type":"if","locations":[{"start":{"line":60,"column":2},"end":{"line":73,"column":3}},{"start":{},"end":{}}],"line":60},"7":{"loc":{"start":{"line":64,"column":4},"end":{"line":72,"column":5}},"type":"if","locations":[{"start":{"line":64,"column":4},"end":{"line":72,"column":5}},{"start":{},"end":{}}],"line":64}},"s":{"0":0,"1":0,"2":0,"3":0,"4":0,"5":0,"6":0,"7":0,"8":0,"9":0,"10":0,"11":0,"12":0,"13":0,"14":0,"15":0,"16":0,"17":0,"18":0,"19":0,"20":0,"21":0,"22":0,"23":0},"f":{"0":0},"b":{"0":[0,0],"1":[0,0],"2":[0,0],"3":[0,0],"4":[0,0],"5":[0,0],"6":[0,0],"7":[0,0]}}
,"/Users/tucian/Proiecte/hotel-management/src/actions/handlers/index.js": {"path":"/Users/tucian/Proiecte/hotel-management/src/actions/handlers/index.js","statementMap":{},"fnMap":{},"branchMap":{},"s":{},"f":{},"b":{}}
,"/Users/tucian/Proiecte/hotel-management/src/actions/handlers/reservationHandler.js": {"path":"/Users/tucian/Proiecte/hotel-management/src/actions/handlers/reservationHandler.js","statementMap":{"0":{"start":{"line":17,"column":40},"end":{"line":106,"column":1}},"1":{"start":{"line":18,"column":2},"end":{"line":18,"column":74}},"2":{"start":{"line":19,"column":2},"end":{"line":19,"column":35}},"3":{"start":{"line":21,"column":2},"end":{"line":25,"column":3}},"4":{"start":{"line":22,"column":4},"end":{"line":22,"column":61}},"5":{"start":{"line":23,"column":4},"end":{"line":23,"column":23}},"6":{"start":{"line":24,"column":4},"end":{"line":24,"column":11}},"7":{"start":{"line":27,"column":15},"end":{"line":27,"column":57}},"8":{"start":{"line":28,"column":21},"end":{"line":28,"column":76}},"9":{"start":{"line":30,"column":2},"end":{"line":30,"column":33}},"10":{"start":{"line":31,"column":2},"end":{"line":31,"column":77}},"11":{"start":{"line":33,"column":2},"end":{"line":103,"column":3}},"12":{"start":{"line":37,"column":6},"end":{"line":40,"column":7}},"13":{"start":{"line":38,"column":8},"end":{"line":38,"column":38}},"14":{"start":{"line":39,"column":8},"end":{"line":39,"column":73}},"15":{"start":{"line":41,"column":6},"end":{"line":41,"column":12}},"16":{"start":{"line":45,"column":6},"end":{"line":52,"column":7}},"17":{"start":{"line":46,"column":36},"end":{"line":46,"column":100}},"18":{"start":{"line":47,"column":36},"end":{"line":47,"column":53}},"19":{"start":{"line":49,"column":32},"end":{"line":49,"column":73}},"20":{"start":{"line":50,"column":8},"end":{"line":50,"column":41}},"21":{"start":{"line":51,"column":8},"end":{"line":51,"column":65}},"22":{"start":{"line":53,"column":6},"end":{"line":53,"column":12}},"23":{"start":{"line":57,"column":6},"end":{"line":78,"column":7}},"24":{"start":{"line":58,"column":36},"end":{"line":58,"column":100}},"25":{"start":{"line":59,"column":36},"end":{"line":59,"column":53}},"26":{"start":{"line":62,"column":32},"end":{"line":62,"column":41}},"27":{"start":{"line":63,"column":8},"end":{"line":65,"column":11}},"28":{"start":{"line":64,"column":10},"end":{"line":64,"column":43}},"29":{"start":{"line":68,"column":8},"end":{"line":72,"column":11}},"30":{"start":{"line":69,"column":10},"end":{"line":71,"column":11}},"31":{"start":{"line":70,"column":12},"end":{"line":70,"column":93}},"32":{"start":{"line":75,"column":36},"end":{"line":75,"column":72}},"33":{"start":{"line":76,"column":8},"end":{"line":76,"column":45}},"34":{"start":{"line":77,"column":8},"end":{"line":77,"column":68}},"35":{"start":{"line":79,"column":6},"end":{"line":79,"column":12}},"36":{"start":{"line":83,"column":6},"end":{"line":97,"column":7}},"37":{"start":{"line":84,"column":36},"end":{"line":84,"column":100}},"38":{"start":{"line":85,"column":36},"end":{"line":85,"column":53}},"39":{"start":{"line":88,"column":28},"end":{"line":88,"column":37}},"40":{"start":{"line":89,"column":8},"end":{"line":91,"column":11}},"41":{"start":{"line":90,"column":10},"end":{"line":90,"column":46}},"42":{"start":{"line":90,"column":22},"end":{"line":90,"column":46}},"43":{"start":{"line":94,"column":36},"end":{"line":94,"column":95}},"44":{"start":{"line":94,"column":70},"end":{"line":94,"column":94}},"45":{"start":{"line":95,"column":8},"end":{"line":95,"column":45}},"46":{"start":{"line":96,"column":8},"end":{"line":96,"column":68}},"47":{"start":{"line":98,"column":6},"end":{"line":98,"column":12}},"48":{"start":{"line":101,"column":6},"end":{"line":101,"column":71}},"49":{"start":{"line":102,"column":6},"end":{"line":102,"column":12}},"50":{"start":{"line":105,"column":2},"end":{"line":105,"column":21}}},"fnMap":{"0":{"name":"(anonymous_0)","decl":{"start":{"line":17,"column":40},"end":{"line":17,"column":41}},"loc":{"start":{"line":17,"column":74},"end":{"line":106,"column":1}},"line":17},"1":{"name":"(anonymous_1)","decl":{"start":{"line":63,"column":36},"end":{"line":63,"column":37}},"loc":{"start":{"line":63,"column":43},"end":{"line":65,"column":9}},"line":63},"2":{"name":"(anonymous_2)","decl":{"start":{"line":68,"column":29},"end":{"line":68,"column":30}},"loc":{"start":{"line":68,"column":39},"end":{"line":72,"column":9}},"line":68},"3":{"name":"(anonymous_3)","decl":{"start":{"line":89,"column":29},"end":{"line":89,"column":30}},"loc":{"start":{"line":89,"column":36},"end":{"line":91,"column":9}},"line":89},"4":{"name":"(anonymous_4)","decl":{"start":{"line":94,"column":63},"end":{"line":94,"column":64}},"loc":{"start":{"line":94,"column":70},"end":{"line":94,"column":94}},"line":94}},"branchMap":{"0":{"loc":{"start":{"line":21,"column":2},"end":{"line":25,"column":3}},"type":"if","locations":[{"start":{"line":21,"column":2},"end":{"line":25,"column":3}},{"start":{},"end":{}}],"line":21},"1":{"loc":{"start":{"line":21,"column":6},"end":{"line":21,"column":68}},"type":"binary-expr","locations":[{"start":{"line":21,"column":6},"end":{"line":21,"column":14}},{"start":{"line":21,"column":19},"end":{"line":21,"column":40}},{"start":{"line":21,"column":44},"end":{"line":21,"column":67}}],"line":21},"2":{"loc":{"start":{"line":27,"column":15},"end":{"line":27,"column":57}},"type":"binary-expr","locations":[{"start":{"line":27,"column":15},"end":{"line":27,"column":29}},{"start":{"line":27,"column":33},"end":{"line":27,"column":57}}],"line":27},"3":{"loc":{"start":{"line":28,"column":21},"end":{"line":28,"column":76}},"type":"cond-expr","locations":[{"start":{"line":28,"column":46},"end":{"line":28,"column":53}},{"start":{"line":28,"column":56},"end":{"line":28,"column":76}}],"line":28},"4":{"loc":{"start":{"line":31,"column":37},"end":{"line":31,"column":75}},"type":"cond-expr","locations":[{"start":{"line":31,"column":52},"end":{"line":31,"column":71}},{"start":{"line":31,"column":74},"end":{"line":31,"column":75}}],"line":31},"5":{"loc":{"start":{"line":33,"column":2},"end":{"line":103,"column":3}},"type":"switch","locations":[{"start":{"line":34,"column":4},"end":{"line":34,"column":34}},{"start":{"line":35,"column":4},"end":{"line":41,"column":12}},{"start":{"line":43,"column":4},"end":{"line":53,"column":12}},{"start":{"line":55,"column":4},"end":{"line":79,"column":12}},{"start":{"line":81,"column":4},"end":{"line":98,"column":12}},{"start":{"line":100,"column":4},"end":{"line":102,"column":12}}],"line":33},"6":{"loc":{"start":{"line":37,"column":6},"end":{"line":40,"column":7}},"type":"if","locations":[{"start":{"line":37,"column":6},"end":{"line":40,"column":7}},{"start":{},"end":{}}],"line":37},"7":{"loc":{"start":{"line":45,"column":6},"end":{"line":52,"column":7}},"type":"if","locations":[{"start":{"line":45,"column":6},"end":{"line":52,"column":7}},{"start":{},"end":{}}],"line":45},"8":{"loc":{"start":{"line":45,"column":10},"end":{"line":45,"column":49}},"type":"binary-expr","locations":[{"start":{"line":45,"column":10},"end":{"line":45,"column":22}},{"start":{"line":45,"column":26},"end":{"line":45,"column":49}}],"line":45},"9":{"loc":{"start":{"line":57,"column":6},"end":{"line":78,"column":7}},"type":"if","locations":[{"start":{"line":57,"column":6},"end":{"line":78,"column":7}},{"start":{},"end":{}}],"line":57},"10":{"loc":{"start":{"line":57,"column":10},"end":{"line":57,"column":49}},"type":"binary-expr","locations":[{"start":{"line":57,"column":10},"end":{"line":57,"column":22}},{"start":{"line":57,"column":26},"end":{"line":57,"column":49}}],"line":57},"11":{"loc":{"start":{"line":69,"column":10},"end":{"line":71,"column":11}},"type":"if","locations":[{"start":{"line":69,"column":10},"end":{"line":71,"column":11}},{"start":{},"end":{}}],"line":69},"12":{"loc":{"start":{"line":69,"column":14},"end":{"line":69,"column":57}},"type":"binary-expr","locations":[{"start":{"line":69,"column":14},"end":{"line":69,"column":23}},{"start":{"line":69,"column":27},"end":{"line":69,"column":57}}],"line":69},"13":{"loc":{"start":{"line":83,"column":6},"end":{"line":97,"column":7}},"type":"if","locations":[{"start":{"line":83,"column":6},"end":{"line":97,"column":7}},{"start":{},"end":{}}],"line":83},"14":{"loc":{"start":{"line":83,"column":10},"end":{"line":83,"column":49}},"type":"binary-expr","locations":[{"start":{"line":83,"column":10},"end":{"line":83,"column":22}},{"start":{"line":83,"column":26},"end":{"line":83,"column":49}}],"line":83},"15":{"loc":{"start":{"line":90,"column":10},"end":{"line":90,"column":46}},"type":"if","locations":[{"start":{"line":90,"column":10},"end":{"line":90,"column":46}},{"start":{},"end":{}}],"line":90}},"s":{"0":0,"1":0,"2":0,"3":0,"4":0,"5":0,"6":0,"7":0,"8":0,"9":0,"10":0,"11":0,"12":0,"13":0,"14":0,"15":0,"16":0,"17":0,"18":0,"19":0,"20":0,"21":0,"22":0,"23":0,"24":0,"25":0,"26":0,"27":0,"28":0,"29":0,"30":0,"31":0,"32":0,"33":0,"34":0,"35":0,"36":0,"37":0,"38":0,"39":0,"40":0,"41":0,"42":0,"43":0,"44":0,"45":0,"46":0,"47":0,"48":0,"49":0,"50":0},"f":{"0":0,"1":0,"2":0,"3":0,"4":0},"b":{"0":[0,0],"1":[0,0,0],"2":[0,0],"3":[0,0],"4":[0,0],"5":[0,0,0,0,0,0],"6":[0,0],"7":[0,0],"8":[0,0],"9":[0,0],"10":[0,0],"11":[0,0],"12":[0,0],"13":[0,0],"14":[0,0],"15":[0,0]}}
,"/Users/tucian/Proiecte/hotel-management/src/actions/handlers/statusHandler.js": {"path":"/Users/tucian/Proiecte/hotel-management/src/actions/handlers/statusHandler.js","statementMap":{"0":{"start":{"line":10,"column":17},"end":{"line":10,"column":21}},"1":{"start":{"line":18,"column":38},"end":{"line":68,"column":1}},"2":{"start":{"line":22,"column":2},"end":{"line":29,"column":3}},"3":{"start":{"line":23,"column":4},"end":{"line":23,"column":21}},"4":{"start":{"line":24,"column":9},"end":{"line":29,"column":3}},"5":{"start":{"line":25,"column":4},"end":{"line":25,"column":28}},"6":{"start":{"line":27,"column":4},"end":{"line":27,"column":63}},"7":{"start":{"line":28,"column":4},"end":{"line":28,"column":11}},"8":{"start":{"line":32,"column":2},"end":{"line":35,"column":3}},"9":{"start":{"line":34,"column":4},"end":{"line":34,"column":11}},"10":{"start":{"line":38,"column":2},"end":{"line":38,"column":65}},"11":{"start":{"line":39,"column":2},"end":{"line":39,"column":37}},"12":{"start":{"line":40,"column":2},"end":{"line":40,"column":46}},"13":{"start":{"line":43,"column":34},"end":{"line":43,"column":57}},"14":{"start":{"line":44,"column":2},"end":{"line":44,"column":30}},"15":{"start":{"line":47,"column":25},"end":{"line":47,"column":48}},"16":{"start":{"line":49,"column":2},"end":{"line":61,"column":3}},"17":{"start":{"line":50,"column":4},"end":{"line":54,"column":7}},"18":{"start":{"line":55,"column":9},"end":{"line":61,"column":3}},"19":{"start":{"line":56,"column":4},"end":{"line":60,"column":7}},"20":{"start":{"line":63,"column":2},"end":{"line":63,"column":62}},"21":{"start":{"line":64,"column":2},"end":{"line":64,"column":21}},"22":{"start":{"line":67,"column":2},"end":{"line":67,"column":22}}},"fnMap":{"0":{"name":"(anonymous_0)","decl":{"start":{"line":18,"column":38},"end":{"line":18,"column":39}},"loc":{"start":{"line":18,"column":51},"end":{"line":68,"column":1}},"line":18}},"branchMap":{"0":{"loc":{"start":{"line":22,"column":2},"end":{"line":29,"column":3}},"type":"if","locations":[{"start":{"line":22,"column":2},"end":{"line":29,"column":3}},{"start":{"line":24,"column":9},"end":{"line":29,"column":3}}],"line":22},"1":{"loc":{"start":{"line":24,"column":9},"end":{"line":29,"column":3}},"type":"if","locations":[{"start":{"line":24,"column":9},"end":{"line":29,"column":3}},{"start":{"line":26,"column":9},"end":{"line":29,"column":3}}],"line":24},"2":{"loc":{"start":{"line":24,"column":13},"end":{"line":24,"column":38}},"type":"binary-expr","locations":[{"start":{"line":24,"column":13},"end":{"line":24,"column":20}},{"start":{"line":24,"column":24},"end":{"line":24,"column":38}}],"line":24},"3":{"loc":{"start":{"line":32,"column":2},"end":{"line":35,"column":3}},"type":"if","locations":[{"start":{"line":32,"column":2},"end":{"line":35,"column":3}},{"start":{},"end":{}}],"line":32},"4":{"loc":{"start":{"line":49,"column":2},"end":{"line":61,"column":3}},"type":"if","locations":[{"start":{"line":49,"column":2},"end":{"line":61,"column":3}},{"start":{"line":55,"column":9},"end":{"line":61,"column":3}}],"line":49},"5":{"loc":{"start":{"line":55,"column":9},"end":{"line":61,"column":3}},"type":"if","locations":[{"start":{"line":55,"column":9},"end":{"line":61,"column":3}},{"start":{},"end":{}}],"line":55}},"s":{"0":0,"1":0,"2":0,"3":0,"4":0,"5":0,"6":0,"7":0,"8":0,"9":0,"10":0,"11":0,"12":0,"13":0,"14":0,"15":0,"16":0,"17":0,"18":0,"19":0,"20":0,"21":0,"22":0},"f":{"0":0},"b":{"0":[0,0],"1":[0,0],"2":[0,0],"3":[0,0],"4":[0,0],"5":[0,0]}}
,"/Users/tucian/Proiecte/hotel-management/src/actions/socket/messageParser.js": {"path":"/Users/tucian/Proiecte/hotel-management/src/actions/socket/messageParser.js","statementMap":{"0":{"start":{"line":16,"column":36},"end":{"line":38,"column":1}},"1":{"start":{"line":17,"column":2},"end":{"line":17,"column":48}},"2":{"start":{"line":17,"column":13},"end":{"line":17,"column":48}},"3":{"start":{"line":20,"column":20},"end":{"line":20,"column":38}},"4":{"start":{"line":23,"column":2},"end":{"line":34,"column":3}},"5":{"start":{"line":24,"column":4},"end":{"line":24,"column":39}},"6":{"start":{"line":26,"column":7},"end":{"line":34,"column":3}},"7":{"start":{"line":27,"column":4},"end":{"line":27,"column":47}},"8":{"start":{"line":29,"column":7},"end":{"line":34,"column":3}},"9":{"start":{"line":30,"column":4},"end":{"line":30,"column":47}},"10":{"start":{"line":32,"column":7},"end":{"line":34,"column":3}},"11":{"start":{"line":33,"column":4},"end":{"line":33,"column":42}},"12":{"start":{"line":37,"column":2},"end":{"line":37,"column":37}},"13":{"start":{"line":46,"column":32},"end":{"line":108,"column":1}},"14":{"start":{"line":48,"column":2},"end":{"line":58,"column":3}},"15":{"start":{"line":52,"column":4},"end":{"line":57,"column":6}},"16":{"start":{"line":61,"column":2},"end":{"line":68,"column":3}},"17":{"start":{"line":62,"column":4},"end":{"line":67,"column":6}},"18":{"start":{"line":71,"column":2},"end":{"line":79,"column":3}},"19":{"start":{"line":72,"column":19},"end":{"line":72,"column":33}},"20":{"start":{"line":73,"column":4},"end":{"line":78,"column":6}},"21":{"start":{"line":82,"column":2},"end":{"line":89,"column":3}},"22":{"start":{"line":83,"column":4},"end":{"line":88,"column":6}},"23":{"start":{"line":92,"column":2},"end":{"line":99,"column":3}},"24":{"start":{"line":93,"column":4},"end":{"line":98,"column":6}},"25":{"start":{"line":102,"column":2},"end":{"line":107,"column":4}},"26":{"start":{"line":116,"column":38},"end":{"line":134,"column":1}},"27":{"start":{"line":118,"column":2},"end":{"line":120,"column":3}},"28":{"start":{"line":119,"column":4},"end":{"line":119,"column":19}},"29":{"start":{"line":123,"column":2},"end":{"line":125,"column":3}},"30":{"start":{"line":124,"column":4},"end":{"line":124,"column":32}},"31":{"start":{"line":128,"column":2},"end":{"line":130,"column":3}},"32":{"start":{"line":129,"column":4},"end":{"line":129,"column":33}},"33":{"start":{"line":133,"column":2},"end":{"line":133,"column":12}},"34":{"start":{"line":142,"column":37},"end":{"line":182,"column":1}},"35":{"start":{"line":144,"column":2},"end":{"line":154,"column":3}},"36":{"start":{"line":145,"column":4},"end":{"line":153,"column":6}},"37":{"start":{"line":157,"column":2},"end":{"line":167,"column":3}},"38":{"start":{"line":158,"column":4},"end":{"line":166,"column":6}},"39":{"start":{"line":170,"column":2},"end":{"line":175,"column":3}},"40":{"start":{"line":171,"column":4},"end":{"line":174,"column":6}},"41":{"start":{"line":178,"column":2},"end":{"line":181,"column":4}},"42":{"start":{"line":190,"column":35},"end":{"line":223,"column":1}},"43":{"start":{"line":192,"column":2},"end":{"line":203,"column":3}},"44":{"start":{"line":193,"column":4},"end":{"line":202,"column":6}},"45":{"start":{"line":206,"column":2},"end":{"line":211,"column":3}},"46":{"start":{"line":207,"column":4},"end":{"line":210,"column":6}},"47":{"start":{"line":214,"column":2},"end":{"line":219,"column":3}},"48":{"start":{"line":215,"column":4},"end":{"line":218,"column":6}},"49":{"start":{"line":222,"column":2},"end":{"line":222,"column":17}}},"fnMap":{"0":{"name":"(anonymous_0)","decl":{"start":{"line":16,"column":36},"end":{"line":16,"column":37}},"loc":{"start":{"line":16,"column":46},"end":{"line":38,"column":1}},"line":16},"1":{"name":"(anonymous_1)","decl":{"start":{"line":46,"column":32},"end":{"line":46,"column":33}},"loc":{"start":{"line":46,"column":45},"end":{"line":108,"column":1}},"line":46},"2":{"name":"(anonymous_2)","decl":{"start":{"line":116,"column":38},"end":{"line":116,"column":39}},"loc":{"start":{"line":116,"column":51},"end":{"line":134,"column":1}},"line":116},"3":{"name":"(anonymous_3)","decl":{"start":{"line":142,"column":37},"end":{"line":142,"column":38}},"loc":{"start":{"line":142,"column":50},"end":{"line":182,"column":1}},"line":142},"4":{"name":"(anonymous_4)","decl":{"start":{"line":190,"column":35},"end":{"line":190,"column":36}},"loc":{"start":{"line":190,"column":48},"end":{"line":223,"column":1}},"line":190}},"branchMap":{"0":{"loc":{"start":{"line":17,"column":2},"end":{"line":17,"column":48}},"type":"if","locations":[{"start":{"line":17,"column":2},"end":{"line":17,"column":48}},{"start":{},"end":{}}],"line":17},"1":{"loc":{"start":{"line":23,"column":2},"end":{"line":34,"column":3}},"type":"if","locations":[{"start":{"line":23,"column":2},"end":{"line":34,"column":3}},{"start":{"line":26,"column":7},"end":{"line":34,"column":3}}],"line":23},"2":{"loc":{"start":{"line":26,"column":7},"end":{"line":34,"column":3}},"type":"if","locations":[{"start":{"line":26,"column":7},"end":{"line":34,"column":3}},{"start":{"line":29,"column":7},"end":{"line":34,"column":3}}],"line":26},"3":{"loc":{"start":{"line":29,"column":7},"end":{"line":34,"column":3}},"type":"if","locations":[{"start":{"line":29,"column":7},"end":{"line":34,"column":3}},{"start":{"line":32,"column":7},"end":{"line":34,"column":3}}],"line":29},"4":{"loc":{"start":{"line":32,"column":7},"end":{"line":34,"column":3}},"type":"if","locations":[{"start":{"line":32,"column":7},"end":{"line":34,"column":3}},{"start":{},"end":{}}],"line":32},"5":{"loc":{"start":{"line":48,"column":2},"end":{"line":58,"column":3}},"type":"if","locations":[{"start":{"line":48,"column":2},"end":{"line":58,"column":3}},{"start":{},"end":{}}],"line":48},"6":{"loc":{"start":{"line":48,"column":6},"end":{"line":50,"column":40}},"type":"binary-expr","locations":[{"start":{"line":48,"column":6},"end":{"line":48,"column":40}},{"start":{"line":49,"column":6},"end":{"line":49,"column":31}},{"start":{"line":50,"column":6},"end":{"line":50,"column":40}}],"line":48},"7":{"loc":{"start":{"line":55,"column":15},"end":{"line":55,"column":77}},"type":"binary-expr","locations":[{"start":{"line":55,"column":15},"end":{"line":55,"column":30}},{"start":{"line":55,"column":34},"end":{"line":55,"column":77}}],"line":55},"8":{"loc":{"start":{"line":61,"column":2},"end":{"line":68,"column":3}},"type":"if","locations":[{"start":{"line":61,"column":2},"end":{"line":68,"column":3}},{"start":{},"end":{}}],"line":61},"9":{"loc":{"start":{"line":64,"column":12},"end":{"line":64,"column":50}},"type":"binary-expr","locations":[{"start":{"line":64,"column":12},"end":{"line":64,"column":24}},{"start":{"line":64,"column":28},"end":{"line":64,"column":50}}],"line":64},"10":{"loc":{"start":{"line":65,"column":15},"end":{"line":65,"column":72}},"type":"binary-expr","locations":[{"start":{"line":65,"column":15},"end":{"line":65,"column":30}},{"start":{"line":65,"column":34},"end":{"line":65,"column":72}}],"line":65},"11":{"loc":{"start":{"line":71,"column":2},"end":{"line":79,"column":3}},"type":"if","locations":[{"start":{"line":71,"column":2},"end":{"line":79,"column":3}},{"start":{},"end":{}}],"line":71},"12":{"loc":{"start":{"line":71,"column":6},"end":{"line":71,"column":96}},"type":"binary-expr","locations":[{"start":{"line":71,"column":6},"end":{"line":71,"column":20}},{"start":{"line":71,"column":24},"end":{"line":71,"column":58}},{"start":{"line":71,"column":62},"end":{"line":71,"column":96}}],"line":71},"13":{"loc":{"start":{"line":76,"column":15},"end":{"line":76,"column":54}},"type":"binary-expr","locations":[{"start":{"line":76,"column":15},"end":{"line":76,"column":30}},{"start":{"line":76,"column":34},"end":{"line":76,"column":54}}],"line":76},"14":{"loc":{"start":{"line":82,"column":2},"end":{"line":89,"column":3}},"type":"if","locations":[{"start":{"line":82,"column":2},"end":{"line":89,"column":3}},{"start":{},"end":{}}],"line":82},"15":{"loc":{"start":{"line":86,"column":15},"end":{"line":86,"column":53}},"type":"binary-expr","locations":[{"start":{"line":86,"column":15},"end":{"line":86,"column":30}},{"start":{"line":86,"column":34},"end":{"line":86,"column":53}}],"line":86},"16":{"loc":{"start":{"line":92,"column":2},"end":{"line":99,"column":3}},"type":"if","locations":[{"start":{"line":92,"column":2},"end":{"line":99,"column":3}},{"start":{},"end":{}}],"line":92},"17":{"loc":{"start":{"line":118,"column":2},"end":{"line":120,"column":3}},"type":"if","locations":[{"start":{"line":118,"column":2},"end":{"line":120,"column":3}},{"start":{},"end":{}}],"line":118},"18":{"loc":{"start":{"line":123,"column":2},"end":{"line":125,"column":3}},"type":"if","locations":[{"start":{"line":123,"column":2},"end":{"line":125,"column":3}},{"start":{},"end":{}}],"line":123},"19":{"loc":{"start":{"line":123,"column":6},"end":{"line":123,"column":65}},"type":"binary-expr","locations":[{"start":{"line":123,"column":6},"end":{"line":123,"column":26}},{"start":{"line":123,"column":30},"end":{"line":123,"column":65}}],"line":123},"20":{"loc":{"start":{"line":128,"column":2},"end":{"line":130,"column":3}},"type":"if","locations":[{"start":{"line":128,"column":2},"end":{"line":130,"column":3}},{"start":{},"end":{}}],"line":128},"21":{"loc":{"start":{"line":144,"column":2},"end":{"line":154,"column":3}},"type":"if","locations":[{"start":{"line":144,"column":2},"end":{"line":154,"column":3}},{"start":{},"end":{}}],"line":144},"22":{"loc":{"start":{"line":148,"column":15},"end":{"line":148,"column":70}},"type":"binary-expr","locations":[{"start":{"line":148,"column":15},"end":{"line":148,"column":41}},{"start":{"line":148,"column":45},"end":{"line":148,"column":70}}],"line":148},"23":{"loc":{"start":{"line":157,"column":2},"end":{"line":167,"column":3}},"type":"if","locations":[{"start":{"line":157,"column":2},"end":{"line":167,"column":3}},{"start":{},"end":{}}],"line":157},"24":{"loc":{"start":{"line":157,"column":6},"end":{"line":157,"column":39}},"type":"binary-expr","locations":[{"start":{"line":157,"column":6},"end":{"line":157,"column":20}},{"start":{"line":157,"column":24},"end":{"line":157,"column":39}}],"line":157},"25":{"loc":{"start":{"line":160,"column":14},"end":{"line":160,"column":44}},"type":"binary-expr","locations":[{"start":{"line":160,"column":14},"end":{"line":160,"column":26}},{"start":{"line":160,"column":30},"end":{"line":160,"column":44}}],"line":160},"26":{"loc":{"start":{"line":161,"column":15},"end":{"line":161,"column":57}},"type":"binary-expr","locations":[{"start":{"line":161,"column":15},"end":{"line":161,"column":28}},{"start":{"line":161,"column":32},"end":{"line":161,"column":57}}],"line":161},"27":{"loc":{"start":{"line":170,"column":2},"end":{"line":175,"column":3}},"type":"if","locations":[{"start":{"line":170,"column":2},"end":{"line":175,"column":3}},{"start":{},"end":{}}],"line":170},"28":{"loc":{"start":{"line":192,"column":2},"end":{"line":203,"column":3}},"type":"if","locations":[{"start":{"line":192,"column":2},"end":{"line":203,"column":3}},{"start":{},"end":{}}],"line":192},"29":{"loc":{"start":{"line":195,"column":15},"end":{"line":195,"column":61}},"type":"binary-expr","locations":[{"start":{"line":195,"column":15},"end":{"line":195,"column":36}},{"start":{"line":195,"column":40},"end":{"line":195,"column":61}}],"line":195},"30":{"loc":{"start":{"line":196,"column":15},"end":{"line":196,"column":42}},"type":"binary-expr","locations":[{"start":{"line":196,"column":15},"end":{"line":196,"column":36}},{"start":{"line":196,"column":40},"end":{"line":196,"column":42}}],"line":196},"31":{"loc":{"start":{"line":206,"column":2},"end":{"line":211,"column":3}},"type":"if","locations":[{"start":{"line":206,"column":2},"end":{"line":211,"column":3}},{"start":{},"end":{}}],"line":206},"32":{"loc":{"start":{"line":214,"column":2},"end":{"line":219,"column":3}},"type":"if","locations":[{"start":{"line":214,"column":2},"end":{"line":219,"column":3}},{"start":{},"end":{}}],"line":214}},"s":{"0":0,"1":0,"2":0,"3":0,"4":0,"5":0,"6":0,"7":0,"8":0,"9":0,"10":0,"11":0,"12":0,"13":0,"14":0,"15":0,"16":0,"17":0,"18":0,"19":0,"20":0,"21":0,"22":0,"23":0,"24":0,"25":0,"26":0,"27":0,"28":0,"29":0,"30":0,"31":0,"32":0,"33":0,"34":0,"35":0,"36":0,"37":0,"38":0,"39":0,"40":0,"41":0,"42":0,"43":0,"44":0,"45":0,"46":0,"47":0,"48":0,"49":0},"f":{"0":0,"1":0,"2":0,"3":0,"4":0},"b":{"0":[0,0],"1":[0,0],"2":[0,0],"3":[0,0],"4":[0,0],"5":[0,0],"6":[0,0,0],"7":[0,0],"8":[0,0],"9":[0,0],"10":[0,0],"11":[0,0],"12":[0,0,0],"13":[0,0],"14":[0,0],"15":[0,0],"16":[0,0],"17":[0,0],"18":[0,0],"19":[0,0],"20":[0,0],"21":[0,0],"22":[0,0],"23":[0,0],"24":[0,0],"25":[0,0],"26":[0,0],"27":[0,0],"28":[0,0],"29":[0,0],"30":[0,0],"31":[0,0],"32":[0,0]}}
,"/Users/tucian/Proiecte/hotel-management/src/actions/socket/worker.js": {"path":"/Users/tucian/Proiecte/hotel-management/src/actions/socket/worker.js","statementMap":{"0":{"start":{"line":10,"column":19},"end":{"line":10,"column":23}},"1":{"start":{"line":17,"column":32},"end":{"line":36,"column":1}},"2":{"start":{"line":18,"column":2},"end":{"line":35,"column":3}},"3":{"start":{"line":20,"column":4},"end":{"line":22,"column":5}},"4":{"start":{"line":21,"column":6},"end":{"line":21,"column":26}},"5":{"start":{"line":25,"column":4},"end":{"line":25,"column":61}},"6":{"start":{"line":26,"column":4},"end":{"line":26,"column":112}},"7":{"start":{"line":29,"column":4},"end":{"line":29,"column":47}},"8":{"start":{"line":31,"column":4},"end":{"line":31,"column":24}},"9":{"start":{"line":33,"column":4},"end":{"line":33,"column":76}},"10":{"start":{"line":34,"column":4},"end":{"line":34,"column":16}},"11":{"start":{"line":43,"column":25},"end":{"line":48,"column":1}},"12":{"start":{"line":44,"column":2},"end":{"line":46,"column":3}},"13":{"start":{"line":45,"column":4},"end":{"line":45,"column":30}},"14":{"start":{"line":47,"column":2},"end":{"line":47,"column":22}},"15":{"start":{"line":56,"column":27},"end":{"line":95,"column":1}},"16":{"start":{"line":57,"column":17},"end":{"line":57,"column":28}},"17":{"start":{"line":59,"column":2},"end":{"line":62,"column":3}},"18":{"start":{"line":60,"column":4},"end":{"line":60,"column":53}},"19":{"start":{"line":61,"column":4},"end":{"line":61,"column":17}},"20":{"start":{"line":64,"column":2},"end":{"line":94,"column":3}},"21":{"start":{"line":68,"column":4},"end":{"line":82,"column":5}},"22":{"start":{"line":70,"column":6},"end":{"line":78,"column":7}},"23":{"start":{"line":71,"column":8},"end":{"line":71,"column":47}},"24":{"start":{"line":74,"column":8},"end":{"line":77,"column":10}},"25":{"start":{"line":81,"column":6},"end":{"line":81,"column":33}},"26":{"start":{"line":85,"column":4},"end":{"line":88,"column":7}},"27":{"start":{"line":90,"column":4},"end":{"line":90,"column":16}},"28":{"start":{"line":92,"column":4},"end":{"line":92,"column":62}},"29":{"start":{"line":93,"column":4},"end":{"line":93,"column":17}},"30":{"start":{"line":103,"column":36},"end":{"line":117,"column":1}},"31":{"start":{"line":104,"column":17},"end":{"line":104,"column":28}},"32":{"start":{"line":106,"column":2},"end":{"line":109,"column":3}},"33":{"start":{"line":107,"column":4},"end":{"line":107,"column":75}},"34":{"start":{"line":108,"column":4},"end":{"line":108,"column":17}},"35":{"start":{"line":111,"column":2},"end":{"line":114,"column":5}},"36":{"start":{"line":116,"column":2},"end":{"line":116,"column":14}},"37":{"start":{"line":127,"column":37},"end":{"line":146,"column":1}},"38":{"start":{"line":128,"column":17},"end":{"line":128,"column":28}},"39":{"start":{"line":130,"column":2},"end":{"line":133,"column":3}},"40":{"start":{"line":131,"column":4},"end":{"line":131,"column":76}},"41":{"start":{"line":132,"column":4},"end":{"line":132,"column":17}},"42":{"start":{"line":135,"column":2},"end":{"line":138,"column":3}},"43":{"start":{"line":136,"column":4},"end":{"line":136,"column":75}},"44":{"start":{"line":137,"column":4},"end":{"line":137,"column":17}},"45":{"start":{"line":140,"column":2},"end":{"line":143,"column":5}},"46":{"start":{"line":145,"column":2},"end":{"line":145,"column":14}}},"fnMap":{"0":{"name":"(anonymous_0)","decl":{"start":{"line":17,"column":32},"end":{"line":17,"column":33}},"loc":{"start":{"line":17,"column":38},"end":{"line":36,"column":1}},"line":17},"1":{"name":"(anonymous_1)","decl":{"start":{"line":43,"column":25},"end":{"line":43,"column":26}},"loc":{"start":{"line":43,"column":31},"end":{"line":48,"column":1}},"line":43},"2":{"name":"(anonymous_2)","decl":{"start":{"line":56,"column":27},"end":{"line":56,"column":28}},"loc":{"start":{"line":56,"column":40},"end":{"line":95,"column":1}},"line":56},"3":{"name":"(anonymous_3)","decl":{"start":{"line":103,"column":36},"end":{"line":103,"column":37}},"loc":{"start":{"line":103,"column":48},"end":{"line":117,"column":1}},"line":103},"4":{"name":"(anonymous_4)","decl":{"start":{"line":127,"column":37},"end":{"line":127,"column":38}},"loc":{"start":{"line":127,"column":53},"end":{"line":146,"column":1}},"line":127}},"branchMap":{"0":{"loc":{"start":{"line":20,"column":4},"end":{"line":22,"column":5}},"type":"if","locations":[{"start":{"line":20,"column":4},"end":{"line":22,"column":5}},{"start":{},"end":{}}],"line":20},"1":{"loc":{"start":{"line":44,"column":2},"end":{"line":46,"column":3}},"type":"if","locations":[{"start":{"line":44,"column":2},"end":{"line":46,"column":3}},{"start":{},"end":{}}],"line":44},"2":{"loc":{"start":{"line":59,"column":2},"end":{"line":62,"column":3}},"type":"if","locations":[{"start":{"line":59,"column":2},"end":{"line":62,"column":3}},{"start":{},"end":{}}],"line":59},"3":{"loc":{"start":{"line":68,"column":4},"end":{"line":82,"column":5}},"type":"if","locations":[{"start":{"line":68,"column":4},"end":{"line":82,"column":5}},{"start":{"line":79,"column":11},"end":{"line":82,"column":5}}],"line":68},"4":{"loc":{"start":{"line":106,"column":2},"end":{"line":109,"column":3}},"type":"if","locations":[{"start":{"line":106,"column":2},"end":{"line":109,"column":3}},{"start":{},"end":{}}],"line":106},"5":{"loc":{"start":{"line":130,"column":2},"end":{"line":133,"column":3}},"type":"if","locations":[{"start":{"line":130,"column":2},"end":{"line":133,"column":3}},{"start":{},"end":{}}],"line":130},"6":{"loc":{"start":{"line":135,"column":2},"end":{"line":138,"column":3}},"type":"if","locations":[{"start":{"line":135,"column":2},"end":{"line":138,"column":3}},{"start":{},"end":{}}],"line":135}},"s":{"0":0,"1":0,"2":0,"3":0,"4":0,"5":0,"6":0,"7":0,"8":0,"9":0,"10":0,"11":0,"12":0,"13":0,"14":0,"15":0,"16":0,"17":0,"18":0,"19":0,"20":0,"21":0,"22":0,"23":0,"24":0,"25":0,"26":0,"27":0,"28":0,"29":0,"30":0,"31":0,"32":0,"33":0,"34":0,"35":0,"36":0,"37":0,"38":0,"39":0,"40":0,"41":0,"42":0,"43":0,"44":0,"45":0,"46":0},"f":{"0":0,"1":0,"2":0,"3":0,"4":0},"b":{"0":[0,0],"1":[0,0],"2":[0,0],"3":[0,0],"4":[0,0],"5":[0,0],"6":[0,0]}}
,"/Users/tucian/Proiecte/hotel-management/src/api/apiService.js": {"path":"/Users/tucian/Proiecte/hotel-management/src/api/apiService.js","statementMap":{"0":{"start":{"line":1,"column":16},"end":{"line":1,"column":43}},"1":{"start":{"line":3,"column":19},"end":{"line":30,"column":1}},"2":{"start":{"line":7,"column":4},"end":{"line":7,"column":60}},"3":{"start":{"line":9,"column":21},"end":{"line":13,"column":6}},"4":{"start":{"line":15,"column":4},"end":{"line":15,"column":60}},"5":{"start":{"line":17,"column":4},"end":{"line":17,"column":75}},"6":{"start":{"line":17,"column":22},"end":{"line":17,"column":75}},"7":{"start":{"line":19,"column":17},"end":{"line":19,"column":38}},"8":{"start":{"line":20,"column":4},"end":{"line":20,"column":41}},"9":{"start":{"line":22,"column":4},"end":{"line":22,"column":16}},"10":{"start":{"line":26,"column":21},"end":{"line":26,"column":52}},"11":{"start":{"line":27,"column":4},"end":{"line":27,"column":74}},"12":{"start":{"line":27,"column":22},"end":{"line":27,"column":74}},"13":{"start":{"line":28,"column":4},"end":{"line":28,"column":27}}},"fnMap":{"0":{"name":"(anonymous_0)","decl":{"start":{"line":5,"column":21},"end":{"line":5,"column":22}},"loc":{"start":{"line":5,"column":48},"end":{"line":23,"column":3}},"line":5},"1":{"name":"(anonymous_1)","decl":{"start":{"line":25,"column":12},"end":{"line":25,"column":13}},"loc":{"start":{"line":25,"column":24},"end":{"line":29,"column":3}},"line":25}},"branchMap":{"0":{"loc":{"start":{"line":17,"column":4},"end":{"line":17,"column":75}},"type":"if","locations":[{"start":{"line":17,"column":4},"end":{"line":17,"column":75}},{"start":{},"end":{}}],"line":17},"1":{"loc":{"start":{"line":27,"column":4},"end":{"line":27,"column":74}},"type":"if","locations":[{"start":{"line":27,"column":4},"end":{"line":27,"column":74}},{"start":{},"end":{}}],"line":27}},"s":{"0":1,"1":1,"2":0,"3":0,"4":0,"5":0,"6":0,"7":0,"8":0,"9":0,"10":0,"11":0,"12":0,"13":0},"f":{"0":0,"1":0},"b":{"0":[0,0],"1":[0,0]},"_coverageSchema":"1a1c01bbd47fc00a2c39e90264f33305004495a9","hash":"6699da8c5d832bbf9a252aa91074f1a81cc398b5"}
,"/Users/tucian/Proiecte/hotel-management/src/api/auth.service.js": {"path":"/Users/tucian/Proiecte/hotel-management/src/api/auth.service.js","statementMap":{"0":{"start":{"line":3,"column":24},"end":{"line":12,"column":1}},"1":{"start":{"line":4,"column":19},"end":{"line":10,"column":4}},"2":{"start":{"line":11,"column":2},"end":{"line":11,"column":25}},"3":{"start":{"line":14,"column":21},"end":{"line":23,"column":1}},"4":{"start":{"line":15,"column":19},"end":{"line":21,"column":4}},"5":{"start":{"line":22,"column":2},"end":{"line":22,"column":25}},"6":{"start":{"line":25,"column":26},"end":{"line":34,"column":1}},"7":{"start":{"line":26,"column":19},"end":{"line":32,"column":4}},"8":{"start":{"line":33,"column":2},"end":{"line":33,"column":25}},"9":{"start":{"line":36,"column":31},"end":{"line":45,"column":1}},"10":{"start":{"line":37,"column":19},"end":{"line":43,"column":4}},"11":{"start":{"line":44,"column":2},"end":{"line":44,"column":25}},"12":{"start":{"line":47,"column":32},"end":{"line":56,"column":1}},"13":{"start":{"line":48,"column":19},"end":{"line":54,"column":4}},"14":{"start":{"line":55,"column":2},"end":{"line":55,"column":25}},"15":{"start":{"line":58,"column":27},"end":{"line":61,"column":1}},"16":{"start":{"line":59,"column":19},"end":{"line":59,"column":76}},"17":{"start":{"line":60,"column":2},"end":{"line":60,"column":25}},"18":{"start":{"line":63,"column":30},"end":{"line":72,"column":1}},"19":{"start":{"line":64,"column":19},"end":{"line":70,"column":4}},"20":{"start":{"line":71,"column":2},"end":{"line":71,"column":25}},"21":{"start":{"line":74,"column":29},"end":{"line":83,"column":1}},"22":{"start":{"line":75,"column":19},"end":{"line":81,"column":4}},"23":{"start":{"line":82,"column":2},"end":{"line":82,"column":25}}},"fnMap":{"0":{"name":"(anonymous_0)","decl":{"start":{"line":3,"column":24},"end":{"line":3,"column":25}},"loc":{"start":{"line":3,"column":44},"end":{"line":12,"column":1}},"line":3},"1":{"name":"(anonymous_1)","decl":{"start":{"line":14,"column":21},"end":{"line":14,"column":22}},"loc":{"start":{"line":14,"column":44},"end":{"line":23,"column":1}},"line":14},"2":{"name":"(anonymous_2)","decl":{"start":{"line":25,"column":26},"end":{"line":25,"column":27}},"loc":{"start":{"line":25,"column":47},"end":{"line":34,"column":1}},"line":25},"3":{"name":"(anonymous_3)","decl":{"start":{"line":36,"column":31},"end":{"line":36,"column":32}},"loc":{"start":{"line":36,"column":54},"end":{"line":45,"column":1}},"line":36},"4":{"name":"(anonymous_4)","decl":{"start":{"line":47,"column":32},"end":{"line":47,"column":33}},"loc":{"start":{"line":47,"column":55},"end":{"line":56,"column":1}},"line":47},"5":{"name":"(anonymous_5)","decl":{"start":{"line":58,"column":27},"end":{"line":58,"column":28}},"loc":{"start":{"line":58,"column":44},"end":{"line":61,"column":1}},"line":58},"6":{"name":"(anonymous_6)","decl":{"start":{"line":63,"column":30},"end":{"line":63,"column":31}},"loc":{"start":{"line":63,"column":47},"end":{"line":72,"column":1}},"line":63},"7":{"name":"(anonymous_7)","decl":{"start":{"line":74,"column":29},"end":{"line":74,"column":30}},"loc":{"start":{"line":74,"column":50},"end":{"line":83,"column":1}},"line":74}},"branchMap":{},"s":{"0":0,"1":0,"2":0,"3":0,"4":0,"5":0,"6":0,"7":0,"8":0,"9":0,"10":0,"11":0,"12":0,"13":0,"14":0,"15":0,"16":0,"17":0,"18":0,"19":0,"20":0,"21":0,"22":0,"23":0},"f":{"0":0,"1":0,"2":0,"3":0,"4":0,"5":0,"6":0,"7":0},"b":{}}
,"/Users/tucian/Proiecte/hotel-management/src/api/index.js": {"path":"/Users/tucian/Proiecte/hotel-management/src/api/index.js","statementMap":{"0":{"start":{"line":7,"column":28},"end":{"line":7,"column":55}},"1":{"start":{"line":10,"column":30},"end":{"line":13,"column":2}},"2":{"start":{"line":10,"column":42},"end":{"line":13,"column":1}}},"fnMap":{"0":{"name":"(anonymous_0)","decl":{"start":{"line":10,"column":30},"end":{"line":10,"column":31}},"loc":{"start":{"line":10,"column":42},"end":{"line":13,"column":1}},"line":10}},"branchMap":{},"s":{"0":0,"1":0,"2":0},"f":{"0":0},"b":{}}
,"/Users/tucian/Proiecte/hotel-management/src/api/reservation.service.js": {"path":"/Users/tucian/Proiecte/hotel-management/src/api/reservation.service.js","statementMap":{"0":{"start":{"line":3,"column":33},"end":{"line":10,"column":1}},"1":{"start":{"line":4,"column":19},"end":{"line":8,"column":4}},"2":{"start":{"line":9,"column":2},"end":{"line":9,"column":25}},"3":{"start":{"line":12,"column":33},"end":{"line":19,"column":1}},"4":{"start":{"line":13,"column":19},"end":{"line":17,"column":4}},"5":{"start":{"line":18,"column":2},"end":{"line":18,"column":25}},"6":{"start":{"line":21,"column":33},"end":{"line":27,"column":1}},"7":{"start":{"line":22,"column":19},"end":{"line":25,"column":4}},"8":{"start":{"line":26,"column":2},"end":{"line":26,"column":25}}},"fnMap":{"0":{"name":"(anonymous_0)","decl":{"start":{"line":3,"column":33},"end":{"line":3,"column":34}},"loc":{"start":{"line":3,"column":67},"end":{"line":10,"column":1}},"line":3},"1":{"name":"(anonymous_1)","decl":{"start":{"line":12,"column":33},"end":{"line":12,"column":34}},"loc":{"start":{"line":12,"column":71},"end":{"line":19,"column":1}},"line":12},"2":{"name":"(anonymous_2)","decl":{"start":{"line":21,"column":33},"end":{"line":21,"column":34}},"loc":{"start":{"line":21,"column":54},"end":{"line":27,"column":1}},"line":21}},"branchMap":{},"s":{"0":0,"1":0,"2":0,"3":0,"4":0,"5":0,"6":0,"7":0,"8":0},"f":{"0":0,"1":0,"2":0},"b":{}}
,"/Users/tucian/Proiecte/hotel-management/src/api/room-status.service.js": {"path":"/Users/tucian/Proiecte/hotel-management/src/api/room-status.service.js","statementMap":{"0":{"start":{"line":3,"column":34},"end":{"line":8,"column":1}},"1":{"start":{"line":4,"column":19},"end":{"line":6,"column":4}},"2":{"start":{"line":7,"column":2},"end":{"line":7,"column":25}},"3":{"start":{"line":10,"column":29},"end":{"line":15,"column":1}},"4":{"start":{"line":11,"column":19},"end":{"line":13,"column":4}},"5":{"start":{"line":14,"column":2},"end":{"line":14,"column":25}},"6":{"start":{"line":17,"column":32},"end":{"line":24,"column":1}},"7":{"start":{"line":18,"column":19},"end":{"line":22,"column":4}},"8":{"start":{"line":23,"column":2},"end":{"line":23,"column":25}},"9":{"start":{"line":26,"column":32},"end":{"line":33,"column":1}},"10":{"start":{"line":27,"column":19},"end":{"line":31,"column":4}},"11":{"start":{"line":32,"column":2},"end":{"line":32,"column":25}},"12":{"start":{"line":35,"column":32},"end":{"line":41,"column":1}},"13":{"start":{"line":36,"column":19},"end":{"line":39,"column":4}},"14":{"start":{"line":40,"column":2},"end":{"line":40,"column":25}}},"fnMap":{"0":{"name":"(anonymous_0)","decl":{"start":{"line":3,"column":34},"end":{"line":3,"column":35}},"loc":{"start":{"line":3,"column":51},"end":{"line":8,"column":1}},"line":3},"1":{"name":"(anonymous_1)","decl":{"start":{"line":10,"column":29},"end":{"line":10,"column":30}},"loc":{"start":{"line":10,"column":58},"end":{"line":15,"column":1}},"line":10},"2":{"name":"(anonymous_2)","decl":{"start":{"line":17,"column":32},"end":{"line":17,"column":33}},"loc":{"start":{"line":17,"column":61},"end":{"line":24,"column":1}},"line":17},"3":{"name":"(anonymous_3)","decl":{"start":{"line":26,"column":32},"end":{"line":26,"column":33}},"loc":{"start":{"line":26,"column":73},"end":{"line":33,"column":1}},"line":26},"4":{"name":"(anonymous_4)","decl":{"start":{"line":35,"column":32},"end":{"line":35,"column":33}},"loc":{"start":{"line":35,"column":61},"end":{"line":41,"column":1}},"line":35}},"branchMap":{},"s":{"0":0,"1":0,"2":0,"3":0,"4":0,"5":0,"6":0,"7":0,"8":0,"9":0,"10":0,"11":0,"12":0,"13":0,"14":0},"f":{"0":0,"1":0,"2":0,"3":0,"4":0},"b":{}}
,"/Users/tucian/Proiecte/hotel-management/src/api/room.service.js": {"path":"/Users/tucian/Proiecte/hotel-management/src/api/room.service.js","statementMap":{"0":{"start":{"line":3,"column":27},"end":{"line":8,"column":1}},"1":{"start":{"line":4,"column":19},"end":{"line":6,"column":4}},"2":{"start":{"line":7,"column":2},"end":{"line":7,"column":25}},"3":{"start":{"line":10,"column":26},"end":{"line":17,"column":1}},"4":{"start":{"line":11,"column":19},"end":{"line":15,"column":4}},"5":{"start":{"line":16,"column":2},"end":{"line":16,"column":25}},"6":{"start":{"line":19,"column":26},"end":{"line":26,"column":1}},"7":{"start":{"line":20,"column":19},"end":{"line":24,"column":4}},"8":{"start":{"line":25,"column":2},"end":{"line":25,"column":25}},"9":{"start":{"line":28,"column":26},"end":{"line":34,"column":1}},"10":{"start":{"line":29,"column":19},"end":{"line":32,"column":4}},"11":{"start":{"line":33,"column":2},"end":{"line":33,"column":25}}},"fnMap":{"0":{"name":"(anonymous_0)","decl":{"start":{"line":3,"column":27},"end":{"line":3,"column":28}},"loc":{"start":{"line":3,"column":44},"end":{"line":8,"column":1}},"line":3},"1":{"name":"(anonymous_1)","decl":{"start":{"line":10,"column":26},"end":{"line":10,"column":27}},"loc":{"start":{"line":10,"column":53},"end":{"line":17,"column":1}},"line":10},"2":{"name":"(anonymous_2)","decl":{"start":{"line":19,"column":26},"end":{"line":19,"column":27}},"loc":{"start":{"line":19,"column":65},"end":{"line":26,"column":1}},"line":19},"3":{"name":"(anonymous_3)","decl":{"start":{"line":28,"column":26},"end":{"line":28,"column":27}},"loc":{"start":{"line":28,"column":55},"end":{"line":34,"column":1}},"line":28}},"branchMap":{},"s":{"0":0,"1":0,"2":0,"3":0,"4":0,"5":0,"6":0,"7":0,"8":0,"9":0,"10":0,"11":0},"f":{"0":0,"1":0,"2":0,"3":0},"b":{}}
,"/Users/tucian/Proiecte/hotel-management/src/api/stock.service.js": {"path":"/Users/tucian/Proiecte/hotel-management/src/api/stock.service.js","statementMap":{"0":{"start":{"line":3,"column":27},"end":{"line":8,"column":1}},"1":{"start":{"line":4,"column":19},"end":{"line":6,"column":4}},"2":{"start":{"line":7,"column":2},"end":{"line":7,"column":25}},"3":{"start":{"line":10,"column":31},"end":{"line":17,"column":1}},"4":{"start":{"line":11,"column":19},"end":{"line":15,"column":4}},"5":{"start":{"line":16,"column":2},"end":{"line":16,"column":25}},"6":{"start":{"line":19,"column":31},"end":{"line":26,"column":1}},"7":{"start":{"line":20,"column":19},"end":{"line":24,"column":4}},"8":{"start":{"line":25,"column":2},"end":{"line":25,"column":25}},"9":{"start":{"line":28,"column":31},"end":{"line":34,"column":1}},"10":{"start":{"line":29,"column":19},"end":{"line":32,"column":4}},"11":{"start":{"line":33,"column":2},"end":{"line":33,"column":25}}},"fnMap":{"0":{"name":"(anonymous_0)","decl":{"start":{"line":3,"column":27},"end":{"line":3,"column":28}},"loc":{"start":{"line":3,"column":44},"end":{"line":8,"column":1}},"line":3},"1":{"name":"(anonymous_1)","decl":{"start":{"line":10,"column":31},"end":{"line":10,"column":32}},"loc":{"start":{"line":10,"column":59},"end":{"line":17,"column":1}},"line":10},"2":{"name":"(anonymous_2)","decl":{"start":{"line":19,"column":31},"end":{"line":19,"column":32}},"loc":{"start":{"line":19,"column":63},"end":{"line":26,"column":1}},"line":19},"3":{"name":"(anonymous_3)","decl":{"start":{"line":28,"column":31},"end":{"line":28,"column":32}},"loc":{"start":{"line":28,"column":52},"end":{"line":34,"column":1}},"line":28}},"branchMap":{},"s":{"0":0,"1":0,"2":0,"3":0,"4":0,"5":0,"6":0,"7":0,"8":0,"9":0,"10":0,"11":0},"f":{"0":0,"1":0,"2":0,"3":0},"b":{}}
,"/Users/tucian/Proiecte/hotel-management/src/components/LoadingFallback.jsx": {"path":"/Users/tucian/Proiecte/hotel-management/src/components/LoadingFallback.jsx","statementMap":{"0":{"start":{"line":4,"column":24},"end":{"line":12,"column":1}},"1":{"start":{"line":5,"column":2},"end":{"line":11,"column":4}}},"fnMap":{"0":{"name":"(anonymous_0)","decl":{"start":{"line":4,"column":24},"end":{"line":4,"column":25}},"loc":{"start":{"line":4,"column":30},"end":{"line":12,"column":1}},"line":4}},"branchMap":{},"s":{"0":0,"1":0},"f":{"0":0},"b":{}}
,"/Users/tucian/Proiecte/hotel-management/src/components/AddPhoneNumber/AddPhoneNumber.jsx": {"path":"/Users/tucian/Proiecte/hotel-management/src/components/AddPhoneNumber/AddPhoneNumber.jsx","statementMap":{"0":{"start":{"line":20,"column":23},"end":{"line":78,"column":1}},"1":{"start":{"line":21,"column":40},"end":{"line":21,"column":73}},"2":{"start":{"line":23,"column":28},"end":{"line":25,"column":3}},"3":{"start":{"line":24,"column":4},"end":{"line":24,"column":35}},"4":{"start":{"line":27,"column":23},"end":{"line":32,"column":3}},"5":{"start":{"line":28,"column":4},"end":{"line":31,"column":7}},"6":{"start":{"line":34,"column":2},"end":{"line":77,"column":4}},"7":{"start":{"line":80,"column":0},"end":{"line":84,"column":2}}},"fnMap":{"0":{"name":"(anonymous_0)","decl":{"start":{"line":20,"column":23},"end":{"line":20,"column":24}},"loc":{"start":{"line":20,"column":56},"end":{"line":78,"column":1}},"line":20},"1":{"name":"(anonymous_1)","decl":{"start":{"line":23,"column":28},"end":{"line":23,"column":29}},"loc":{"start":{"line":23,"column":35},"end":{"line":25,"column":3}},"line":23},"2":{"name":"(anonymous_2)","decl":{"start":{"line":27,"column":23},"end":{"line":27,"column":24}},"loc":{"start":{"line":27,"column":29},"end":{"line":32,"column":3}},"line":27}},"branchMap":{"0":{"loc":{"start":{"line":21,"column":49},"end":{"line":21,"column":72}},"type":"binary-expr","locations":[{"start":{"line":21,"column":49},"end":{"line":21,"column":66}},{"start":{"line":21,"column":70},"end":{"line":21,"column":72}}],"line":21},"1":{"loc":{"start":{"line":41,"column":7},"end":{"line":47,"column":7}},"type":"binary-expr","locations":[{"start":{"line":41,"column":7},"end":{"line":41,"column":11}},{"start":{"line":42,"column":8},"end":{"line":46,"column":14}}],"line":41}},"s":{"0":0,"1":0,"2":0,"3":0,"4":0,"5":0,"6":0,"7":0},"f":{"0":0,"1":0,"2":0},"b":{"0":[0,0],"1":[0,0]}}
,"/Users/tucian/Proiecte/hotel-management/src/components/Admin/AdminView.jsx": {"path":"/Users/tucian/Proiecte/hotel-management/src/components/Admin/AdminView.jsx","statementMap":{"0":{"start":{"line":4,"column":18},"end":{"line":386,"column":1}},"1":{"start":{"line":5,"column":36},"end":{"line":5,"column":53}},"2":{"start":{"line":6,"column":40},"end":{"line":10,"column":4}},"3":{"start":{"line":12,"column":15},"end":{"line":17,"column":3}},"4":{"start":{"line":19,"column":25},"end":{"line":25,"column":3}},"5":{"start":{"line":20,"column":4},"end":{"line":20,"column":23}},"6":{"start":{"line":20,"column":16},"end":{"line":20,"column":23}},"7":{"start":{"line":21,"column":4},"end":{"line":24,"column":8}},"8":{"start":{"line":21,"column":28},"end":{"line":24,"column":5}},"9":{"start":{"line":27,"column":28},"end":{"line":32,"column":3}},"10":{"start":{"line":28,"column":4},"end":{"line":31,"column":8}},"11":{"start":{"line":28,"column":28},"end":{"line":31,"column":5}},"12":{"start":{"line":30,"column":41},"end":{"line":30,"column":64}},"13":{"start":{"line":34,"column":29},"end":{"line":63,"column":3}},"14":{"start":{"line":36,"column":24},"end":{"line":43,"column":5}},"15":{"start":{"line":37,"column":55},"end":{"line":37,"column":99}},"16":{"start":{"line":45,"column":4},"end":{"line":62,"column":6}},"17":{"start":{"line":49,"column":64},"end":{"line":49,"column":88}},"18":{"start":{"line":65,"column":24},"end":{"line":352,"column":3}},"19":{"start":{"line":66,"column":4},"end":{"line":351,"column":5}},"20":{"start":{"line":68,"column":8},"end":{"line":235,"column":10}},"21":{"start":{"line":104,"column":22},"end":{"line":118,"column":28}},"22":{"start":{"line":108,"column":41},"end":{"line":108,"column":66}},"23":{"start":{"line":114,"column":41},"end":{"line":114,"column":76}},"24":{"start":{"line":126,"column":24},"end":{"line":129,"column":25}},"25":{"start":{"line":127,"column":26},"end":{"line":127,"column":68}},"26":{"start":{"line":128,"column":26},"end":{"line":128,"column":46}},"27":{"start":{"line":153,"column":22},"end":{"line":167,"column":28}},"28":{"start":{"line":157,"column":41},"end":{"line":157,"column":66}},"29":{"start":{"line":163,"column":41},"end":{"line":163,"column":80}},"30":{"start":{"line":175,"column":24},"end":{"line":178,"column":25}},"31":{"start":{"line":176,"column":26},"end":{"line":176,"column":72}},"32":{"start":{"line":177,"column":26},"end":{"line":177,"column":46}},"33":{"start":{"line":202,"column":22},"end":{"line":216,"column":28}},"34":{"start":{"line":206,"column":41},"end":{"line":206,"column":66}},"35":{"start":{"line":212,"column":41},"end":{"line":212,"column":78}},"36":{"start":{"line":224,"column":24},"end":{"line":227,"column":25}},"37":{"start":{"line":225,"column":26},"end":{"line":225,"column":70}},"38":{"start":{"line":226,"column":26},"end":{"line":226,"column":46}},"39":{"start":{"line":238,"column":8},"end":{"line":271,"column":10}},"40":{"start":{"line":274,"column":8},"end":{"line":309,"column":10}},"41":{"start":{"line":312,"column":8},"end":{"line":347,"column":10}},"42":{"start":{"line":350,"column":8},"end":{"line":350,"column":20}},"43":{"start":{"line":354,"column":48},"end":{"line":354,"column":62}},"44":{"start":{"line":356,"column":2},"end":{"line":385,"column":4}},"45":{"start":{"line":364,"column":10},"end":{"line":371,"column":19}},"46":{"start":{"line":367,"column":27},"end":{"line":367,"column":47}}},"fnMap":{"0":{"name":"(anonymous_0)","decl":{"start":{"line":4,"column":18},"end":{"line":4,"column":19}},"loc":{"start":{"line":4,"column":24},"end":{"line":386,"column":1}},"line":4},"1":{"name":"(anonymous_1)","decl":{"start":{"line":19,"column":25},"end":{"line":19,"column":26}},"loc":{"start":{"line":19,"column":42},"end":{"line":25,"column":3}},"line":19},"2":{"name":"(anonymous_2)","decl":{"start":{"line":21,"column":19},"end":{"line":21,"column":20}},"loc":{"start":{"line":21,"column":28},"end":{"line":24,"column":5}},"line":21},"3":{"name":"(anonymous_3)","decl":{"start":{"line":27,"column":28},"end":{"line":27,"column":29}},"loc":{"start":{"line":27,"column":53},"end":{"line":32,"column":3}},"line":27},"4":{"name":"(anonymous_4)","decl":{"start":{"line":28,"column":19},"end":{"line":28,"column":20}},"loc":{"start":{"line":28,"column":28},"end":{"line":31,"column":5}},"line":28},"5":{"name":"(anonymous_5)","decl":{"start":{"line":30,"column":32},"end":{"line":30,"column":33}},"loc":{"start":{"line":30,"column":41},"end":{"line":30,"column":64}},"line":30},"6":{"name":"(anonymous_6)","decl":{"start":{"line":34,"column":29},"end":{"line":34,"column":30}},"loc":{"start":{"line":34,"column":40},"end":{"line":63,"column":3}},"line":34},"7":{"name":"(anonymous_7)","decl":{"start":{"line":37,"column":47},"end":{"line":37,"column":48}},"loc":{"start":{"line":37,"column":55},"end":{"line":37,"column":99}},"line":37},"8":{"name":"(anonymous_8)","decl":{"start":{"line":49,"column":58},"end":{"line":49,"column":59}},"loc":{"start":{"line":49,"column":64},"end":{"line":49,"column":88}},"line":49},"9":{"name":"(anonymous_9)","decl":{"start":{"line":65,"column":24},"end":{"line":65,"column":25}},"loc":{"start":{"line":65,"column":30},"end":{"line":352,"column":3}},"line":65},"10":{"name":"(anonymous_10)","decl":{"start":{"line":103,"column":45},"end":{"line":103,"column":46}},"loc":{"start":{"line":104,"column":22},"end":{"line":118,"column":28}},"line":104},"11":{"name":"(anonymous_11)","decl":{"start":{"line":108,"column":35},"end":{"line":108,"column":36}},"loc":{"start":{"line":108,"column":41},"end":{"line":108,"column":66}},"line":108},"12":{"name":"(anonymous_12)","decl":{"start":{"line":114,"column":35},"end":{"line":114,"column":36}},"loc":{"start":{"line":114,"column":41},"end":{"line":114,"column":76}},"line":114},"13":{"name":"(anonymous_13)","decl":{"start":{"line":125,"column":34},"end":{"line":125,"column":35}},"loc":{"start":{"line":125,"column":41},"end":{"line":130,"column":23}},"line":125},"14":{"name":"(anonymous_14)","decl":{"start":{"line":152,"column":49},"end":{"line":152,"column":50}},"loc":{"start":{"line":153,"column":22},"end":{"line":167,"column":28}},"line":153},"15":{"name":"(anonymous_15)","decl":{"start":{"line":157,"column":35},"end":{"line":157,"column":36}},"loc":{"start":{"line":157,"column":41},"end":{"line":157,"column":66}},"line":157},"16":{"name":"(anonymous_16)","decl":{"start":{"line":163,"column":35},"end":{"line":163,"column":36}},"loc":{"start":{"line":163,"column":41},"end":{"line":163,"column":80}},"line":163},"17":{"name":"(anonymous_17)","decl":{"start":{"line":174,"column":34},"end":{"line":174,"column":35}},"loc":{"start":{"line":174,"column":41},"end":{"line":179,"column":23}},"line":174},"18":{"name":"(anonymous_18)","decl":{"start":{"line":201,"column":47},"end":{"line":201,"column":48}},"loc":{"start":{"line":202,"column":22},"end":{"line":216,"column":28}},"line":202},"19":{"name":"(anonymous_19)","decl":{"start":{"line":206,"column":35},"end":{"line":20
[...]
:{"start":{"line":93,"column":6},"end":{"line":93,"column":75}},"30":{"start":{"line":98,"column":2},"end":{"line":107,"column":4}},"31":{"start":{"line":99,"column":4},"end":{"line":99,"column":59}},"32":{"start":{"line":100,"column":4},"end":{"line":106,"column":7}},"33":{"start":{"line":117,"column":31},"end":{"line":211,"column":1}},"34":{"start":{"line":119,"column":2},"end":{"line":148,"column":3}},"35":{"start":{"line":120,"column":25},"end":{"line":120,"column":29}},"36":{"start":{"line":123,"column":4},"end":{"line":127,"column":5}},"37":{"start":{"line":125,"column":6},"end":{"line":125,"column":69}},"38":{"start":{"line":126,"column":6},"end":{"line":126,"column":13}},"39":{"start":{"line":130,"column":4},"end":{"line":133,"column":5}},"40":{"start":{"line":131,"column":6},"end":{"line":131,"column":71}},"41":{"start":{"line":132,"column":6},"end":{"line":132,"column":13}},"42":{"start":{"line":135,"column":4},"end":{"line":138,"column":5}},"43":{"start":{"line":136,"column":6},"end":{"line":136,"column":79}},"44":{"start":{"line":137,"column":6},"end":{"line":137,"column":13}},"45":{"start":{"line":140,"column":4},"end":{"line":143,"column":5}},"46":{"start":{"line":141,"column":6},"end":{"line":141,"column":79}},"47":{"start":{"line":142,"column":6},"end":{"line":142,"column":13}},"48":{"start":{"line":146,"column":4},"end":{"line":146,"column":69}},"49":{"start":{"line":147,"column":4},"end":{"line":147,"column":11}},"50":{"start":{"line":151,"column":2},"end":{"line":200,"column":3}},"51":{"start":{"line":152,"column":4},"end":{"line":198,"column":5}},"52":{"start":{"line":153,"column":25},"end":{"line":153,"column":41}},"53":{"start":{"line":156,"column":6},"end":{"line":160,"column":7}},"54":{"start":{"line":158,"column":8},"end":{"line":158,"column":67}},"55":{"start":{"line":159,"column":8},"end":{"line":159,"column":15}},"56":{"start":{"line":163,"column":6},"end":{"line":166,"column":7}},"57":{"start":{"line":164,"column":8},"end":{"line":164,"column":71}},"58":{"start":{"line":165,"column":8},"end":{"line":165,"column":15}},"59":{"start":{"line":168,"column":6},"end":{"line":171,"column":7}},"60":{"start":{"line":169,"column":8},"end":{"line":169,"column":80}},"61":{"start":{"line":170,"column":8},"end":{"line":170,"column":15}},"62":{"start":{"line":173,"column":6},"end":{"line":179,"column":7}},"63":{"start":{"line":174,"column":8},"end":{"line":177,"column":11}},"64":{"start":{"line":178,"column":8},"end":{"line":178,"column":15}},"65":{"start":{"line":181,"column":6},"end":{"line":184,"column":7}},"66":{"start":{"line":182,"column":8},"end":{"line":182,"column":79}},"67":{"start":{"line":183,"column":8},"end":{"line":183,"column":15}},"68":{"start":{"line":187,"column":6},"end":{"line":187,"column":69}},"69":{"start":{"line":190,"column":6},"end":{"line":190,"column":80}},"70":{"start":{"line":191,"column":6},"end":{"line":197,"column":9}},"71":{"start":{"line":199,"column":4},"end":{"line":199,"column":11}},"72":{"start":{"line":203,"column":2},"end":{"line":203,"column":72}},"73":{"start":{"line":204,"column":2},"end":{"line":210,"column":5}},"74":{"start":{"line":220,"column":38},"end":{"line":239,"column":1}},"75":{"start":{"line":221,"column":20},"end":{"line":221,"column":38}},"76":{"start":{"line":223,"column":2},"end":{"line":238,"column":3}},"77":{"start":{"line":224,"column":4},"end":{"line":224,"column":55}},"78":{"start":{"line":226,"column":7},"end":{"line":238,"column":3}},"79":{"start":{"line":227,"column":4},"end":{"line":227,"column":63}},"80":{"start":{"line":229,"column":7},"end":{"line":238,"column":3}},"81":{"start":{"line":230,"column":4},"end":{"line":230,"column":63}},"82":{"start":{"line":232,"column":7},"end":{"line":238,"column":3}},"83":{"start":{"line":233,"column":4},"end":{"line":233,"column":58}},"84":{"start":{"line":237,"column":4},"end":{"line":237,"column":55}},"85":{"start":{"line":242,"column":0},"end":{"line":242,"column":19}},"86":{"start":{"line":253,"column":0},"end":{"line":340,"column":2}},"87":{"start":{"line":254,"column":2},"end":{"line":254,"column":70}},"88":{"start":{"line":256,"column":28},"end":{"line":256,"column":38}},"89":{"start":{"line":259,"column":2},"end":{"line":339,"column":3}},"90":{"start":{"line":260,"column":4},"end":{"line":263,"column":5}},"91":{"start":{"line":261,"column":6},"end":{"line":261,"column":60}},"92":{"start":{"line":262,"column":6},"end":{"line":262,"column":25}},"93":{"start":{"line":266,"column":7},"end":{"line":339,"column":3}},"94":{"start":{"line":267,"column":4},"end":{"line":303,"column":5}},"95":{"start":{"line":271,"column":6},"end":{"line":285,"column":7}},"96":{"start":{"line":272,"column":8},"end":{"line":281,"column":9}},"97":{"start":{"line":274,"column":10},"end":{"line":274,"column":46}},"98":{"start":{"line":277,"column":10},"end":{"line":280,"column":12}},"99":{"start":{"line":284,"column":8},"end":{"line":284,"column":32}},"100":{"start":{"line":287,"column":6},"end":{"line":287,"column":68}},"101":{"start":{"line":288,"column":6},"end":{"line":288,"column":49}},"102":{"start":{"line":290,"column":6},"end":{"line":290,"column":79}},"103":{"start":{"line":291,"column":6},"end":{"line":297,"column":9}},"104":{"start":{"line":300,"column":6},"end":{"line":302,"column":7}},"105":{"start":{"line":301,"column":8},"end":{"line":301,"column":27}},"106":{"start":{"line":306,"column":7},"end":{"line":339,"column":3}},"107":{"start":{"line":307,"column":4},"end":{"line":317,"column":5}},"108":{"start":{"line":308,"column":6},"end":{"line":308,"column":72}},"109":{"start":{"line":311,"column":6},"end":{"line":314,"column":10}},"110":{"start":{"line":316,"column":6},"end":{"line":316,"column":89}},"111":{"start":{"line":320,"column":7},"end":{"line":339,"column":3}},"112":{"start":{"line":321,"column":4},"end":{"line":338,"column":5}},"113":{"start":{"line":322,"column":6},"end":{"line":322,"column":73}},"114":{"start":{"line":325,"column":6},"end":{"line":328,"column":7}},"115":{"start":{"line":326,"column":8},"end":{"line":326,"column":82}},"116":{"start":{"line":327,"column":8},"end":{"line":327,"column":15}},"117":{"start":{"line":331,"column":6},"end":{"line":335,"column":10}},"118":{"start":{"line":337,"column":6},"end":{"line":337,"column":90}}},"fnMap":{"0":{"name":"(anonymous_0)","decl":{"start":{"line":49,"column":25},"end":{"line":49,"column":26}},"loc":{"start":{"line":49,"column":31},"end":{"line":108,"column":1}},"line":49},"1":{"name":"(anonymous_1)","decl":{"start":{"line":53,"column":18},"end":{"line":53,"column":19}},"loc":{"start":{"line":53,"column":24},"end":{"line":63,"column":3}},"line":53},"2":{"name":"(anonymous_2)","decl":{"start":{"line":66,"column":21},"end":{"line":66,"column":22}},"loc":{"start":{"line":66,"column":32},"end":{"line":75,"column":3}},"line":66},"3":{"name":"(anonymous_3)","decl":{"start":{"line":78,"column":19},"end":{"line":78,"column":20}},"loc":{"start":{"line":78,"column":25},"end":{"line":95,"column":3}},"line":78},"4":{"name":"(anonymous_4)","decl":{"start":{"line":98,"column":19},"end":{"line":98,"column":20}},"loc":{"start":{"line":98,"column":30},"end":{"line":107,"column":3}},"line":98},"5":{"name":"(anonymous_5)","decl":{"start":{"line":117,"column":31},"end":{"line":117,"column":32}},"loc":{"start":{"line":117,"column":41},"end":{"line":211,"column":1}},"line":117},"6":{"name":"(anonymous_6)","decl":{"start":{"line":220,"column":38},"end":{"line":220,"column":39}},"loc":{"start":{"line":220,"column":57},"end":{"line":239,"column":1}},"line":220},"7":{"name":"(anonymous_7)","decl":{"start":{"line":253,"column":17},"end":{"line":253,"column":18}},"loc":{"start":{"line":253,"column":28},"end":{"line":340,"column":1}},"line":253}},"branchMap":{"0":{"loc":{"start":{"line":57,"column":4},"end":{"line":60,"column":5}},"type":"if","locations":[{"start":{"line":57,"column":4},"end":{"line":60,"column":5}},{"start":{},"end":{}}],"line":57},"1":{"loc":{"start":{"line":82,"column":4},"end":{"line":85,"column":5}},"type":"if","locations":[{"start":{"line":82,"column":4},"end":{"line":85,"column":5}},{"start":{},"end":{}}],"line":82},"2":{"loc":{"start":{"line":88,"column":4},"end":{"line":94,"column":5}},"type":"if","locations":[{"start":{"line":88,"column":4},"end":{"line":94,"column":5}},{"start":{"line":92,"column":11},"end":{"line":94,"column":5}}],"line":88},"3":{"loc":{"start":{"line":119,"column":2},"end":{"line":148,"column":3}},"type":"if","locations":[{"start":{"line":119,"column":2},"end":{"line":148,"column":3}},{"start":{},"end":{}}],"line":119},"4":{"loc":{"start":{"line":119,"column":6},"end":{"line":119,"column":47}},"type":"binary-expr","locations":[{"start":{"line":119,"column":6},"end":{"line":119,"column":30}},{"start":{"line":119,"column":34},"end":{"line":119,"column":47}}],"line":119},"5":{"loc":{"start":{"line":123,"column":4},"end":{"line":127,"column":5}},"type":"if","locations":[{"start":{"line":123,"column":4},"end":{"line":127,"column":5}},{"start":{},"end":{}}],"line":123},"6":{"loc":{"start":{"line":123,"column":8},"end":{"line":123,"column":66}},"type":"binary-expr","locations":[{"start":{"line":123,"column":8},"end":{"line":123,"column":25}},{"start":{"line":123,"column":29},"end":{"line":123,"column":66}}],"line":123},"7":{"loc":{"start":{"line":130,"column":4},"end":{"line":133,"column":5}},"type":"if","locations":[{"start":{"line":130,"column":4},"end":{"line":133,"column":5}},{"start":{},"end":{}}],"line":130},"8":{"loc":{"start":{"line":130,"column":8},"end":{"line":130,"column":51}},"type":"binary-expr","locations":[{"start":{"line":130,"column":8},"end":{"line":130,"column":27}},{"start":{"line":130,"column":31},"end":{"line":130,"column":51}}],"line":130},"9":{"loc":{"start":{"line":135,"column":4},"end":{"line":138,"column":5}},"type":"if","locations":[{"start":{"line":135,"column":4},"end":{"line":138,"column":5}},{"start":{},"end":{}}],"line":135},"10":{"loc":{"start":{"line":140,"column":4},"end":{"line":143,"column":5}},"type":"if","locations":[{"start":{"line":140,"column":4},"end":{"line":143,"column":5}},{"start":{},"end":{}}],"line":140},"11":{"loc":{"start":{"line":151,"column":2},"end":{"line":200,"column":3}},"type":"if","locations":[{"start":{"line":151,"column":2},"end":{"line":200,"column":3}},{"start":{},"end":{}}],"line":151},"12":{"loc":{"start":{"line":156,"column":6},"end":{"line":160,"column":7}},"type":"if","locations":[{"start":{"line":156,"column":6},"end":{"line":160,"column":7}},{"start":{},"end":{}}],"line":156},"13":{"loc":{"start":{"line":156,"column":10},"end":{"line":156,"column":64}},"type":"binary-expr","locations":[{"start":{"line":156,"column":10},"end":{"line":156,"column":25}},{"start":{"line":156,"column":29},"end":{"line":156,"column":64}}],"line":156},"14":{"loc":{"start":{"line":163,"column":6},"end":{"line":166,"column":7}},"type":"if","locations":[{"start":{"line":163,"column":6},"end":{"line":166,"column":7}},{"start":{},"end":{}}],"line":163},"15":{"loc":{"start":{"line":163,"column":10},"end":{"line":163,"column":49}},"type":"binary-expr","locations":[{"start":{"line":163,"column":10},"end":{"line":163,"column":27}},{"start":{"line":163,"column":31},"end":{"line":163,"column":49}}],"line":163},"16":{"loc":{"start":{"line":168,"column":6},"end":{"line":171,"column":7}},"type":"if","locations":[{"start":{"line":168,"column":6},"end":{"line":171,"column":7}},{"start":{},"end":{}}],"line":168},"17":{"loc":{"start":{"line":168,"column":10},"end":{"line":168,"column":59}},"type":"binary-expr","locations":[{"start":{"line":168,"column":10},"end":{"line":168,"column":29}},{"start":{"line":168,"column":33},"end":{"line":168,"column":59}}],"line":168},"18":{"loc":{"start":{"line":173,"column":6},"end":{"line":179,"column":7}},"type":"if","locations":[{"start":{"line":173,"column":6},"end":{"line":179,"column":7}},{"start":{},"end":{}}],"line":173},"19":{"loc":{"start":{"line":173,"column":10},"end":{"line":173,"column":77}},"type":"binary-expr","locations":[{"start":{"line":173,"column":10},"end":{"line":173,"column":48}},{"start":{"line":173,"column":52},"end":{"line":173,"column":77}}],"line":173},"20":{"loc":{"start":{"line":176,"column":19},"end":{"line":176,"column":88}},"type":"cond-expr","locations":[{"start":{"line":176,"column":47},"end":{"line":176,"column":75}},{"start":{"line":176,"column":78},"end":{"line":176,"column":88}}],"line":176},"21":{"loc":{"start":{"line":181,"column":6},"end":{"line":184,"column":7}},"type":"if","locations":[{"start":{"line":181,"column":6},"end":{"line":184,"column":7}},{"start":{},"end":{}}],"line":181},"22":{"loc":{"start":{"line":223,"column":2},"end":{"line":238,"column":3}},"type":"if","locations":[{"start":{"line":223,"column":2},"end":{"line":238,"column":3}},{"start":{"line":226,"column":7},"end":{"line":238,"column":3}}],"line":223},"23":{"loc":{"start":{"line":223,"column":6},"end":{"line":223,"column":85}},"type":"binary-expr","locations":[{"start":{"line":223,"column":6},"end":{"line":223,"column":26}},{"start":{"line":223,"column":30},"end":{"line":223,"column":53}},{"start":{"line":223,"column":57},"end":{"line":223,"column":85}}],"line":223},"24":{"loc":{"start":{"line":226,"column":7},"end":{"line":238,"column":3}},"type":"if","locations":[{"start":{"line":226,"column":7},"end":{"line":238,"column":3}},{"start":{"line":229,"column":7},"end":{"line":238,"column":3}}],"line":226},"25":{"loc":{"start":{"line":226,"column":11},"end":{"line":226,"column":97}},"type":"binary-expr","locations":[{"start":{"line":226,"column":11},"end":{"line":226,"column":39}},{"start":{"line":226,"column":43},"end":{"line":226,"column":66}},{"start":{"line":226,"column":70},"end":{"line":226,"column":97}}],"line":226},"26":{"loc":{"start":{"line":229,"column":7},"end":{"line":238,"column":3}},"type":"if","locations":[{"start":{"line":229,"column":7},"end":{"line":238,"column":3}},{"start":{"line":232,"column":7},"end":{"line":238,"column":3}}],"line":229},"27":{"loc":{"start":{"line":229,"column":11},"end":{"line":229,"column":94}},"type":"binary-expr","locations":[{"start":{"line":229,"column":11},"end":{"line":229,"column":39}},{"start":{"line":229,"column":43},"end":{"line":229,"column":64}},{"start":{"line":229,"column":68},"end":{"line":229,"column":94}}],"line":229},"28":{"loc":{"start":{"line":232,"column":7},"end":{"line":238,"column":3}},"type":"if","locations":[{"start":{"line":232,"column":7},"end":{"line":238,"column":3}},{"start":{"line":235,"column":7},"end":{"line":238,"column":3}}],"line":232},"29":{"loc":{"start":{"line":259,"column":2},"end":{"line":339,"column":3}},"type":"if","locations":[{"start":{"line":259,"column":2},"end":{"line":339,"column":3}},{"start":{"line":266,"column":7},"end":{"line":339,"column":3}}],"line":259},"30":{"loc":{"start":{"line":260,"column":4},"end":{"line":263,"column":5}},"type":"if","locations":[{"start":{"line":260,"column":4},"end":{"line":263,"column":5}},{"start":{},"end":{}}],"line":260},"31":{"loc":{"start":{"line":260,"column":8},"end":{"line":260,"column":55}},"type":"binary-expr","locations":[{"start":{"line":260,"column":8},"end":{"line":260,"column":15}},{"start":{"line":260,"column":19},"end":{"line":260,"column":55}}],"line":260},"32":{"loc":{"start":{"line":266,"column":7},"end":{"line":339,"column":3}},"type":"if","locations":[{"start":{"line":266,"column":7},"end":{"line":339,"column":3}},{"start":{"line":306,"column":7},"end":{"line":339,"column":3}}],"line":266},"33":{"loc":{"start":{"line":267,"column":4},"end":{"line":303,"column":5}},"type":"if","locations":[{"start":{"line":267,"column":4},"end":{"line":303,"column":5}},{"start":{"line":289,"column":11},"end":{"line":303,"column":5}}],"line":267},"34":{"loc":{"start":{"line":267,"column":8},"end":{"line":267,"column":54}},"type":"binary-expr","locations":[{"start":{"line":267,"column":8},"end":{"line":267,"column":14}},{"start":{"line":267,"column":18},"end":{"line":267,"column":54}}],"line":267},"35":{"loc":{"start":{"line":271,"column":6},"end":{"line":285,"column":7}},"type":"if","locations":[{"start":{"line":271,"column":6},"end":{"line":285,"column":7}},{"start":{"line":282,"column":13},"end":{"line":285,"column":7}}],"line":271},"36":{"loc":{"start":{"line":300,"column":6},"end":{"line":302,"column":7}},"type":"if","locations":[{"start":{"line":300,"column":6},"end":{"line":302,"column":7}},{"start":{},"end":{}}],"line":300},"37":{"loc":{"start":{"line":300,"column":10},"end":{"line":300,"column":63}},"type":"binary-expr","locations":[{"start":{"line":300,"column":10},"end":{"line":300,"column":17}},{"start":{"line":300,"column":21},"end":{"line":300,"column":63}}],"line":300},"38":{"loc":{"start":{"line":306,"column":7},"end":{"line":339,"column":3}},"type":"if","locations":[{"start":{"line":306,"column":7},"end":{"line":339,"column":3}},{"start":{"line":320,"column":7},"end":{"line":339,"column":3}}],"line":306},"39":{"loc":{"start":{"line":307,"column":4},"end":{"line":317,"column":5}},"type":"if","locations":[{"start":{"line":307,"column":4},"end":{"line":317,"column":5}},{"start":{"line":315,"column":11},"end":{"line":317,"column":5}}],"line":307},"40":{"loc":{"start":{"line":307,"column":8},"end":{"line":307,"column":54}},"type":"binary-expr","locations":[{"start":{"line":307,"column":8},"end":{"line":307,"column":14}},{"start":{"line":307,"column":18},"end":{"line":307,"column":54}}],"line":307},"41":{"loc":{"start":{"line":320,"column":7},"end":{"line":339,"column":3}},"type":"if","locations":[{"start":{"line":320,"column":7},"end":{"line":339,"column":3}},{"start":{},"end":{}}],"line":320},"42":{"loc":{"start":{"line":321,"column":4},"end":{"line":338,"column":5}},"type":"if","locations":[{"start":{"line":321,"column":4},"end":{"line":338,"column":5}},{"start":{"line":336,"column":11},"end":{"line":338,"column":5}}],"line":321},"43":{"loc":{"start":{"line":321,"column":8},"end":{"line":321,"column":54}},"type":"binary-expr","locations":[{"start":{"line":321,"column":8},"end":{"line":321,"column":14}},{"start":{"line":321,"column":18},"end":{"line":321,"column":54}}],"line":321},"44":{"loc":{"start":{"line":325,"column":6},"end":{"line":328,"column":7}},"type":"if","locations":[{"start":{"line":325,"column":6},"end":{"line":328,"column":7}},{"start":{},"end":{}}],"line":325},"45":{"loc":{"start":{"line":334,"column":14},"end":{"line":334,"column":32}},"type":"binary-expr","locations":[{"start":{"line":334,"column":14},"end":{"line":334,"column":26}},{"start":{"line":334,"column":30},"end":{"line":334,"column":32}}],"line":334}},"s":{"0":0,"1":0,"2":0,"3":0,"4":0,"5":0,"6":0,"7":0,"8":0,"9":0,"10":0,"11":0,"12":0,"13":0,"14":0,"15":0,"16":0,"17":0,"18":0,"19":0,"20":0,"21":0,"22":0,"23":0,"24":0,"25":0,"26":0,"27":0,"28":0,"29":0,"30":0,"31":0,"32":0,"33":0,"34":0,"35":0,"36":0,"37":0,"38":0,"39":0,"40":0,"41":0,"42":0,"43":0,"44":0,"45":0,"46":0,"47":0,"48":0,"49":0,"50":0,"51":0,"52":0,"53":0,"54":0,"55":0,"56":0,"57":0,"58":0,"59":0,"60":0,"61":0,"62":0,"63":0,"64":0,"65":0,"66":0,"67":0,"68":0,"69":0,"70":0,"71":0,"72":0,"73":0,"74":0,"75":0,"76":0,"77":0,"78":0,"79":0,"80":0,"81":0,"82":0,"83":0,"84":0,"85":0,"86":0,"87":0,"88":0,"89":0,"90":0,"91":0,"92":0,"93":0,"94":0,"95":0,"96":0,"97":0,"98":0,"99":0,"100":0,"101":0,"102":0,"103":0,"104":0,"105":0,"106":0,"107":0,"108":0,"109":0,"110":0,"111":0,"112":0,"113":0,"114":0,"115":0,"116":0,"117":0,"118":0},"f":{"0":0,"1":0,"2":0,"3":0,"4":0,"5":0,"6":0,"7":0},"b":{"0":[0,0],"1":[0,0],"2":[0,0],"3":[0,0],"4":[0,0],"5":[0,0],"6":[0,0],"7":[0,0],"8":[0,0],"9":[0,0],"10":[0,0],"11":[0,0],"12":[0,0],"13":[0,0],"14":[0,0],"15":[0,0],"16":[0,0],"17":[0,0],"18":[0,0],"19":[0,0],"20":[0,0],"21":[0,0],"22":[0,0],"23":[0,0,0],"24":[0,0],"25":[0,0,0],"26":[0,0],"27":[0,0,0],"28":[0,0],"29":[0,0],"30":[0,0],"31":[0,0],"32":[0,0],"33":[0,0],"34":[0,0],"35":[0,0],"36":[0,0],"37":[0,0],"38":[0,0],"39":[0,0],"40":[0,0],"41":[0,0],"42":[0,0],"43":[0,0],"44":[0,0],"45":[0,0]}}
}
