TN:
SF:src/App.jsx
FN:16,(anonymous_0)
FN:18,(anonymous_1)
FNF:2
FNH:0
FNDA:0,(anonymous_0)
FNDA:0,(anonymous_1)
DA:16,0
DA:18,0
DA:19,0
LF:3
LH:0
BRF:0
BRH:0
end_of_record
TN:
SF:src/main.jsx
FNF:0
FNH:0
DA:6,0
LF:1
LH:0
BRF:0
BRH:0
end_of_record
TN:
SF:src/actions/automation.js
FN:18,(anonymous_0)
FN:31,(anonymous_1)
FN:44,(anonymous_2)
FNF:3
FNH:0
FNDA:0,(anonymous_0)
FNDA:0,(anonymous_1)
FNDA:0,(anonymous_2)
DA:18,0
DA:19,0
DA:20,0
DA:31,0
DA:32,0
DA:33,0
DA:44,0
DA:45,0
DA:46,0
LF:9
LH:0
BRF:0
BRH:0
end_of_record
TN:
SF:src/actions/chatActions.js
FN:44,(anonymous_0)
FN:56,(anonymous_1)
FN:107,(anonymous_2)
FNF:3
FNH:0
FNDA:0,(anonymous_0)
FNDA:0,(anonymous_1)
FNDA:0,(anonymous_2)
DA:44,0
DA:45,0
DA:47,0
DA:49,0
DA:50,0
DA:51,0
DA:52,0
DA:56,0
DA:58,0
DA:60,0
DA:61,0
DA:62,0
DA:65,0
DA:68,0
DA:70,0
DA:71,0
DA:73,0
DA:74,0
DA:76,0
DA:77,0
DA:81,0
DA:82,0
DA:84,0
DA:86,0
DA:88,0
DA:100,0
DA:101,0
DA:107,0
DA:108,0
DA:109,0
DA:111,0
DA:113,0
DA:116,0
DA:117,0
DA:118,0
DA:119,0
DA:120,0
DA:121,0
DA:122,0
DA:126,0
DA:127,0
DA:130,0
DA:133,0
DA:135,0
DA:143,0
DA:146,0
DA:148,0
DA:150,0
DA:151,0
DA:157,0
LF:50
LH:0
BRDA:49,0,0,0
BRDA:49,0,1,0
BRDA:60,1,0,0
BRDA:60,1,1,0
BRDA:68,2,0,0
BRDA:68,2,1,0
BRDA:68,2,2,0
BRDA:68,2,3,0
BRDA:68,2,4,0
BRDA:81,3,0,0
BRDA:81,3,1,0
BRDA:81,4,0,0
BRDA:81,4,1,0
BRDA:117,5,0,0
BRDA:117,5,1,0
BRDA:120,6,0,0
BRDA:120,6,1,0
BRF:17
BRH:0
end_of_record
TN:
SF:src/actions/index.js
FNF:0
FNH:0
LF:0
LH:0
BRF:0
BRH:0
end_of_record
TN:
SF:src/actions/types.js
FNF:0
FNH:0
DA:11,1
DA:28,1
DA:39,1
DA:75,1
DA:97,1
DA:114,1
DA:131,1
DA:154,1
LF:8
LH:8
BRF:0
BRH:0
end_of_record
TN:
SF:src/actions/handlers/appointmentHandler.js
FN:20,(anonymous_0)
FN:74,(anonymous_1)
FN:81,(anonymous_2)
FN:107,(anonymous_3)
FN:113,(anonymous_4)
FNF:5
FNH:1
FNDA:1,(anonymous_0)
FNDA:0,(anonymous_1)
FNDA:0,(anonymous_2)
FNDA:0,(anonymous_3)
FNDA:0,(anonymous_4)
DA:20,1
DA:21,1
DA:22,1
DA:24,1
DA:27,1
DA:28,0
DA:29,0
DA:30,0
DA:34,1
DA:35,1
DA:36,0
DA:37,0
DA:38,0
DA:42,1
DA:44,1
DA:46,1
DA:47,1
DA:49,1
DA:53,1
DA:54,0
DA:55,0
DA:59,0
DA:60,0
DA:61,0
DA:62,0
DA:63,0
DA:65,0
DA:69,0
DA:70,0
DA:73,0
DA:74,0
DA:75,0
DA:79,0
DA:80,0
DA:81,0
DA:82,0
DA:83,0
DA:84,0
DA:87,0
DA:88,0
DA:89,0
DA:94,0
DA:95,0
DA:96,0
DA:98,0
DA:102,0
DA:103,0
DA:106,0
DA:107,0
DA:108,0
DA:111,0
DA:113,0
DA:114,0
DA:115,0
DA:117,0
DA:120,0
DA:123,0
DA:124,0
DA:127,0
LF:59
LH:13
BRDA:27,0,0,0
BRDA:27,0,1,1
BRDA:27,1,0,1
BRDA:27,1,1,1
BRDA:27,1,2,1
BRDA:35,2,0,0
BRDA:35,2,1,1
BRDA:42,3,0,1
BRDA:42,3,1,0
BRDA:44,4,0,1
BRDA:44,4,1,0
BRDA:49,5,0,1
BRDA:49,5,1,1
BRDA:49,5,2,0
BRDA:49,5,3,0
BRDA:49,5,4,0
BRDA:49,5,5,0
BRDA:59,6,0,0
BRDA:59,6,1,0
BRDA:69,7,0,0
BRDA:69,7,1,0
BRDA:82,8,0,0
BRDA:82,8,1,0
BRDA:82,9,0,0
BRDA:82,9,1,0
BRDA:102,10,0,0
BRDA:102,10,1,0
BRDA:108,11,0,0
BRDA:108,11,1,0
BRDA:111,12,0,0
BRDA:111,12,1,0
BRF:31
BRH:9
end_of_record
TN:
SF:src/actions/handlers/historyHandler.js
FN:19,(anonymous_0)
FN:86,(anonymous_1)
FN:100,(anonymous_2)
FNF:3
FNH:1
FNDA:0,(anonymous_0)
FNDA:1,(anonymous_1)
FNDA:0,(anonymous_2)
DA:19,1
DA:20,0
DA:21,0
DA:22,0
DA:25,0
DA:27,0
DA:30,0
DA:36,0
DA:37,0
DA:41,0
DA:51,0
DA:52,0
DA:58,0
DA:64,0
DA:65,0
DA:68,0
DA:69,0
DA:86,1
DA:87,1
DA:88,1
DA:90,1
DA:93,1
DA:94,1
DA:95,1
DA:96,1
DA:100,0
DA:103,0
DA:104,0
DA:108,0
LF:29
LH:9
BRDA:20,0,0,0
BRDA:20,0,1,0
BRDA:20,1,0,0
BRDA:20,1,1,0
BRDA:20,1,2,0
BRDA:25,2,0,0
BRDA:25,2,1,0
BRDA:27,3,0,0
BRDA:27,3,1,0
BRDA:27,3,2,0
BRDA:27,3,3,0
BRDA:31,4,0,0
BRDA:31,4,1,0
BRDA:32,5,0,0
BRDA:32,5,1,0
BRDA:44,6,0,0
BRDA:44,6,1,0
BRDA:45,7,0,0
BRDA:45,7,1,0
BRDA:46,8,0,0
BRDA:46,8,1,0
BRDA:59,9,0,0
BRDA:59,9,1,0
BRDA:59,10,0,0
BRDA:59,10,1,0
BRDA:93,11,0,1
BRDA:93,11,1,0
BRDA:93,12,0,1
BRDA:93,12,1,1
BRDA:93,12,2,0
BRDA:93,12,3,0
BRDA:103,13,0,0
BRDA:103,13,1,0
BRF:33
BRH:3
end_of_record
TN:
SF:src/actions/handlers/index.js
FNF:0
FNH:0
LF:0
LH:0
BRF:0
BRH:0
end_of_record
TN:
SF:src/actions/handlers/overlayHandler.js
FN:20,(anonymous_0)
FNF:1
FNH:1
FNDA:2,(anonymous_0)
DA:20,1
DA:21,2
DA:22,2
DA:25,2
DA:29,2
DA:30,0
DA:31,0
DA:32,0
DA:35,2
DA:36,2
DA:37,2
DA:40,2
DA:41,2
DA:45,2
DA:46,1
DA:50,1
DA:52,1
DA:57,1
DA:59,1
DA:60,1
DA:61,1
DA:62,1
DA:64,0
DA:69,2
LF:24
LH:20
BRDA:29,0,0,0
BRDA:29,0,1,2
BRDA:29,1,0,2
BRDA:29,1,1,2
BRDA:29,1,2,2
BRDA:40,2,0,2
BRDA:40,2,1,0
BRDA:45,3,0,1
BRDA:45,3,1,1
BRDA:50,4,0,1
BRDA:50,4,1,0
BRDA:60,5,0,1
BRDA:60,5,1,0
BRF:13
BRH:9
end_of_record
TN:
SF:src/actions/handlers/statusHandler.js
FN:18,(anonymous_0)
FNF:1
FNH:0
FNDA:0,(anonymous_0)
DA:10,0
DA:18,0
DA:22,0
DA:23,0
DA:24,0
DA:25,0
DA:27,0
DA:28,0
DA:32,0
DA:34,0
DA:38,0
DA:39,0
DA:40,0
DA:43,0
DA:44,0
DA:47,0
DA:49,0
DA:50,0
DA:55,0
DA:56,0
DA:63,0
DA:66,0
DA:69,0
LF:23
LH:0
BRDA:22,0,0,0
BRDA:22,0,1,0
BRDA:24,1,0,0
BRDA:24,1,1,0
BRDA:24,2,0,0
BRDA:24,2,1,0
BRDA:32,3,0,0
BRDA:32,3,1,0
BRDA:49,4,0,0
BRDA:49,4,1,0
BRDA:55,5,0,0
BRDA:55,5,1,0
BRF:12
BRH:0
end_of_record
TN:
SF:src/actions/socket/messageParser.js
FN:11,(anonymous_0)
FNF:1
FNH:0
FNDA:0,(anonymous_0)
DA:11,0
DA:15,0
DA:16,0
DA:20,0
DA:27,0
DA:28,0
DA:29,0
DA:32,0
DA:33,0
LF:9
LH:0
BRDA:15,0,0,0
BRDA:15,0,1,0
BRDA:15,1,0,0
BRDA:15,1,1,0
BRDA:15,1,2,0
BRDA:27,2,0,0
BRDA:27,2,1,0
BRDA:27,3,0,0
BRDA:27,3,1,0
BRDA:27,3,2,0
BRF:10
BRH:0
end_of_record
TN:
SF:src/actions/socket/worker.js
FN:17,(anonymous_0)
FN:43,(anonymous_1)
FN:56,(anonymous_2)
FN:103,(anonymous_3)
FN:127,(anonymous_4)
FNF:5
FNH:0
FNDA:0,(anonymous_0)
FNDA:0,(anonymous_1)
FNDA:0,(anonymous_2)
FNDA:0,(anonymous_3)
FNDA:0,(anonymous_4)
DA:10,0
DA:17,0
DA:18,0
DA:20,0
DA:21,0
DA:25,0
DA:26,0
DA:29,0
DA:31,0
DA:33,0
DA:34,0
DA:43,0
DA:44,0
DA:45,0
DA:47,0
DA:56,0
DA:57,0
DA:59,0
DA:60,0
DA:61,0
DA:64,0
DA:68,0
DA:70,0
DA:71,0
DA:74,0
DA:81,0
DA:85,0
DA:90,0
DA:92,0
DA:93,0
DA:103,0
DA:104,0
DA:106,0
DA:107,0
DA:108,0
DA:111,0
DA:116,0
DA:127,0
DA:128,0
DA:130,0
DA:131,0
DA:132,0
DA:135,0
DA:136,0
DA:137,0
DA:140,0
DA:145,0
LF:47
LH:0
BRDA:20,0,0,0
BRDA:20,0,1,0
BRDA:44,1,0,0
BRDA:44,1,1,0
BRDA:59,2,0,0
BRDA:59,2,1,0
BRDA:68,3,0,0
BRDA:68,3,1,0
BRDA:106,4,0,0
BRDA:106,4,1,0
BRDA:130,5,0,0
BRDA:130,5,1,0
BRDA:135,6,0,0
BRDA:135,6,1,0
BRF:14
BRH:0
end_of_record
TN:
SF:src/api/apiService.js
FN:5,(anonymous_0)
FN:25,(anonymous_1)
FNF:2
FNH:0
FNDA:0,(anonymous_0)
FNDA:0,(anonymous_1)
DA:1,1
DA:3,1
DA:7,0
DA:9,0
DA:15,0
DA:17,0
DA:19,0
DA:20,0
DA:22,0
DA:26,0
DA:27,0
DA:28,0
LF:12
LH:2
BRDA:17,0,0,0
BRDA:17,0,1,0
BRDA:27,1,0,0
BRDA:27,1,1,0
BRF:4
BRH:0
end_of_record
TN:
SF:src/api/auth.service.js
FN:3,(anonymous_0)
FN:14,(anonymous_1)
FN:25,(anonymous_2)
FN:36,(anonymous_3)
FN:47,(anonymous_4)
FN:58,(anonymous_5)
FN:63,(anonymous_6)
FN:74,(anonymous_7)
FNF:8
FNH:0
FNDA:0,(anonymous_0)
FNDA:0,(anonymous_1)
FNDA:0,(anonymous_2)
FNDA:0,(anonymous_3)
FNDA:0,(anonymous_4)
FNDA:0,(anonymous_5)
FNDA:0,(anonymous_6)
FNDA:0,(anonymous_7)
DA:3,0
DA:4,0
DA:11,0
DA:14,0
DA:15,0
DA:22,0
DA:25,0
DA:26,0
DA:33,0
DA:36,0
DA:37,0
DA:44,0
DA:47,0
DA:48,0
DA:55,0
DA:58,0
DA:59,0
DA:60,0
DA:63,0
DA:64,0
DA:71,0
DA:74,0
DA:75,0
DA:82,0
LF:24
LH:0
BRF:0
BRH:0
end_of_record
TN:
SF:src/api/index.js
FN:10,(anonymous_0)
FNF:1
FNH:0
FNDA:0,(anonymous_0)
DA:7,0
DA:10,0
LF:2
LH:0
BRF:0
BRH:0
end_of_record
TN:
SF:src/api/reservation.service.js
FN:3,(anonymous_0)
FN:12,(anonymous_1)
FN:21,(anonymous_2)
FNF:3
FNH:0
FNDA:0,(anonymous_0)
FNDA:0,(anonymous_1)
FNDA:0,(anonymous_2)
DA:3,0
DA:4,0
DA:9,0
DA:12,0
DA:13,0
DA:18,0
DA:21,0
DA:22,0
DA:26,0
LF:9
LH:0
BRF:0
BRH:0
end_of_record
TN:
SF:src/api/room-status.service.js
FN:3,(anonymous_0)
FN:10,(anonymous_1)
FN:17,(anonymous_2)
FN:26,(anonymous_3)
FN:35,(anonymous_4)
FNF:5
FNH:0
FNDA:0,(anonymous_0)
FNDA:0,(anonymous_1)
FNDA:0,(anonymous_2)
FNDA:0,(anonymous_3)
FNDA:0,(anonymous_4)
DA:3,0
DA:4,0
DA:7,0
DA:10,0
DA:11,0
DA:14,0
DA:17,0
DA:18,0
DA:23,0
DA:26,0
DA:27,0
DA:32,0
DA:35,0
DA:36,0
DA:40,0
LF:15
LH:0
BRF:0
BRH:0
end_of_record
TN:
SF:src/api/room.service.js
FN:3,(anonymous_0)
FN:10,(anonymous_1)
FN:19,(anonymous_2)
FN:28,(anonymous_3)
FNF:4
FNH:0
FNDA:0,(anonymous_0)
FNDA:0,(anonymous_1)
FNDA:0,(anonymous_2)
FNDA:0,(anonymous_3)
DA:3,0
DA:4,0
DA:7,0
DA:10,0
DA:11,0
DA:16,0
DA:19,0
DA:20,0
DA:25,0
DA:28,0
DA:29,0
DA:33,0
LF:12
LH:0
BRF:0
BRH:0
end_of_record
TN:
SF:src/api/stock.service.js
FN:3,(anonymous_0)
FN:10,(anonymous_1)
FN:19,(anonymous_2)
FN:28,(anonymous_3)
FNF:4
FNH:0
FNDA:0,(anonymous_0)
FNDA:0,(anonymous_1)
FNDA:0,(anonymous_2)
FNDA:0,(anonymous_3)
DA:3,0
DA:4,0
DA:7,0
DA:10,0
DA:11,0
DA:16,0
DA:19,0
DA:20,0
DA:25,0
DA:28,0
DA:29,0
DA:33,0
LF:12
LH:0
BRF:0
BRH:0
end_of_record
TN:
SF:src/components/LoadingFallback.jsx
FN:4,(anonymous_0)
FNF:1
FNH:0
FNDA:0,(anonymous_0)
DA:4,0
DA:5,0
LF:2
LH:0
BRF:0
BRH:0
end_of_record
TN:
SF:src/components/ProtectedRoute.jsx
FN:6,(anonymous_0)
FNF:1
FNH:0
FNDA:0,(anonymous_0)
DA:6,0
DA:7,0
DA:8,0
DA:10,0
DA:12,0
DA:15,0
DA:18,0
DA:21,0
DA:24,0
DA:25,0
DA:29,0
LF:11
LH:0
BRDA:10,0,0,0
BRDA:10,0,1,0
BRDA:15,1,0,0
BRDA:15,1,1,0
BRDA:21,2,0,0
BRDA:21,2,1,0
BRDA:21,3,0,0
BRDA:21,3,1,0
BRF:8
BRH:0
end_of_record
TN:
SF:src/components/AddPhoneNumber/AddPhoneNumber.jsx
FN:20,(anonymous_0)
FN:23,(anonymous_1)
FN:27,(anonymous_2)
FNF:3
FNH:0
FNDA:0,(anonymous_0)
FNDA:0,(anonymous_1)
FNDA:0,(anonymous_2)
DA:20,0
DA:21,0
DA:23,0
DA:24,0
DA:27,0
DA:28,0
DA:34,0
DA:80,0
LF:8
LH:0
BRDA:21,0,0,0
BRDA:21,0,1,0
BRDA:41,1,0,0
BRDA:41,1,1,0
BRF:4
BRH:0
end_of_record
TN:
SF:src/components/Admin/AdminView.jsx
FN:4,(anonymous_0)
FN:19,(anonymous_1)
FN:21,(anonymous_2)
FN:27,(anonymous_3)
FN:28,(anonymous_4)
FN:30,(anonymous_5)
FN:34,(anonymous_6)
FN:37,(anonymous_7)
FN:49,(anonymous_8)
FN:65,(anonymous_9)
FN:103,(anonymous_10)
FN:108,(anonymous_11)
FN:114,(anonymous_12)
FN:125,(anonymous_13)
FN:152,(anonymous_14)
FN:157,(anonymous_15)
FN:163,(anonymous_16)
FN:174,(anonymous_17)
FN:201,(anonymous_18)
FN:206,(anonymous_19)
FN:212,(anonymous_20)
FN:223,(anonymous_21)
FN:363,(anonymous_22)
FN:367,(anonymous_23)
FNF:24
FNH:0
FNDA:0,(anonymous_0)
FNDA:0,(anonymous_1)
FNDA:0,(anonymous_2)
FNDA:0,(anonymous_3)
FNDA:0,(anonymous_4)
FNDA:0,(anonymous_5)
FNDA:0,(anonymous_6)
FNDA:0,(anonymous_7)
FNDA:0,(anonymous_8)
FNDA:0,(anonymous_9)
FNDA:0,(anonymous_10)
FNDA:0,(anonymous_11)
FNDA:0,(anonymous_12)
FNDA:0,(anonymous_13)
FNDA:0,(anonymous_14)
FNDA:0,(anonymous_15)
FNDA:0,(anonymous_16)
FNDA:0,(anonymous_17)
FNDA:0,(anonymous_18)
FNDA:0,(anonymous_19)
FNDA:0,(anonymous_20)
FNDA:0,(anonymous_21)
FNDA:0,(anonymous_22)
FNDA:0,(anonymous_23)
DA:4,0
DA:5,0
DA:6,0
DA:12,0
DA:19,0
DA:20,0
DA:21,0
DA:27,0
DA:28,0
DA:30,0
DA:34,0
DA:36,0
DA:37,0
DA:45,0
DA:49,0
DA:65,0
DA:66,0
DA:68,0
DA:104,0
DA:108,0
DA:114,0
DA:126,0
DA:127,0
DA:128,0
DA:153,0
DA:157,0
DA:163,0
DA:175,0
DA:176,0
DA:177,0
DA:202,0
DA:206,0
DA:212,0
DA:224,0
DA:225,0
DA:226,0
DA:238,0
DA:274,0
DA:312,0
DA:350,0
DA:354,0
DA:356,0
DA:364,0
DA:367,0
LF:44
LH:0
BRDA:20,0,0,0
BRDA:20,0,1,0
BRDA:23,1,0,0
BRDA:23,1,1,0
BRDA:66,2,0,0
BRDA:66,2,1,0
BRDA:66,2,2,0
BRDA:66,2,3,0
BRDA:66,2,4,0
BRDA:126,3,0,0
BRDA:126,3,1,0
BRDA:175,4,0,0
BRDA:175,4,1,0
BRDA:224,5,0,0
BRDA:224,5,1,0
BRDA:366,6,0,0
BRDA:366,6,1,0
BRDA:379,7,0,0
BRDA:379,7,1,0
BRF:19
BRH:0
end_of_record
TN:
SF:src/components/Assistants/AssistantsView.jsx
FN:5,(anonymous_0)
FN:14,(anonymous_1)
FN:18,(anonymous_2)
FN:22,(anonymous_3)
FN:26,(anonymous_4)
FN:27,(anonymous_5)
FN:58,(anonymous_6)
FN:66,(anonymous_7)
FN:82,(anonymous_8)
FN:87,(anonymous_9)
FN:99,(anonymous_10)
FN:152,(anonymous_11)
FN:160,(anonymous_12)
FN:176,(anonymous_13)
FN:181,(anonymous_14)
FN:193,(anonymous_15)
FN:204,(anonymous_16)
FN:210,(anonymous_17)
FN:262,(anonymous_18)
FN:270,(anonymous_19)
FN:286,(anonymous_20)
FN:298,(anonymous_21)
FN:310,(anonymous_22)
FNF:23
FNH:0
FNDA:0,(anonymous_0)
FNDA:0,(anonymous_1)
FNDA:0,(anonymous_2)
FNDA:0,(anonymous_3)
FNDA:0,(anonymous_4)
FNDA:0,(anonymous_5)
FNDA:0,(anonymous_6)
FNDA:0,(anonymous_7)
FNDA:0,(anonymous_8)
FNDA:0,(anonymous_9)
FNDA:0,(anonymous_10)
FNDA:0,(anonymous_11)
FNDA:0,(anonymous_12)
FNDA:0,(anonymous_13)
FNDA:0,(anonymous_14)
FNDA:0,(anonymous_15)
FNDA:0,(anonymous_16)
FNDA:0,(anonymous_17)
FNDA:0,(anonymous_18)
FNDA:0,(anonymous_19)
FNDA:0,(anonymous_20)
FNDA:0,(anonymous_21)
FNDA:0,(anonymous_22)
DA:5,0
DA:6,0
DA:7,0
DA:8,0
DA:14,0
DA:15,0
DA:18,0
DA:19,0
DA:22,0
DA:23,0
DA:26,0
DA:27,0
DA:33,0
DA:58,0
DA:66,0
DA:82,0
DA:87,0
DA:99,0
DA:152,0
DA:160,0
DA:176,0
DA:181,0
DA:193,0
DA:204,0
DA:210,0
DA:262,0
DA:270,0
DA:286,0
DA:298,0
DA:310,0
LF:30
LH:0
BRDA:50,0,0,0
BRDA:50,0,1,0
BRDA:51,1,0,0
BRDA:51,1,1,0
BRDA:60,2,0,0
BRDA:60,2,1,0
BRDA:73,3,0,0
BRDA:73,3,1,0
BRDA:80,4,0,0
BRDA:80,4,1,0
BRDA:81,5,0,0
BRDA:81,5,1,0
BRDA:89,6,0,0
BRDA:89,6,1,0
BRDA:144,7,0,0
BRDA:144,7,1,0
BRDA:145,8,0,0
BRDA:145,8,1,0
BRDA:154,9,0,0
BRDA:154,9,1,0
BRDA:159,10,0,0
BRDA:159,10,1,0
BRDA:167,11,0,0
BRDA:167,11,1,0
BRDA:174,12,0,0
BRDA:174,12,1,0
BRDA:175,13,0,0
BRDA:175,13,1,0
BRDA:183,14,0,0
BRDA:183,14,1,0
BRDA:192,15,0,0
BRDA:192,15,1,0
BRDA:203,16,0,0
BRDA:203,16,1,0
BRDA:209,17,0,0
BRDA:209,17,1,0
BRDA:254,18,0,0
BRDA:254,18,1,0
BRDA:255,19,0,0
BRDA:255,19,1,0
BRDA:264,20,0,0
BRDA:264,20,1,0
BRDA:277,21,0,0
BRDA:277,21,1,0
BRDA:309,22,0,0
BRDA:309,22,1,0
BRF:46
BRH:0
end_of_record
TN:
SF:src/components/Attractions/Attractions.jsx
FN:34,(anonymous_0)
FN:37,(anonymous_1)
FNF:2
FNH:0
FNDA:0,(anonymous_0)
FNDA:0,(anonymous_1)
DA:3,0
DA:34,0
DA:35,0
DA:38,0
LF:4
LH:0
BRDA:40,0,0,0
BRDA:40,0,1,0
BRDA:43,1,0,0
BRDA:43,1,1,0
BRDA:57,2,0,0
BRDA:57,2,1,0
BRDA:57,2,2,0
BRF:7
BRH:0
end_of_record
TN:
SF:src/components/Calendar/Calendar.jsx
FN:8,(anonymous_0)
FN:15,(anonymous_1)
FN:16,(anonymous_2)
FN:23,(anonymous_3)
FN:26,(anonymous_4)
FN:41,(anonymous_5)
FN:48,(anonymous_6)
FN:55,(anonymous_7)
FN:78,(anonymous_8)
FN:86,(anonymous_9)
FN:90,(anonymous_10)
FN:91,(anonymous_11)
FN:94,(anonymous_12)
FN:95,(anonymous_13)
FN:106,(anonymous_14)
FN:114,(anonymous_15)
FN:118,(anonymous_16)
FN:140,(anonymous_17)
FN:141,(anonymous_18)
FNF:19
FNH:0
FNDA:0,(anonymous_0)
FNDA:0,(anonymous_1)
FNDA:0,(anonymous_2)
FNDA:0,(anonymous_3)
FNDA:0,(anonymous_4)
FNDA:0,(anonymous_5)
FNDA:0,(anonymous_6)
FNDA:0,(anonymous_7)
FNDA:0,(anonymous_8)
FNDA:0,(anonymous_9)
FNDA:0,(anonymous_10)
FNDA:0,(anonymous_11)
FNDA:0,(anonymous_12)
FNDA:0,(anonymous_13)
FNDA:0,(anonymous_14)
FNDA:0,(anonymous_15)
FNDA:0,(anonymous_16)
FNDA:0,(anonymous_17)
FNDA:0,(anonymous_18)
DA:6,0
DA:8,0
DA:9,0
DA:10,0
DA:11,0
DA:12,0
DA:13,0
DA:15,0
DA:16,0
DA:17,0
DA:18,0
DA:22,0
DA:23,0
DA:26,0
DA:28,0
DA:29,0
DA:31,0
DA:32,0
DA:33,0
DA:35,0
DA:38,0
DA:41,0
DA:42,0
DA:43,0
DA:44,0
DA:45,0
DA:48,0
DA:49,0
DA:50,0
DA:51,0
DA:52,0
DA:55,0
DA:56,0
DA:57,0
DA:58,0
DA:61,0
DA:62,0
DA:65,0
DA:67,0
DA:70,0
DA:71,0
DA:73,0
DA:78,0
DA:79,0
DA:80,0
DA:81,0
DA:82,0
DA:86,0
DA:87,0
DA:90,0
DA:91,0
DA:94,0
DA:95,0
DA:98,0
DA:99,0
DA:101,0
DA:107,0
DA:115,0
DA:119,0
DA:120,0
DA:121,0
DA:122,0
DA:124,0
DA:126,0
DA:127,0
DA:128,0
DA:129,0
DA:131,0
DA:140,0
DA:141,0
LF:70
LH:0
BRDA:17,0,0,0
BRDA:17,0,1,0
BRDA:17,1,0,0
BRDA:17,1,1,0
BRDA:35,2,0,0
BRDA:35,2,1,0
BRDA:42,3,0,0
BRDA:42,3,1,0
BRDA:42,4,0,0
BRDA:42,4,1,0
BRDA:45,5,0,0
BRDA:45,5,1,0
BRDA:49,6,0,0
BRDA:49,6,1,0
BRDA:49,7,0,0
BRDA:49,7,1,0
BRDA:52,8,0,0
BRDA:52,8,1,0
BRDA:61,9,0,0
BRDA:61,9,1,0
BRDA:65,10,0,0
BRDA:65,10,1,0
BRDA:65,11,0,0
BRDA:65,11,1,0
BRDA:65,11,2,0
BRDA:70,12,0,0
BRDA:70,12,1,0
BRDA:79,13,0,0
BRDA:79,13,1,0
BRDA:79,14,0,0
BRDA:79,14,1,0
BRDA:114,15,0,0
BRDA:114,15,1,0
BRDA:124,16,0,0
BRDA:124,16,1,0
BRDA:124,16,2,0
BRDA:124,16,3,0
BRDA:134,17,0,0
BRDA:134,17,1,0
BRDA:135,18,0,0
BRDA:135,18,1,0
BRDA:136,19,0,0
BRDA:136,19,1,0
BRDA:137,20,0,0
BRDA:137,20,1,0
BRDA:138,21,0,0
BRDA:138,21,1,0
BRDA:139,22,0,0
BRDA:139,22,1,0
BRF:49
BRH:0
end_of_record
TN:
SF:src/components/Chat/AutomationMessage.jsx
FN:14,(anonymous_0)
FN:29,(anonymous_1)
FN:38,(anonymous_2)
FN:52,(anonymous_3)
FNF:4
FNH:0
FNDA:0,(anonymous_0)
FNDA:0,(anonymous_1)
FNDA:0,(anonymous_2)
FNDA:0,(anonymous_3)
DA:14,0
DA:15,0
DA:17,0
DA:19,0
DA:21,0
DA:23,0
DA:25,0
DA:29,0
DA:30,0
DA:32,0
DA:34,0
DA:38,0
DA:52,0
DA:53,0
DA:56,0
DA:58,0
DA:94,0
LF:17
LH:0
BRDA:15,0,0,0
BRDA:15,0,1,0
BRDA:15,0,2,0
BRDA:15,0,3,0
BRDA:15,0,4,0
BRDA:32,1,0,0
BRDA:32,1,1,0
BRDA:41,2,0,0
BRDA:41,2,1,0
BRDA:43,3,0,0
BRDA:43,3,1,0
BRDA:68,4,0,0
BRDA:68,4,1,0
BRDA:75,5,0,0
BRDA:75,5,1,0
BRDA:77,6,0,0
BRDA:77,6,1,0
BRDA:82,7,0,0
BRDA:82,7,1,0
BRF:19
BRH:0
end_of_record
TN:
SF:src/components/Chat/ChatInput.jsx
FN:19,(anonymous_0)
FN:29,(anonymous_1)
FN:34,(anonymous_2)
FN:46,(anonymous_3)
FN:59,(anonymous_4)
FNF:5
FNH:0
FNDA:0,(anonymous_0)
FNDA:0,(anonymous_1)
FNDA:0,(anonymous_2)
FNDA:0,(anonymous_3)
FNDA:0,(anonymous_4)
DA:19,0
DA:21,0
DA:22,0
DA:29,0
DA:30,0
DA:31,0
DA:34,0
DA:35,0
DA:38,0
DA:46,0
DA:47,0
DA:48,0
DA:49,0
DA:50,0
DA:51,0
DA:59,0
DA:61,0
DA:62,0
DA:63,0
DA:64,0
DA:68,0
DA:106,0
LF:22
LH:0
BRDA:38,0,0,0
BRDA:38,0,1,0
BRDA:48,1,0,0
BRDA:48,1,1,0
BRDA:61,2,0,0
BRDA:61,2,1,0
BRDA:61,3,0,0
BRDA:61,3,1,0
BRDA:93,4,0,0
BRDA:93,4,1,0
BRDA:95,5,0,0
BRDA:95,5,1,0
BRF:12
BRH:0
end_of_record
TN:
SF:src/components/Chat/ChatMessage.jsx
FN:29,(anonymous_0)
FN:47,(anonymous_1)
FN:50,(anonymous_2)
FN:53,(anonymous_3)
FNF:4
FNH:0
FNDA:0,(anonymous_0)
FNDA:0,(anonymous_1)
FNDA:0,(anonymous_2)
FNDA:0,(anonymous_3)
DA:29,0
DA:40,0
DA:41,0
DA:44,0
DA:47,0
DA:48,0
DA:50,0
DA:51,0
DA:53,0
DA:58,0
DA:67,0
DA:104,0
LF:12
LH:0
BRDA:40,0,0,0
BRDA:40,0,1,0
BRDA:40,1,0,0
BRDA:40,1,1,0
BRDA:44,2,0,0
BRDA:44,2,1,0
BRDA:48,3,0,0
BRDA:48,3,1,0
BRDA:48,4,0,0
BRDA:48,4,1,0
BRDA:48,4,2,0
BRDA:60,5,0,0
BRDA:60,5,1,0
BRDA:61,6,0,0
BRDA:61,6,1,0
BRDA:62,7,0,0
BRDA:62,7,1,0
BRDA:64,8,0,0
BRDA:64,8,1,0
BRDA:71,9,0,0
BRDA:71,9,1,0
BRDA:78,10,0,0
BRDA:78,10,1,0
BRDA:84,11,0,0
BRDA:84,11,1,0
BRDA:93,12,0,0
BRDA:93,12,1,0
BRF:27
BRH:0
end_of_record
TN:
SF:src/components/Chat/ChatOverlay.jsx
FN:36,(anonymous_0)
FN:46,(anonymous_1)
FN:51,(anonymous_2)
FN:63,(anonymous_3)
FN:75,(anonymous_4)
FN:83,(anonymous_5)
FN:84,(anonymous_6)
FN:86,(anonymous_7)
FNF:8
FNH:0
FNDA:0,(anonymous_0)
FNDA:0,(anonymous_1)
FNDA:0,(anonymous_2)
FNDA:0,(anonymous_3)
FNDA:0,(anonymous_4)
FNDA:0,(anonymous_5)
FNDA:0,(anonymous_6)
FNDA:0,(anonymous_7)
DA:18,0
DA:36,0
DA:43,0
DA:46,0
DA:51,0
DA:52,0
DA:54,0
DA:55,0
DA:56,0
DA:58,0
DA:63,0
DA:64,0
DA:65,0
DA:66,0
DA:75,0
DA:76,0
DA:78,0
DA:80,0
DA:83,0
DA:84,0
DA:86,0
DA:91,0
DA:98,0
DA:106,0
DA:107,0
DA:111,0
DA:121,0
LF:27
LH:0
BRDA:43,0,0,0
BRDA:43,0,1,0
BRDA:54,1,0,0
BRDA:54,1,1,0
BRDA:64,2,0,0
BRDA:64,2,1,0
BRDA:78,3,0,0
BRDA:78,3,1,0
BRDA:78,3,2,0
BRDA:78,3,3,0
BRDA:99,4,0,0
BRDA:99,4,1,0
BRF:12
BRH:0
end_of_record
TN:
SF:src/components/Chat/ChatWindow.jsx
FN:22,(anonymous_0)
FN:37,(anonymous_1)
FN:38,(anonymous_2)
FN:49,(anonymous_3)
FN:86,(anonymous_4)
FN:110,(anonymous_5)
FN:119,(anonymous_6)
FNF:7
FNH:0
FNDA:0,(anonymous_0)
FNDA:0,(anonymous_1)
FNDA:0,(anonymous_2)
FNDA:0,(anonymous_3)
FNDA:0,(anonymous_4)
FNDA:0,(anonymous_5)
FNDA:0,(anonymous_6)
DA:22,0
DA:34,0
DA:37,0
DA:38,0
DA:39,0
DA:40,0
DA:41,0
DA:43,0
DA:44,0
DA:49,0
DA:52,0
DA:59,0
DA:60,0
DA:63,0
DA:87,0
DA:111,0
DA:112,0
DA:120,0
LF:18
LH:0
BRDA:40,0,0,0
BRDA:40,0,1,0
BRDA:59,1,0,0
BRDA:59,1,1,0
BRDA:66,2,0,0
BRDA:66,2,1,0
BRDA:76,3,0,0
BRDA:76,3,1,0
BRDA:96,4,0,0
BRDA:96,4,1,0
BRDA:123,5,0,0
BRDA:123,5,1,0
BRDA:138,6,0,0
BRDA:138,6,1,0
BRDA:149,7,0,0
BRDA:149,7,1,0
BRF:16
BRH:0
end_of_record
TN:
SF:src/components/Chat/constants.js
FNF:0
FNH:0
DA:1,0
DA:9,0
LF:2
LH:0
BRF:0
BRH:0
end_of_record
TN:
SF:src/components/Chat/index.js
FNF:0
FNH:0
LF:0
LH:0
BRF:0
BRH:0
end_of_record
TN:
SF:src/components/Chat/constants/commands.js
FNF:0
FNH:0
DA:12,0
DA:42,0
DA:55,0
LF:3
LH:0
BRF:0
BRH:0
end_of_record
TN:
SF:src/components/Chat/hooks/useChatWindowLogic.js
FN:16,(anonymous_0)
FN:18,(anonymous_1)
FN:19,(anonymous_2)
FN:20,(anonymous_3)
FN:21,(anonymous_4)
FN:22,(anonymous_5)
FN:23,(anonymous_6)
FN:26,(anonymous_7)
FN:27,(anonymous_8)
FN:38,(anonymous_9)
FN:40,(anonymous_10)
FN:50,(anonymous_11)
FN:60,(anonymous_12)
FN:70,(anonymous_13)
FN:84,(anonymous_14)
FN:98,(anonymous_15)
FN:99,(anonymous_16)
FNF:17
FNH:0
FNDA:0,(anonymous_0)
FNDA:0,(anonymous_1)
FNDA:0,(anonymous_2)
FNDA:0,(anonymous_3)
FNDA:0,(anonymous_4)
FNDA:0,(anonymous_5)
FNDA:0,(anonymous_6)
FNDA:0,(anonymous_7)
FNDA:0,(anonymous_8)
FNDA:0,(anonymous_9)
FNDA:0,(anonymous_10)
FNDA:0,(anonymous_11)
FNDA:0,(anonymous_12)
FNDA:0,(anonymous_13)
FNDA:0,(anonymous_14)
FNDA:0,(anonymous_15)
FNDA:0,(anonymous_16)
DA:16,0
DA:18,0
DA:19,0
DA:20,0
DA:21,0
DA:22,0
DA:23,0
DA:26,0
DA:27,0
DA:33,0
DA:38,0
DA:39,0
DA:40,0
DA:42,0
DA:50,0
DA:51,0
DA:53,0
DA:60,0
DA:61,0
DA:63,0
DA:70,0
DA:71,0
DA:72,0
DA:74,0
DA:75,0
DA:77,0
DA:80,0
DA:81,0
DA:82,0
DA:83,0
DA:84,0
DA:85,0
DA:86,0
DA:89,0
DA:92,0
DA:98,0
DA:99,0
DA:102,0
LF:38
LH:0
BRDA:80,0,0,0
BRDA:80,0,1,0
BRDA:80,1,0,0
BRDA:80,1,1,0
BRDA:83,2,0,0
BRDA:83,2,1,0
BRF:6
BRH:0
end_of_record
TN:
SF:src/components/Chat/types/index.js
FNF:0
FNH:0
LF:0
LH:0
BRF:0
BRH:0
end_of_record
TN:
SF:src/components/Chat/utils/overlayHandlers.js
FN:21,(anonymous_0)
FN:76,(anonymous_1)
FN:82,(anonymous_2)
FN:108,(anonymous_3)
FN:130,(anonymous_4)
FNF:5
FNH:0
FNDA:0,(anonymous_0)
FNDA:0,(anonymous_1)
FNDA:0,(anonymous_2)
FNDA:0,(anonymous_3)
FNDA:0,(anonymous_4)
DA:21,0
DA:23,0
DA:24,0
DA:25,0
DA:26,0
DA:29,0
DA:30,0
DA:31,0
DA:34,0
DA:37,0
DA:38,0
DA:42,0
DA:58,0
DA:61,0
DA:64,0
DA:65,0
DA:67,0
DA:69,0
DA:70,0
DA:71,0
DA:73,0
DA:76,0
DA:77,0
DA:78,0
DA:79,0
DA:82,0
DA:84,0
DA:85,0
DA:87,0
DA:91,0
DA:92,0
DA:93,0
DA:97,0
DA:108,0
DA:110,0
DA:111,0
DA:113,0
DA:115,0
DA:119,0
DA:120,0
DA:122,0
DA:125,0
DA:127,0
DA:130,0
DA:135,0
DA:138,0
DA:139,0
DA:142,0
DA:144,0
DA:147,0
DA:153,0
DA:154,0
DA:156,0
DA:157,0
DA:163,0
DA:166,0
DA:167,0
DA:169,0
DA:171,0
DA:180,0
DA:181,0
DA:187,0
DA:191,0
DA:192,0
DA:193,0
DA:194,0
DA:197,0
DA:198,0
DA:201,0
DA:207,0
DA:208,0
DA:210,0
DA:211,0
DA:218,0
DA:222,0
DA:223,0
DA:231,0
DA:233,0
DA:235,0
DA:241,0
DA:243,0
DA:244,0
DA:250,0
DA:253,0
DA:255,0
DA:256,0
DA:262,0
DA:264,0
DA:266,0
DA:271,0
DA:273,0
DA:274,0
DA:280,0
DA:284,0
DA:285,0
DA:286,0
DA:287,0
DA:288,0
DA:290,0
DA:295,0
DA:297,0
DA:298,0
DA:305,0
DA:309,0
DA:310,0
DA:314,0
DA:319,0
DA:321,0
DA:322,0
DA:328,0
DA:331,0
DA:332,0
LF:112
LH:0
BRDA:29,0,0,0
BRDA:29,0,1,0
BRDA:29,1,0,0
BRDA:29,1,1,0
BRDA:37,2,0,0
BRDA:37,2,1,0
BRDA:44,3,0,0
BRDA:44,3,1,0
BRDA:44,3,2,0
BRDA:45,4,0,0
BRDA:45,4,1,0
BRDA:46,5,0,0
BRDA:46,5,1,0
BRDA:47,6,0,0
BRDA:47,6,1,0
BRDA:48,7,0,0
BRDA:48,7,1,0
BRDA:49,8,0,0
BRDA:49,8,1,0
BRDA:50,9,0,0
BRDA:50,9,1,0
BRDA:51,10,0,0
BRDA:51,10,1,0
BRDA:53,11,0,0
BRDA:53,11,1,0
BRDA:54,12,0,0
BRDA:54,12,1,0
BRDA:67,13,0,0
BRDA:67,13,1,0
BRDA:70,14,0,0
BRDA:70,14,1,0
BRDA:71,15,0,0
BRDA:71,15,1,0
BRDA:78,16,0,0
BRDA:78,16,1,0
BRDA:78,16,2,0
BRDA:84,17,0,0
BRDA:84,17,1,0
BRDA:84,18,0,0
BRDA:84,18,1,0
BRDA:91,19,0,0
BRDA:91,19,1,0
BRDA:91,20,0,0
BRDA:91,20,1,0
BRDA:115,21,0,0
BRDA:115,21,1,0
BRDA:115,21,2,0
BRDA:115,21,3,0
BRDA:115,21,4,0
BRDA:115,21,5,0
BRDA:115,21,6,0
BRDA:115,21,7,0
BRDA:115,21,8,0
BRDA:132,22,0,0
BRDA:132,22,1,0
BRDA:142,23,0,0
BRDA:142,23,1,0
BRDA:191,24,0,0
BRDA:191,24,1,0
BRDA:197,25,0,0
BRDA:197,25,1,0
BRDA:226,26,0,0
BRDA:226,26,1,0
BRDA:258,27,0,0
BRDA:258,27,1,0
BRDA:284,28,0,0
BRDA:284,28,1,0
BRDA:317,29,0,0
BRDA:317,29,1,0
BRF:69
BRH:0
end_of_record
TN:
SF:src/components/Facilities/Facilities.jsx
FN:30,(anonymous_0)
FN:33,(anonymous_1)
FNF:2
FNH:0
FNDA:0,(anonymous_0)
FNDA:0,(anonymous_1)
DA:3,0
DA:30,0
DA:31,0
DA:34,0
LF:4
LH:0
BRF:0
BRH:0
end_of_record
TN:
SF:src/components/Hero/InvertedCard.jsx
FN:5,InvertedCard
FNF:1
FNH:0
FNDA:0,InvertedCard
DA:8,0
LF:1
LH:0
BRF:0
BRH:0
end_of_record
TN:
SF:src/components/History/HistoryView.jsx
FN:6,(anonymous_0)
FN:13,(anonymous_1)
FN:14,(anonymous_2)
FN:16,(anonymous_3)
FNF:4
FNH:0
FNDA:0,(anonymous_0)
FNDA:0,(anonymous_1)
FNDA:0,(anonymous_2)
FNDA:0,(anonymous_3)
DA:6,0
DA:7,0
DA:8,0
DA:9,0
DA:10,0
DA:11,0
DA:13,0
DA:14,0
DA:15,0
DA:16,0
DA:21,0
DA:180,0
LF:12
LH:0
BRDA:15,0,0,0
BRDA:15,0,1,0
BRF:2
BRH:0
end_of_record
TN:
SF:src/components/History/HistoryList/HistoryList.jsx
FN:4,(anonymous_0)
FN:7,(anonymous_1)
FN:28,(anonymous_2)
FN:35,(anonymous_3)
FN:49,(anonymous_4)
FN:53,(anonymous_5)
FN:57,(anonymous_6)
FNF:7
FNH:0
FNDA:0,(anonymous_0)
FNDA:0,(anonymous_1)
FNDA:0,(anonymous_2)
FNDA:0,(anonymous_3)
FNDA:0,(anonymous_4)
FNDA:0,(anonymous_5)
FNDA:0,(anonymous_6)
DA:4,0
DA:5,0
DA:7,0
DA:8,0
DA:10,0
DA:12,0
DA:14,0
DA:16,0
DA:18,0
DA:20,0
DA:22,0
DA:24,0
DA:28,0
DA:29,0
DA:30,0
DA:31,0
DA:32,0
DA:35,0
DA:36,0
DA:37,0
DA:39,0
DA:40,0
DA:41,0
DA:44,0
DA:46,0
DA:49,0
DA:51,0
DA:54,0
DA:57,0
LF:29
LH:0
BRDA:8,0,0,0
BRDA:8,0,1,0
BRDA:8,0,2,0
BRDA:8,0,3,0
BRDA:8,0,4,0
BRDA:8,0,5,0
BRDA:8,0,6,0
BRDA:8,0,7,0
BRDA:29,1,0,0
BRDA:29,1,1,0
BRDA:29,2,0,0
BRDA:29,2,1,0
BRDA:30,3,0,0
BRDA:30,3,1,0
BRDA:30,4,0,0
BRDA:30,4,1,0
BRDA:31,5,0,0
BRDA:31,5,1,0
BRDA:41,6,0,0
BRDA:41,6,1,0
BRDA:41,6,2,0
BRDA:41,6,3,0
BRDA:41,6,4,0
BRDA:44,7,0,0
BRDA:44,7,1,0
BRDA:46,8,0,0
BRDA:46,8,1,0
BRDA:46,8,2,0
BRDA:46,8,3,0
BRDA:49,9,0,0
BRDA:49,9,1,0
BRDA:61,10,0,0
BRDA:61,10,1,0
BRDA:67,11,0,0
BRDA:67,11,1,0
BRDA:78,12,0,0
BRDA:78,12,1,0
BRDA:90,13,0,0
BRDA:90,13,1,0
BRF:39
BRH:0
end_of_record
TN:
SF:src/components/History/TimeframeView/TimeframeView.jsx
FN:4,(anonymous_0)
FN:20,(anonymous_1)
FN:29,(anonymous_2)
FN:36,(anonymous_3)
FN:49,(anonymous_4)
FN:54,(anonymous_5)
FN:75,(anonymous_6)
FN:131,(anonymous_7)
FN:158,(anonymous_8)
FN:161,(anonymous_9)
FN:175,(anonymous_10)
FN:179,(anonymous_11)
FN:199,(anonymous_12)
FN:206,(anonymous_13)
FNF:14
FNH:0
FNDA:0,(anonymous_0)
FNDA:0,(anonymous_1)
FNDA:0,(anonymous_2)
FNDA:0,(anonymous_3)
FNDA:0,(anonymous_4)
FNDA:0,(anonymous_5)
FNDA:0,(anonymous_6)
FNDA:0,(anonymous_7)
FNDA:0,(anonymous_8)
FNDA:0,(anonymous_9)
FNDA:0,(anonymous_10)
FNDA:0,(anonymous_11)
FNDA:0,(anonymous_12)
FNDA:0,(anonymous_13)
DA:4,0
DA:15,0
DA:16,0
DA:17,0
DA:18,0
DA:20,0
DA:21,0
DA:22,0
DA:23,0
DA:24,0
DA:25,0
DA:26,0
DA:29,0
DA:30,0
DA:31,0
DA:32,0
DA:33,0
DA:36,0
DA:37,0
DA:38,0
DA:40,0
DA:41,0
DA:43,0
DA:44,0
DA:45,0
DA:49,0
DA:50,0
DA:51,0
DA:54,0
DA:55,0
DA:57,0
DA:59,0
DA:61,0
DA:63,0
DA:65,0
DA:67,0
DA:69,0
DA:71,0
DA:75,0
DA:76,0
DA:77,0
DA:79,0
DA:91,0
DA:92,0
DA:105,0
DA:106,0
DA:116,0
DA:128,0
DA:131,0
DA:132,0
DA:133,0
DA:134,0
DA:136,0
DA:138,0
DA:141,0
DA:150,0
DA:158,0
DA:161,0
DA:176,0
DA:179,0
DA:200,0
DA:207,0
DA:208,0
DA:209,0
DA:211,0
LF:65
LH:0
BRDA:21,0,0,0
BRDA:21,0,1,0
BRDA:30,1,0,0
BRDA:30,1,1,0
BRDA:37,2,0,0
BRDA:37,2,1,0
BRDA:43,3,0,0
BRDA:43,3,1,0
BRDA:55,4,0,0
BRDA:55,4,1,0
BRDA:55,4,2,0
BRDA:55,4,3,0
BRDA:55,4,4,0
BRDA:55,4,5,0
BRDA:55,4,6,0
BRDA:55,4,7,0
BRDA:91,5,0,0
BRDA:91,5,1,0
BRDA:105,6,0,0
BRDA:105,6,1,0
BRDA:134,7,0,0
BRDA:134,7,1,0
BRDA:134,7,2,0
BRDA:134,7,3,0
BRDA:136,8,0,0
BRDA:136,8,1,0
BRDA:138,9,0,0
BRDA:138,9,1,0
BRDA:138,9,2,0
BRDA:164,10,0,0
BRDA:164,10,1,0
BRDA:178,11,0,0
BRDA:178,11,1,0
BRDA:224,12,0,0
BRDA:224,12,1,0
BRDA:233,13,0,0
BRDA:233,13,1,0
BRF:37
BRH:0
end_of_record
TN:
SF:src/components/Layout/DisplayPanel.jsx
FN:41,(anonymous_0)
FN:46,(anonymous_1)
FN:63,(anonymous_2)
FN:137,(anonymous_3)
FNF:4
FNH:0
FNDA:0,(anonymous_0)
FNDA:0,(anonymous_1)
FNDA:0,(anonymous_2)
FNDA:0,(anonymous_3)
DA:16,0
DA:41,0
DA:42,0
DA:43,0
DA:46,0
DA:47,0
DA:48,0
DA:49,0
DA:52,0
DA:53,0
DA:56,0
DA:57,0
DA:63,0
DA:64,0
DA:66,0
DA:67,0
DA:70,0
DA:73,0
DA:74,0
DA:81,0
DA:82,0
DA:86,0
DA:89,0
DA:92,0
DA:94,0
DA:95,0
DA:114,0
DA:117,0
DA:137,0
DA:138,0
DA:158,0
LF:31
LH:0
BRDA:47,0,0,0
BRDA:47,0,1,0
BRDA:52,1,0,0
BRDA:52,1,1,0
BRDA:52,2,0,0
BRDA:52,2,1,0
BRDA:64,3,0,0
BRDA:64,3,1,0
BRDA:64,4,0,0
BRDA:64,4,1,0
BRDA:66,5,0,0
BRDA:66,5,1,0
BRDA:66,6,0,0
BRDA:66,6,1,0
BRDA:70,7,0,0
BRDA:70,7,1,0
BRDA:70,8,0,0
BRDA:70,8,1,0
BRDA:70,8,2,0
BRDA:81,9,0,0
BRDA:81,9,1,0
BRDA:92,10,0,0
BRDA:92,10,1,0
BRDA:94,11,0,0
BRDA:94,11,1,0
BRDA:158,12,0,0
BRDA:158,12,1,0
BRF:27
BRH:0
end_of_record
TN:
SF:src/components/Layout/MainLayout.jsx
FN:5,(anonymous_0)
FNF:1
FNH:0
FNDA:0,(anonymous_0)
DA:5,0
DA:6,0
LF:2
LH:0
BRF:0
BRH:0
end_of_record
TN:
SF:src/components/Legend/Legend.jsx
FN:3,(anonymous_0)
FN:15,(anonymous_1)
FNF:2
FNH:0
FNDA:0,(anonymous_0)
FNDA:0,(anonymous_1)
DA:3,0
DA:4,0
DA:11,0
DA:16,0
LF:4
LH:0
BRF:0
BRH:0
end_of_record
TN:
SF:src/components/LocationMap/LocationMap.jsx
FN:15,(anonymous_0)
FNF:1
FNH:0
FNDA:0,(anonymous_0)
DA:6,0
DA:15,0
DA:17,0
DA:19,0
LF:4
LH:0
BRF:0
BRH:0
end_of_record
TN:
SF:src/components/MarkdownContent/MarkdownContent.jsx
FN:6,MarkdownContent
FN:11,(anonymous_1)
FN:12,(anonymous_2)
FN:45,(anonymous_3)
FN:46,(anonymous_4)
FN:47,(anonymous_5)
FNF:6
FNH:0
FNDA:0,MarkdownContent
FNDA:0,(anonymous_1)
FNDA:0,(anonymous_2)
FNDA:0,(anonymous_3)
FNDA:0,(anonymous_4)
FNDA:0,(anonymous_5)
DA:7,0
DA:8,0
DA:9,0
DA:11,0
DA:12,0
DA:13,0
DA:14,0
DA:15,0
DA:17,0
DA:18,0
DA:21,0
DA:22,0
DA:23,0
DA:25,0
DA:26,0
DA:28,0
DA:32,0
DA:35,0
DA:36,0
DA:39,0
DA:40,0
DA:44,0
DA:45,0
DA:46,0
DA:47,0
DA:50,0
DA:57,0
LF:27
LH:0
BRDA:17,0,0,0
BRDA:17,0,1,0
BRDA:35,1,0,0
BRDA:35,1,1,0
BRDA:39,2,0,0
BRDA:39,2,1,0
BRF:6
BRH:0
end_of_record
TN:
SF:src/components/MarkdownContent/index.js
FNF:0
FNH:0
LF:0
LH:0
BRF:0
BRH:0
end_of_record
TN:
SF:src/components/Navbar/Navbar.jsx
FN:18,(anonymous_0)
FN:23,(anonymous_1)
FN:27,(anonymous_2)
FN:34,(anonymous_3)
FN:39,(anonymous_4)
FN:46,(anonymous_5)
FN:62,(anonymous_6)
FNF:7
FNH:0
FNDA:0,(anonymous_0)
FNDA:0,(anonymous_1)
FNDA:0,(anonymous_2)
FNDA:0,(anonymous_3)
FNDA:0,(anonymous_4)
FNDA:0,(anonymous_5)
FNDA:0,(anonymous_6)
DA:6,0
DA:13,0
DA:18,0
DA:19,0
DA:20,0
DA:21,0
DA:23,0
DA:25,0
DA:26,0
DA:27,0
DA:28,0
DA:31,0
DA:34,0
DA:35,0
DA:38,0
DA:39,0
DA:42,0
DA:47,0
DA:63,0
LF:19
LH:0
BRDA:28,0,0,0
BRDA:28,0,1,0
BRDA:28,0,2,0
BRDA:28,0,3,0
BRDA:31,1,0,0
BRDA:31,1,1,0
BRDA:43,2,0,0
BRDA:43,2,1,0
BRDA:50,3,0,0
BRDA:50,3,1,0
BRDA:53,4,0,0
BRDA:53,4,1,0
BRDA:53,4,2,0
BRDA:66,5,0,0
BRDA:66,5,1,0
BRDA:69,6,0,0
BRDA:69,6,1,0
BRDA:69,6,2,0
BRF:18
BRH:0
end_of_record
TN:
SF:src/components/Navigation/Navbar.jsx
FN:4,(anonymous_0)
FN:15,(anonymous_1)
FN:16,(anonymous_2)
FN:17,(anonymous_3)
FN:31,(anonymous_4)
FN:42,(anonymous_5)
FN:59,(anonymous_6)
FN:66,(anonymous_7)
FNF:8
FNH:0
FNDA:0,(anonymous_0)
FNDA:0,(anonymous_1)
FNDA:0,(anonymous_2)
FNDA:0,(anonymous_3)
FNDA:0,(anonymous_4)
FNDA:0,(anonymous_5)
FNDA:0,(anonymous_6)
FNDA:0,(anonymous_7)
DA:4,0
DA:5,0
DA:6,0
DA:8,0
DA:14,0
DA:15,0
DA:16,0
DA:17,0
DA:20,0
DA:31,0
DA:43,0
DA:59,0
DA:67,0
LF:13
LH:0
BRDA:39,0,0,0
BRDA:39,0,1,0
BRDA:64,1,0,0
BRDA:64,1,1,0
BRF:4
BRH:0
end_of_record
TN:
SF:src/components/Navigation/Sidebar.jsx
FN:33,(anonymous_0)
FN:39,(anonymous_1)
FN:45,(anonymous_2)
FNF:3
FNH:0
FNDA:0,(anonymous_0)
FNDA:0,(anonymous_1)
FNDA:0,(anonymous_2)
DA:5,0
DA:33,0
DA:34,0
DA:36,0
DA:40,0
DA:45,0
LF:6
LH:0
BRDA:43,0,0,0
BRDA:43,0,1,0
BRF:2
BRH:0
end_of_record
TN:
SF:src/components/ProductSales/ProductSales.jsx
FN:21,(anonymous_0)
FN:34,(anonymous_1)
FN:39,(anonymous_2)
FN:44,(anonymous_3)
FN:49,(anonymous_4)
FN:53,(anonymous_5)
FN:57,(anonymous_6)
FN:68,(anonymous_7)
FN:81,(anonymous_8)
FN:82,(anonymous_9)
FN:83,(anonymous_10)
FN:94,(anonymous_11)
FN:142,(anonymous_12)
FN:177,(anonymous_13)
FN:184,(anonymous_14)
FNF:15
FNH:0
FNDA:0,(anonymous_0)
FNDA:0,(anonymous_1)
FNDA:0,(anonymous_2)
FNDA:0,(anonymous_3)
FNDA:0,(anonymous_4)
FNDA:0,(anonymous_5)
FNDA:0,(anonymous_6)
FNDA:0,(anonymous_7)
FNDA:0,(anonymous_8)
FNDA:0,(anonymous_9)
FNDA:0,(anonymous_10)
FNDA:0,(anonymous_11)
FNDA:0,(anonymous_12)
FNDA:0,(anonymous_13)
FNDA:0,(anonymous_14)
DA:21,0
DA:22,0
DA:31,0
DA:34,0
DA:35,0
DA:39,0
DA:40,0
DA:44,0
DA:45,0
DA:49,0
DA:50,0
DA:53,0
DA:54,0
DA:56,0
DA:57,0
DA:59,0
DA:60,0
DA:62,0
DA:68,0
DA:69,0
DA:71,0
DA:81,0
DA:82,0
DA:83,0
DA:84,0
DA:86,0
DA:94,0
DA:95,0
DA:103,0
DA:143,0
DA:178,0
DA:184,0
DA:216,0
DA:234,0
LF:34
LH:0
BRDA:26,0,0,0
BRDA:26,0,1,0
BRDA:31,1,0,0
BRDA:31,1,1,0
BRDA:40,2,0,0
BRDA:40,2,1,0
BRDA:50,3,0,0
BRDA:50,3,1,0
BRDA:54,4,0,0
BRDA:54,4,1,0
BRDA:59,5,0,0
BRDA:59,5,1,0
BRDA:99,6,0,0
BRDA:99,6,1,0
BRDA:111,7,0,0
BRDA:111,7,1,0
BRDA:119,8,0,0
BRDA:119,8,1,0
BRDA:142,9,0,0
BRDA:142,9,1,0
BRDA:172,10,0,0
BRDA:172,10,1,0
BRDA:204,11,0,0
BRDA:204,11,1,0
BRDA:204,11,2,0
BRF:25
BRH:0
end_of_record
TN:
SF:src/components/ReceptionDashboard/ReceptionDashboard.jsx
FN:6,(anonymous_0)
FN:32,(anonymous_1)
FN:37,(anonymous_2)
FN:38,(anonymous_3)
FN:42,(anonymous_4)
FN:48,(anonymous_5)
FN:51,(anonymous_6)
FN:59,(anonymous_7)
FN:92,(anonymous_8)
FN:97,(anonymous_9)
FN:102,(anonymous_10)
FN:111,(anonymous_11)
FN:130,(anonymous_12)
FN:134,(anonymous_13)
FN:139,(anonymous_14)
FN:160,(anonymous_15)
FN:171,(anonymous_16)
FN:190,(anonymous_17)
FN:198,(anonymous_18)
FN:210,(anonymous_19)
FN:210,(anonymous_20)
FN:219,(anonymous_21)
FN:219,(anonymous_22)
FN:226,(anonymous_23)
FNF:24
FNH:0
FNDA:0,(anonymous_0)
FNDA:0,(anonymous_1)
FNDA:0,(anonymous_2)
FNDA:0,(anonymous_3)
FNDA:0,(anonymous_4)
FNDA:0,(anonymous_5)
FNDA:0,(anonymous_6)
FNDA:0,(anonymous_7)
FNDA:0,(anonymous_8)
FNDA:0,(anonymous_9)
FNDA:0,(anonymous_10)
FNDA:0,(anonymous_11)
FNDA:0,(anonymous_12)
FNDA:0,(anonymous_13)
FNDA:0,(anonymous_14)
FNDA:0,(anonymous_15)
FNDA:0,(anonymous_16)
FNDA:0,(anonymous_17)
FNDA:0,(anonymous_18)
FNDA:0,(anonymous_19)
FNDA:0,(anonymous_20)
FNDA:0,(anonymous_21)
FNDA:0,(anonymous_22)
FNDA:0,(anonymous_23)
DA:6,0
DA:20,0
DA:22,0
DA:23,0
DA:28,0
DA:29,0
DA:32,0
DA:33,0
DA:34,0
DA:37,0
DA:38,0
DA:42,0
DA:48,0
DA:49,0
DA:50,0
DA:51,0
DA:52,0
DA:53,0
DA:54,0
DA:59,0
DA:60,0
DA:62,0
DA:63,0
DA:65,0
DA:66,0
DA:68,0
DA:69,0
DA:70,0
DA:72,0
DA:74,0
DA:75,0
DA:79,0
DA:93,0
DA:98,0
DA:102,0
DA:111,0
DA:131,0
DA:135,0
DA:139,0
DA:161,0
DA:171,0
DA:191,0
DA:198,0
DA:210,0
DA:219,0
DA:226,0
LF:46
LH:0
BRDA:40,0,0,0
BRDA:40,0,1,0
BRDA:41,1,0,0
BRDA:41,1,1,0
BRDA:49,2,0,0
BRDA:49,2,1,0
BRDA:60,3,0,0
BRDA:60,3,1,0
BRDA:60,3,2,0
BRDA:60,3,3,0
BRDA:68,4,0,0
BRDA:68,4,1,0
BRDA:68,5,0,0
BRDA:68,5,1,0
BRDA:101,6,0,0
BRDA:101,6,1,0
BRDA:165,7,0,0
BRDA:165,7,1,0
BRDA:227,8,0,0
BRDA:227,8,1,0
BRF:20
BRH:0
end_of_record
TN:
SF:src/components/ReservationDetails/ActionButtons.jsx
FN:5,(anonymous_0)
FN:6,(anonymous_1)
FNF:2
FNH:0
FNDA:0,(anonymous_0)
FNDA:0,(anonymous_1)
DA:5,0
DA:6,0
DA:7,0
DA:8,0
DA:9,0
DA:10,0
DA:11,0
DA:13,0
DA:17,0
LF:9
LH:0
BRDA:9,0,0,0
BRDA:9,0,1,0
BRF:2
BRH:0
end_of_record
TN:
SF:src/components/ReservationDetails/ClientSection.jsx
FN:4,(anonymous_0)
FN:18,(anonymous_1)
FN:29,(anonymous_2)
FN:45,(anonymous_3)
FN:45,(anonymous_4)
FN:59,(anonymous_5)
FN:72,(anonymous_6)
FN:86,(anonymous_7)
FNF:8
FNH:0
FNDA:0,(anonymous_0)
FNDA:0,(anonymous_1)
FNDA:0,(anonymous_2)
FNDA:0,(anonymous_3)
FNDA:0,(anonymous_4)
FNDA:0,(anonymous_5)
FNDA:0,(anonymous_6)
FNDA:0,(anonymous_7)
DA:4,0
DA:10,0
DA:18,0
DA:29,0
DA:45,0
DA:59,0
DA:72,0
DA:86,0
LF:8
LH:0
BRDA:24,0,0,0
BRDA:24,0,1,0
BRDA:28,1,0,0
BRDA:28,1,1,0
BRDA:44,2,0,0
BRDA:44,2,1,0
BRDA:58,3,0,0
BRDA:58,3,1,0
BRDA:71,4,0,0
BRDA:71,4,1,0
BRDA:85,5,0,0
BRDA:85,5,1,0
BRF:12
BRH:0
end_of_record
TN:
SF:src/components/ReservationDetails/PaymentSection.jsx
FN:4,(anonymous_0)
FN:10,(anonymous_1)
FN:24,(anonymous_2)
FN:32,(anonymous_3)
FN:40,(anonymous_4)
FNF:5
FNH:0
FNDA:0,(anonymous_0)
FNDA:0,(anonymous_1)
FNDA:0,(anonymous_2)
FNDA:0,(anonymous_3)
FNDA:0,(anonymous_4)
DA:4,0
DA:10,0
DA:11,0
DA:12,0
DA:13,0
DA:16,0
DA:24,0
DA:32,0
DA:40,0
LF:9
LH:0
BRF:0
BRH:0
end_of_record
TN:
SF:src/components/ReservationDetails/RoomsSection.jsx
FN:6,(anonymous_0)
FN:13,(anonymous_1)
FN:28,(anonymous_2)
FN:39,(anonymous_3)
FN:48,(anonymous_4)
FN:54,(anonymous_5)
FN:55,(anonymous_6)
FN:61,(anonymous_7)
FN:63,(anonymous_8)
FN:75,(anonymous_9)
FN:93,(anonymous_10)
FN:94,(anonymous_11)
FN:106,(anonymous_12)
FN:108,(anonymous_13)
FN:120,(anonymous_14)
FN:126,(anonymous_15)
FN:128,(anonymous_16)
FN:137,(anonymous_17)
FN:138,(anonymous_18)
FN:140,(anonymous_19)
FN:149,(anonymous_20)
FN:151,(anonymous_21)
FN:165,(anonymous_22)
FN:174,(anonymous_23)
FN:186,(anonymous_24)
FN:187,(anonymous_25)
FN:193,(anonymous_26)
FN:194,(anonymous_27)
FN:195,(anonymous_28)
FN:214,(anonymous_29)
FN:217,(anonymous_30)
FN:228,(anonymous_31)
FN:235,(anonymous_32)
FN:248,(anonymous_33)
FN:258,(anonymous_34)
FN:268,(anonymous_35)
FNF:36
FNH:0
FNDA:0,(anonymous_0)
FNDA:0,(anonymous_1)
FNDA:0,(anonymous_2)
FNDA:0,(anonymous_3)
FNDA:0,(anonymous_4)
FNDA:0,(anonymous_5)
FNDA:0,(anonymous_6)
FNDA:0,(anonymous_7)
FNDA:0,(anonymous_8)
FNDA:0,(anonymous_9)
FNDA:0,(anonymous_10)
FNDA:0,(anonymous_11)
FNDA:0,(anonymous_12)
FNDA:0,(anonymous_13)
FNDA:0,(anonymous_14)
FNDA:0,(anonymous_15)
FNDA:0,(anonymous_16)
FNDA:0,(anonymous_17)
FNDA:0,(anonymous_18)
FNDA:0,(anonymous_19)
FNDA:0,(anonymous_20)
FNDA:0,(anonymous_21)
FNDA:0,(anonymous_22)
FNDA:0,(anonymous_23)
FNDA:0,(anonymous_24)
FNDA:0,(anonymous_25)
FNDA:0,(anonymous_26)
FNDA:0,(anonymous_27)
FNDA:0,(anonymous_28)
FNDA:0,(anonymous_29)
FNDA:0,(anonymous_30)
FNDA:0,(anonymous_31)
FNDA:0,(anonymous_32)
FNDA:0,(anonymous_33)
FNDA:0,(anonymous_34)
FNDA:0,(anonymous_35)
DA:6,0
DA:13,0
DA:28,0
DA:39,0
DA:40,0
DA:44,0
DA:48,0
DA:49,0
DA:50,0
DA:54,0
DA:55,0
DA:56,0
DA:58,0
DA:61,0
DA:63,0
DA:67,0
DA:68,0
DA:71,0
DA:72,0
DA:75,0
DA:93,0
DA:94,0
DA:95,0
DA:97,0
DA:98,0
DA:101,0
DA:103,0
DA:106,0
DA:109,0
DA:115,0
DA:120,0
DA:121,0
DA:123,0
DA:126,0
DA:129,0
DA:137,0
DA:138,0
DA:141,0
DA:149,0
DA:150,0
DA:151,0
DA:154,0
DA:165,0
DA:174,0
DA:187,0
DA:189,0
DA:193,0
DA:194,0
DA:195,0
DA:215,0
DA:216,0
DA:217,0
DA:219,0
DA:221,0
DA:228,0
DA:235,0
DA:248,0
DA:258,0
DA:268,0
LF:59
LH:0
BRDA:49,0,0,0
BRDA:49,0,1,0
BRDA:49,1,0,0
BRDA:49,1,1,0
BRDA:56,2,0,0
BRDA:56,2,1,0
BRDA:63,3,0,0
BRDA:63,3,1,0
BRDA:68,4,0,0
BRDA:68,4,1,0
BRDA:78,5,0,0
BRDA:78,5,1,0
BRDA:81,6,0,0
BRDA:81,6,1,0
BRDA:82,7,0,0
BRDA:82,7,1,0
BRDA:84,8,0,0
BRDA:84,8,1,0
BRDA:95,9,0,0
BRDA:95,9,1,0
BRDA:97,10,0,0
BRDA:97,10,1,0
BRDA:98,11,0,0
BRDA:98,11,1,0
BRDA:101,12,0,0
BRDA:101,12,1,0
BRDA:108,13,0,0
BRDA:108,13,1,0
BRDA:109,14,0,0
BRDA:109,14,1,0
BRDA:121,15,0,0
BRDA:121,15,1,0
BRDA:128,16,0,0
BRDA:128,16,1,0
BRDA:129,17,0,0
BRDA:129,17,1,0
BRDA:140,18,0,0
BRDA:140,18,1,0
BRDA:141,19,0,0
BRDA:141,19,1,0
BRDA:150,20,0,0
BRDA:150,20,1,0
BRDA:164,21,0,0
BRDA:164,21,1,0
BRDA:173,22,0,0
BRDA:173,22,1,0
BRDA:175,23,0,0
BRDA:175,23,1,0
BRDA:181,24,0,0
BRDA:181,24,1,0
BRDA:181,25,0,0
BRDA:181,25,1,0
BRDA:192,26,0,0
BRDA:192,26,1,0
BRDA:211,27,0,0
BRDA:211,27,1,0
BRDA:216,28,0,0
BRDA:216,28,1,0
BRDA:216,29,0,0
BRDA:216,29,1,0
BRDA:217,30,0,0
BRDA:217,30,1,0
BRDA:222,31,0,0
BRDA:222,31,1,0
BRDA:226,32,0,0
BRDA:226,32,1,0
BRDA:247,33,0,0
BRDA:247,33,1,0
BRDA:257,34,0,0
BRDA:257,34,1,0
BRDA:259,35,0,0
BRDA:259,35,1,0
BRDA:267,36,0,0
BRDA:267,36,1,0
BRDA:267,37,0,0
BRDA:267,37,1,0
BRF:76
BRH:0
end_of_record
TN:
SF:src/components/ReservationDetails/index.jsx
FN:12,(anonymous_0)
FN:20,(anonymous_1)
FN:31,(anonymous_2)
FN:48,(anonymous_3)
FN:56,(anonymous_4)
FN:65,(anonymous_5)
FN:73,(anonymous_6)
FNF:7
FNH:0
FNDA:0,(anonymous_0)
FNDA:0,(anonymous_1)
FNDA:0,(anonymous_2)
FNDA:0,(anonymous_3)
FNDA:0,(anonymous_4)
FNDA:0,(anonymous_5)
FNDA:0,(anonymous_6)
DA:12,0
DA:20,0
DA:23,0
DA:24,0
DA:31,0
DA:32,0
DA:33,0
DA:34,0
DA:41,0
DA:42,0
DA:48,0
DA:49,0
DA:50,0
DA:53,0
DA:56,0
DA:57,0
DA:58,0
DA:59,0
DA:61,0
DA:65,0
DA:66,0
DA:67,0
DA:69,0
DA:73,0
DA:74,0
DA:75,0
DA:76,0
DA:80,0
DA:81,0
DA:82,0
DA:87,0
DA:90,0
LF:32
LH:0
BRDA:32,0,0,0
BRDA:32,0,1,0
BRDA:35,1,0,0
BRDA:35,1,1,0
BRDA:36,2,0,0
BRDA:36,2,1,0
BRDA:37,3,0,0
BRDA:37,3,1,0
BRDA:49,4,0,0
BRDA:49,4,1,0
BRDA:58,5,0,0
BRDA:58,5,1,0
BRDA:66,6,0,0
BRDA:66,6,1,0
BRDA:74,7,0,0
BRDA:74,7,1,0
BRDA:80,8,0,0
BRDA:80,8,1,0
BRF:18
BRH:0
end_of_record
TN:
SF:src/components/RoomManagement/RoomManagement.jsx
FN:21,(anonymous_0)
FN:34,(anonymous_1)
FN:46,(anonymous_2)
FN:49,(anonymous_3)
FN:54,(anonymous_4)
FN:135,(anonymous_5)
FNF:6
FNH:0
FNDA:0,(anonymous_0)
FNDA:0,(anonymous_1)
FNDA:0,(anonymous_2)
FNDA:0,(anonymous_3)
FNDA:0,(anonymous_4)
FNDA:0,(anonymous_5)
DA:21,0
DA:22,0
DA:24,0
DA:34,0
DA:35,0
DA:36,0
DA:46,0
DA:47,0
DA:48,0
DA:49,0
DA:52,0
DA:54,0
DA:55,0
DA:56,0
DA:63,0
DA:135,0
DA:149,0
LF:17
LH:0
BRDA:30,0,0,0
BRDA:30,0,1,0
BRDA:35,1,0,0
BRDA:35,1,1,0
BRDA:37,2,0,0
BRDA:37,2,1,0
BRDA:38,3,0,0
BRDA:38,3,1,0
BRDA:40,4,0,0
BRDA:40,4,1,0
BRDA:56,5,0,0
BRDA:56,5,1,0
BRDA:58,6,0,0
BRDA:58,6,1,0
BRDA:67,7,0,0
BRDA:67,7,1,0
BRDA:98,8,0,0
BRDA:98,8,1,0
BRDA:131,9,0,0
BRDA:131,9,1,0
BRDA:133,10,0,0
BRDA:133,10,1,0
BRF:22
BRH:0
end_of_record
TN:
SF:src/components/RoomSelection/RoomSelection.jsx
FN:6,(anonymous_0)
FN:35,(anonymous_1)
FN:36,(anonymous_2)
FN:39,(anonymous_3)
FN:40,(anonymous_4)
FN:43,(anonymous_5)
FN:65,(anonymous_6)
FN:70,(anonymous_7)
FN:107,(anonymous_8)
FN:119,(anonymous_9)
FN:134,(anonymous_10)
FNF:11
FNH:0
FNDA:0,(anonymous_0)
FNDA:0,(anonymous_1)
FNDA:0,(anonymous_2)
FNDA:0,(anonymous_3)
FNDA:0,(anonymous_4)
FNDA:0,(anonymous_5)
FNDA:0,(anonymous_6)
FNDA:0,(anonymous_7)
FNDA:0,(anonymous_8)
FNDA:0,(anonymous_9)
FNDA:0,(anonymous_10)
DA:6,0
DA:7,0
DA:8,0
DA:9,0
DA:11,0
DA:35,0
DA:36,0
DA:39,0
DA:40,0
DA:43,0
DA:44,0
DA:45,0
DA:46,0
DA:49,0
DA:52,0
DA:65,0
DA:70,0
DA:108,0
DA:120,0
DA:121,0
DA:122,0
DA:123,0
DA:125,0
DA:135,0
DA:136,0
LF:25
LH:0
BRDA:36,0,0,0
BRDA:36,0,1,0
BRDA:40,1,0,0
BRDA:40,1,1,0
BRDA:44,2,0,0
BRDA:44,2,1,0
BRDA:44,3,0,0
BRDA:44,3,1,0
BRDA:44,3,2,0
BRDA:64,4,0,0
BRDA:64,4,1,0
BRDA:69,5,0,0
BRDA:69,5,1,0
BRDA:111,6,0,0
BRDA:111,6,1,0
BRDA:113,7,0,0
BRDA:113,7,1,0
BRDA:115,8,0,0
BRDA:115,8,1,0
BRDA:118,9,0,0
BRDA:118,9,1,0
BRDA:120,10,0,0
BRDA:120,10,1,0
BRDA:122,11,0,0
BRDA:122,11,1,0
BRDA:133,12,0,0
BRDA:133,12,1,0
BRF:27
BRH:0
end_of_record
TN:
SF:src/components/Rooms/Rooms.jsx
FN:39,(anonymous_0)
FN:42,(anonymous_1)
FN:52,(anonymous_2)
FNF:3
FNH:0
FNDA:0,(anonymous_0)
FNDA:0,(anonymous_1)
FNDA:0,(anonymous_2)
DA:4,0
DA:39,0
DA:40,0
DA:43,0
DA:53,0
LF:5
LH:0
BRF:0
BRH:0
end_of_record
TN:
SF:src/components/Schedule/ScheduleView.jsx
FN:22,(anonymous_0)
FN:26,(anonymous_1)
FN:34,(anonymous_2)
FN:52,(anonymous_3)
FN:59,(anonymous_4)
FN:70,(anonymous_5)
FN:74,(anonymous_6)
FN:85,(anonymous_7)
FN:94,(anonymous_8)
FN:97,(anonymous_9)
FNF:10
FNH:0
FNDA:0,(anonymous_0)
FNDA:0,(anonymous_1)
FNDA:0,(anonymous_2)
FNDA:0,(anonymous_3)
FNDA:0,(anonymous_4)
FNDA:0,(anonymous_5)
FNDA:0,(anonymous_6)
FNDA:0,(anonymous_7)
FNDA:0,(anonymous_8)
FNDA:0,(anonymous_9)
DA:4,0
DA:9,0
DA:22,0
DA:23,0
DA:24,0
DA:26,0
DA:27,0
DA:34,0
DA:35,0
DA:36,0
DA:37,0
DA:39,0
DA:40,0
DA:41,0
DA:42,0
DA:44,0
DA:47,0
DA:53,0
DA:54,0
DA:55,0
DA:60,0
DA:61,0
DA:62,0
DA:71,0
DA:74,0
DA:86,0
DA:95,0
DA:98,0
LF:28
LH:0
BRDA:73,0,0,0
BRDA:73,0,1,0
BRF:2
BRH:0
end_of_record
TN:
SF:src/components/Services/Services.jsx
FN:18,(anonymous_0)
FN:21,(anonymous_1)
FNF:2
FNH:0
FNDA:0,(anonymous_0)
FNDA:0,(anonymous_1)
DA:3,0
DA:18,0
DA:19,0
DA:22,0
LF:4
LH:0
BRF:0
BRH:0
end_of_record
TN:
SF:src/contexts/AuthContext.jsx
FN:5,(anonymous_0)
FN:14,(anonymous_1)
FN:30,(anonymous_2)
FN:41,(anonymous_3)
FN:62,(anonymous_4)
FNF:5
FNH:0
FNDA:0,(anonymous_0)
FNDA:0,(anonymous_1)
FNDA:0,(anonymous_2)
FNDA:0,(anonymous_3)
FNDA:0,(anonymous_4)
DA:3,0
DA:5,0
DA:6,0
DA:12,0
DA:14,0
DA:16,0
DA:17,0
DA:18,0
DA:19,0
DA:21,0
DA:23,0
DA:24,0
DA:27,0
DA:30,0
DA:31,0
DA:37,0
DA:38,0
DA:41,0
DA:42,0
DA:48,0
DA:49,0
DA:53,0
DA:55,0
DA:62,0
DA:63,0
DA:64,0
DA:65,0
DA:67,0
LF:28
LH:0
BRDA:17,0,0,0
BRDA:17,0,1,0
BRDA:30,1,0,0
BRDA:64,2,0,0
BRDA:64,2,1,0
BRF:5
BRH:0
end_of_record
TN:
SF:src/features/analysis/AnalysisView.jsx
FN:6,(anonymous_0)
FN:9,(anonymous_1)
FN:15,(anonymous_2)
FN:23,(anonymous_3)
FN:37,(anonymous_4)
FN:52,(anonymous_5)
FN:79,(anonymous_6)
FNF:7
FNH:0
FNDA:0,(anonymous_0)
FNDA:0,(anonymous_1)
FNDA:0,(anonymous_2)
FNDA:0,(anonymous_3)
FNDA:0,(anonymous_4)
FNDA:0,(anonymous_5)
FNDA:0,(anonymous_6)
DA:6,0
DA:7,0
DA:9,0
DA:11,0
DA:14,0
DA:16,0
DA:23,0
DA:25,0
DA:28,0
DA:30,0
DA:38,0
DA:52,0
DA:80,0
LF:13
LH:0
BRDA:16,0,0,0
BRDA:16,0,1,0
BRDA:28,1,0,0
BRDA:28,1,1,0
BRDA:33,2,0,0
BRDA:33,2,1,0
BRDA:41,3,0,0
BRDA:41,3,1,0
BRDA:49,4,0,0
BRDA:49,4,1,0
BRDA:49,4,2,0
BRDA:64,5,0,0
BRDA:64,5,1,0
BRDA:75,6,0,0
BRDA:75,6,1,0
BRF:15
BRH:0
end_of_record
TN:
SF:src/features/calendar/CalendarView.jsx
FN:12,(anonymous_0)
FN:15,(anonymous_1)
FN:20,(anonymous_2)
FN:27,(anonymous_3)
FN:33,(anonymous_4)
FN:38,(anonymous_5)
FN:39,(anonymous_6)
FN:48,(anonymous_7)
FN:52,(anonymous_8)
FN:87,(anonymous_9)
FN:93,(anonymous_10)
FN:100,(anonymous_11)
FN:101,(anonymous_12)
FN:123,(anonymous_13)
FN:124,(anonymous_14)
FN:125,(anonymous_15)
FN:138,(anonymous_16)
FN:140,(anonymous_17)
FN:141,(anonymous_18)
FN:149,(anonymous_19)
FN:156,(anonymous_20)
FNF:21
FNH:0
FNDA:0,(anonymous_0)
FNDA:0,(anonymous_1)
FNDA:0,(anonymous_2)
FNDA:0,(anonymous_3)
FNDA:0,(anonymous_4)
FNDA:0,(anonymous_5)
FNDA:0,(anonymous_6)
FNDA:0,(anonymous_7)
FNDA:0,(anonymous_8)
FNDA:0,(anonymous_9)
FNDA:0,(anonymous_10)
FNDA:0,(anonymous_11)
FNDA:0,(anonymous_12)
FNDA:0,(anonymous_13)
FNDA:0,(anonymous_14)
FNDA:0,(anonymous_15)
FNDA:0,(anonymous_16)
FNDA:0,(anonymous_17)
FNDA:0,(anonymous_18)
FNDA:0,(anonymous_19)
FNDA:0,(anonymous_20)
DA:12,0
DA:13,0
DA:14,0
DA:15,0
DA:16,0
DA:17,0
DA:20,0
DA:21,0
DA:22,0
DA:23,0
DA:24,0
DA:27,0
DA:28,0
DA:29,0
DA:30,0
DA:33,0
DA:35,0
DA:36,0
DA:38,0
DA:39,0
DA:40,0
DA:46,0
DA:48,0
DA:49,0
DA:52,0
DA:53,0
DA:56,0
DA:62,0
DA:87,0
DA:88,0
DA:89,0
DA:93,0
DA:94,0
DA:95,0
DA:99,0
DA:100,0
DA:101,0
DA:102,0
DA:109,0
DA:110,0
DA:114,0
DA:115,0
DA:116,0
DA:119,0
DA:123,0
DA:124,0
DA:125,0
DA:126,0
DA:138,0
DA:139,0
DA:140,0
DA:141,0
DA:142,0
DA:148,0
DA:149,0
DA:150,0
DA:152,0
DA:156,0
DA:157,0
DA:160,0
LF:60
LH:0
BRDA:36,0,0,0
BRDA:36,0,1,0
BRDA:40,1,0,0
BRDA:40,1,1,0
BRDA:40,1,2,0
BRDA:46,2,0,0
BRDA:46,2,1,0
BRDA:49,3,0,0
BRDA:49,3,1,0
BRDA:53,4,0,0
BRDA:53,4,1,0
BRDA:88,5,0,0
BRDA:88,5,1,0
BRDA:88,6,0,0
BRDA:88,6,1,0
BRDA:94,7,0,0
BRDA:94,7,1,0
BRDA:94,8,0,0
BRDA:94,8,1,0
BRDA:94,8,2,0
BRDA:102,9,0,0
BRDA:102,9,1,0
BRDA:102,9,2,0
BRDA:109,10,0,0
BRDA:109,10,1,0
BRDA:115,11,0,0
BRDA:115,11,1,0
BRDA:115,12,0,0
BRDA:115,12,1,0
BRDA:126,13,0,0
BRDA:126,13,1,0
BRDA:142,14,0,0
BRDA:142,14,1,0
BRDA:142,14,2,0
BRDA:148,15,0,0
BRDA:148,15,1,0
BRDA:150,16,0,0
BRDA:150,16,1,0
BRF:38
BRH:0
end_of_record
TN:
SF:src/features/calendar/components/CalendarTable.jsx
FN:6,(anonymous_0)
FN:30,(anonymous_1)
FN:38,(anonymous_2)
FNF:3
FNH:0
FNDA:0,(anonymous_0)
FNDA:0,(anonymous_1)
FNDA:0,(anonymous_2)
DA:6,0
DA:18,0
DA:31,0
DA:39,0
LF:4
LH:0
BRDA:20,0,0,0
BRDA:20,0,1,0
BRDA:24,1,0,0
BRDA:24,1,1,0
BRF:4
BRH:0
end_of_record
TN:
SF:src/features/calendar/components/DateSelector.jsx
FN:5,(anonymous_0)
FN:6,(anonymous_1)
FN:17,(anonymous_2)
FN:23,(anonymous_3)
FNF:4
FNH:0
FNDA:0,(anonymous_0)
FNDA:0,(anonymous_1)
FNDA:0,(anonymous_2)
FNDA:0,(anonymous_3)
DA:5,0
DA:6,0
DA:7,0
DA:8,0
DA:11,0
DA:17,0
DA:23,0
LF:7
LH:0
BRF:0
BRH:0
end_of_record
TN:
SF:src/features/calendar/components/DayCell.jsx
FN:4,(anonymous_0)
FN:12,(anonymous_1)
FN:29,(anonymous_2)
FNF:3
FNH:0
FNDA:0,(anonymous_0)
FNDA:0,(anonymous_1)
FNDA:0,(anonymous_2)
DA:4,0
DA:12,0
DA:13,0
DA:14,0
DA:15,0
DA:16,0
DA:17,0
DA:21,0
DA:29,0
LF:9
LH:0
BRDA:13,0,0,0
BRDA:13,0,1,0
BRDA:13,0,2,0
BRDA:13,0,3,0
BRDA:26,1,0,0
BRDA:26,1,1,0
BRDA:27,2,0,0
BRDA:27,2,1,0
BRDA:30,3,0,0
BRDA:30,3,1,0
BRF:10
BRH:0
end_of_record
TN:
SF:src/features/calendar/components/RoomRow.jsx
FN:5,(anonymous_0)
FN:18,(anonymous_1)
FNF:2
FNH:0
FNDA:0,(anonymous_0)
FNDA:0,(anonymous_1)
DA:5,0
DA:13,0
DA:19,0
DA:20,0
DA:21,0
DA:23,0
LF:6
LH:0
BRDA:15,0,0,0
BRDA:15,0,1,0
BRF:2
BRH:0
end_of_record
TN:
SF:src/features/calendar/hooks/useDragScroll.js
FN:3,useDragScroll
FN:10,(anonymous_1)
FN:25,(anonymous_2)
FN:39,(anonymous_3)
FN:43,(anonymous_4)
FN:46,(anonymous_5)
FNF:6
FNH:0
FNDA:0,useDragScroll
FNDA:0,(anonymous_1)
FNDA:0,(anonymous_2)
FNDA:0,(anonymous_3)
FNDA:0,(anonymous_4)
FNDA:0,(anonymous_5)
DA:4,0
DA:5,0
DA:6,0
DA:7,0
DA:8,0
DA:10,0
DA:11,0
DA:12,0
DA:13,0
DA:14,0
DA:18,0
DA:25,0
DA:26,0
DA:28,0
DA:29,0
DA:31,0
DA:32,0
DA:33,0
DA:36,0
DA:39,0
DA:40,0
DA:43,0
DA:44,0
DA:45,0
DA:46,0
DA:47,0
DA:48,0
DA:52,0
LF:28
LH:0
BRDA:11,0,0,0
BRDA:11,0,1,0
BRDA:26,1,0,0
BRDA:26,1,1,0
BRDA:31,2,0,0
BRDA:31,2,1,0
BRF:6
BRH:0
end_of_record
TN:
SF:src/features/calendar/utils/calendarHelpers.js
FN:19,(anonymous_0)
FN:49,(anonymous_1)
FN:72,(anonymous_2)
FNF:3
FNH:0
FNDA:0,(anonymous_0)
FNDA:0,(anonymous_1)
FNDA:0,(anonymous_2)
DA:19,0
DA:20,0
DA:21,0
DA:22,0
DA:25,0
DA:31,0
DA:32,0
DA:33,0
DA:34,0
DA:38,0
DA:39,0
DA:40,0
DA:49,0
DA:51,0
DA:54,0
DA:55,0
DA:58,0
DA:72,0
DA:73,0
DA:74,0
DA:75,0
DA:77,0
LF:22
LH:0
BRDA:31,0,0,0
BRDA:31,0,1,0
BRDA:49,1,0,0
BRDA:51,2,0,0
BRDA:51,2,1,0
BRDA:77,3,0,0
BRDA:77,3,1,0
BRF:7
BRH:0
end_of_record
TN:
SF:src/features/calendar/utils/dateUtils.js
FN:1,generateDatesArray
FN:11,isDateRangeOverlapping
FN:19,getNextTwoWeeks
FN:30,formatDate
FN:34,isDateInRange
FNF:5
FNH:0
FNDA:0,generateDatesArray
FNDA:0,isDateRangeOverlapping
FNDA:0,getNextTwoWeeks
FNDA:0,formatDate
FNDA:0,isDateInRange
DA:2,0
DA:3,0
DA:4,0
DA:5,0
DA:6,0
DA:8,0
DA:12,0
DA:13,0
DA:14,0
DA:15,0
DA:16,0
DA:20,0
DA:21,0
DA:22,0
DA:24,0
DA:31,0
DA:35,0
DA:36,0
DA:37,0
DA:40,0
DA:43,0
DA:44,0
DA:45,0
DA:47,0
LF:24
LH:0
BRDA:16,0,0,0
BRDA:16,0,1,0
BRDA:47,1,0,0
BRDA:47,1,1,0
BRF:4
BRH:0
end_of_record
TN:
SF:src/features/invoices/InvoiceView.jsx
FN:9,(anonymous_0)
FN:23,(anonymous_1)
FN:27,(anonymous_2)
FN:31,(anonymous_3)
FN:61,(anonymous_4)
FNF:5
FNH:0
FNDA:0,(anonymous_0)
FNDA:0,(anonymous_1)
FNDA:0,(anonymous_2)
FNDA:0,(anonymous_3)
FNDA:0,(anonymous_4)
DA:9,0
DA:10,0
DA:11,0
DA:12,0
DA:13,0
DA:21,0
DA:23,0
DA:24,0
DA:27,0
DA:28,0
DA:31,0
DA:32,0
DA:33,0
DA:34,0
DA:35,0
DA:39,0
DA:61,0
LF:17
LH:0
BRDA:33,0,0,0
BRDA:33,0,1,0
BRDA:43,1,0,0
BRDA:43,1,1,0
BRF:4
BRH:0
end_of_record
TN:
SF:src/features/invoices/components/InvoiceForm.jsx
FN:4,(anonymous_0)
FN:33,(anonymous_1)
FN:42,(anonymous_2)
FN:50,(anonymous_3)
FN:71,(anonymous_4)
FN:84,(anonymous_5)
FN:100,(anonymous_6)
FN:110,(anonymous_7)
FN:124,(anonymous_8)
FN:141,(anonymous_9)
FN:151,(anonymous_10)
FN:161,(anonymous_11)
FN:177,(anonymous_12)
FN:188,(anonymous_13)
FN:206,(anonymous_14)
FN:212,(anonymous_15)
FNF:16
FNH:0
FNDA:0,(anonymous_0)
FNDA:0,(anonymous_1)
FNDA:0,(anonymous_2)
FNDA:0,(anonymous_3)
FNDA:0,(anonymous_4)
FNDA:0,(anonymous_5)
FNDA:0,(anonymous_6)
FNDA:0,(anonymous_7)
FNDA:0,(anonymous_8)
FNDA:0,(anonymous_9)
FNDA:0,(anonymous_10)
FNDA:0,(anonymous_11)
FNDA:0,(anonymous_12)
FNDA:0,(anonymous_13)
FNDA:0,(anonymous_14)
FNDA:0,(anonymous_15)
DA:4,0
DA:13,0
DA:33,0
DA:42,0
DA:50,0
DA:71,0
DA:84,0
DA:100,0
DA:110,0
DA:124,0
DA:141,0
DA:151,0
DA:161,0
DA:177,0
DA:188,0
DA:206,0
DA:212,0
LF:17
LH:0
BRDA:94,0,0,0
BRDA:94,0,1,0
BRDA:172,1,0,0
BRDA:172,1,1,0
BRF:4
BRH:0
end_of_record
TN:
SF:src/features/invoices/components/RoomsList.jsx
FN:4,(anonymous_0)
FN:14,(anonymous_1)
FN:42,(anonymous_2)
FN:67,(anonymous_3)
FN:75,(anonymous_4)
FN:82,(anonymous_5)
FN:89,(anonymous_6)
FN:93,(anonymous_7)
FNF:8
FNH:0
FNDA:0,(anonymous_0)
FNDA:0,(anonymous_1)
FNDA:0,(anonymous_2)
FNDA:0,(anonymous_3)
FNDA:0,(anonymous_4)
FNDA:0,(anonymous_5)
FNDA:0,(anonymous_6)
FNDA:0,(anonymous_7)
DA:4,0
DA:14,0
DA:16,0
DA:19,0
DA:20,0
DA:21,0
DA:23,0
DA:25,0
DA:28,0
DA:29,0
DA:37,0
DA:38,0
DA:42,0
DA:51,0
DA:52,0
DA:59,0
DA:67,0
DA:75,0
DA:82,0
DA:90,0
DA:93,0
LF:21
LH:0
BRDA:16,0,0,0
BRDA:16,0,1,0
BRDA:23,1,0,0
BRDA:23,1,1,0
BRDA:25,2,0,0
BRDA:25,2,1,0
BRDA:25,2,2,0
BRDA:28,3,0,0
BRDA:28,3,1,0
BRDA:37,4,0,0
BRDA:37,4,1,0
BRDA:51,5,0,0
BRDA:51,5,1,0
BRDA:92,6,0,0
BRDA:92,6,1,0
BRDA:97,7,0,0
BRDA:97,7,1,0
BRDA:109,8,0,0
BRDA:109,8,1,0
BRDA:111,9,0,0
BRDA:111,9,1,0
BRF:21
BRH:0
end_of_record
TN:
SF:src/features/invoices/hooks/useInvoiceForm.js
FN:3,(anonymous_0)
FN:21,(anonymous_1)
FN:37,(anonymous_2)
FN:42,(anonymous_3)
FN:51,(anonymous_4)
FN:71,(anonymous_5)
FNF:6
FNH:0
FNDA:0,(anonymous_0)
FNDA:0,(anonymous_1)
FNDA:0,(anonymous_2)
FNDA:0,(anonymous_3)
FNDA:0,(anonymous_4)
FNDA:0,(anonymous_5)
DA:3,0
DA:4,0
DA:21,0
DA:22,0
DA:23,0
DA:24,0
DA:27,0
DA:28,0
DA:31,0
DA:32,0
DA:34,0
DA:37,0
DA:38,0
DA:40,0
DA:42,0
DA:51,0
DA:52,0
DA:53,0
DA:54,0
DA:55,0
DA:58,0
DA:66,0
DA:67,0
DA:68,0
DA:71,0
DA:72,0
DA:73,0
DA:74,0
DA:75,0
DA:78,0
DA:84,0
DA:85,0
DA:86,0
DA:87,0
DA:91,0
LF:35
LH:0
BRDA:3,0,0,0
BRDA:22,1,0,0
BRDA:22,1,1,0
BRDA:23,2,0,0
BRDA:23,2,1,0
BRDA:23,3,0,0
BRDA:23,3,1,0
BRDA:27,4,0,0
BRDA:27,4,1,0
BRDA:27,5,0,0
BRDA:27,5,1,0
BRDA:27,5,2,0
BRDA:27,5,3,0
BRDA:31,6,0,0
BRDA:31,6,1,0
BRDA:38,7,0,0
BRDA:38,7,1,0
BRDA:53,8,0,0
BRDA:53,8,1,0
BRDA:73,9,0,0
BRDA:73,9,1,0
BRDA:84,10,0,0
BRDA:84,10,1,0
BRDA:86,11,0,0
BRDA:86,11,1,0
BRF:25
BRH:0
end_of_record
TN:
SF:src/features/invoices/hooks/useRooms.js
FN:3,(anonymous_0)
FN:8,(anonymous_1)
FN:10,(anonymous_2)
FN:11,(anonymous_3)
FN:14,(anonymous_4)
FN:81,(anonymous_5)
FNF:6
FNH:0
FNDA:0,(anonymous_0)
FNDA:0,(anonymous_1)
FNDA:0,(anonymous_2)
FNDA:0,(anonymous_3)
FNDA:0,(anonymous_4)
FNDA:0,(anonymous_5)
DA:3,0
DA:4,0
DA:5,0
DA:6,0
DA:8,0
DA:10,0
DA:11,0
DA:12,0
DA:14,0
DA:16,0
DA:17,0
DA:70,0
DA:71,0
DA:73,0
DA:74,0
DA:78,0
DA:81,0
DA:82,0
DA:83,0
DA:88,0
LF:20
LH:0
BRF:0
BRH:0
end_of_record
TN:
SF:src/features/invoices/utils/dateUtils.js
FN:1,(anonymous_0)
FN:8,(anonymous_1)
FN:14,(anonymous_2)
FN:24,(anonymous_3)
FNF:4
FNH:0
FNDA:0,(anonymous_0)
FNDA:0,(anonymous_1)
FNDA:0,(anonymous_2)
FNDA:0,(anonymous_3)
DA:1,0
DA:2,0
DA:3,0
DA:5,0
DA:8,0
DA:9,0
DA:10,0
DA:11,0
DA:14,0
DA:15,0
DA:16,0
DA:18,0
DA:24,0
DA:25,0
DA:26,0
DA:27,0
DA:29,0
LF:17
LH:0
BRDA:2,0,0,0
BRDA:2,0,1,0
BRDA:29,1,0,0
BRDA:29,1,1,0
BRF:4
BRH:0
end_of_record
TN:
SF:src/features/notifications/NotificationView.jsx
FN:6,(anonymous_0)
FN:9,(anonymous_1)
FN:62,(anonymous_2)
FN:69,(anonymous_3)
FNF:4
FNH:0
FNDA:0,(anonymous_0)
FNDA:0,(anonymous_1)
FNDA:0,(anonymous_2)
FNDA:0,(anonymous_3)
DA:6,0
DA:7,0
DA:9,0
DA:11,0
DA:14,0
DA:15,0
DA:18,0
DA:19,0
DA:21,0
DA:25,0
DA:28,0
DA:30,0
DA:62,0
DA:69,0
LF:14
LH:0
BRDA:11,0,0,0
BRDA:11,0,1,0
BRDA:11,0,2,0
BRDA:28,1,0,0
BRDA:28,1,1,0
BRDA:40,2,0,0
BRDA:40,2,1,0
BRDA:47,3,0,0
BRDA:47,3,1,0
BRF:9
BRH:0
end_of_record
TN:
SF:src/features/pos/POSView.jsx
FN:5,(anonymous_0)
FN:9,(anonymous_1)
FN:27,(anonymous_2)
FN:28,(anonymous_3)
FN:31,(anonymous_4)
FN:33,(anonymous_5)
FN:34,(anonymous_6)
FN:40,(anonymous_7)
FN:41,(anonymous_8)
FN:41,(anonymous_9)
FN:44,(anonymous_10)
FN:45,(anonymous_11)
FN:48,(anonymous_12)
FN:68,(anonymous_13)
FN:74,(anonymous_14)
FN:87,(anonymous_15)
FN:93,(anonymous_16)
FN:105,(anonymous_17)
FN:109,(anonymous_18)
FN:121,(anonymous_19)
FN:125,(anonymous_20)
FN:148,(anonymous_21)
FN:153,(anonymous_22)
FN:159,(anonymous_23)
FN:169,(anonymous_24)
FNF:25
FNH:0
FNDA:0,(anonymous_0)
FNDA:0,(anonymous_1)
FNDA:0,(anonymous_2)
FNDA:0,(anonymous_3)
FNDA:0,(anonymous_4)
FNDA:0,(anonymous_5)
FNDA:0,(anonymous_6)
FNDA:0,(anonymous_7)
FNDA:0,(anonymous_8)
FNDA:0,(anonymous_9)
FNDA:0,(anonymous_10)
FNDA:0,(anonymous_11)
FNDA:0,(anonymous_12)
FNDA:0,(anonymous_13)
FNDA:0,(anonymous_14)
FNDA:0,(anonymous_15)
FNDA:0,(anonymous_16)
FNDA:0,(anonymous_17)
FNDA:0,(anonymous_18)
FNDA:0,(anonymous_19)
FNDA:0,(anonymous_20)
FNDA:0,(anonymous_21)
FNDA:0,(anonymous_22)
FNDA:0,(anonymous_23)
FNDA:0,(anonymous_24)
DA:5,0
DA:6,0
DA:7,0
DA:8,0
DA:9,0
DA:12,0
DA:18,0
DA:27,0
DA:28,0
DA:31,0
DA:32,0
DA:33,0
DA:34,0
DA:35,0
DA:40,0
DA:41,0
DA:44,0
DA:45,0
DA:48,0
DA:50,0
DA:56,0
DA:57,0
DA:60,0
DA:68,0
DA:74,0
DA:88,0
DA:93,0
DA:106,0
DA:109,0
DA:122,0
DA:125,0
DA:149,0
DA:153,0
DA:159,0
DA:169,0
LF:35
LH:0
BRDA:32,0,0,0
BRDA:32,0,1,0
BRDA:35,1,0,0
BRDA:35,1,1,0
BRDA:67,2,0,0
BRDA:67,2,1,0
BRDA:73,3,0,0
BRDA:73,3,1,0
BRDA:83,4,0,0
BRDA:83,4,1,0
BRDA:91,5,0,0
BRDA:91,5,1,0
BRDA:141,6,0,0
BRDA:141,6,1,0
BRF:14
BRH:0
end_of_record
TN:
SF:src/features/reports/ReportsView.jsx
FN:2,(anonymous_0)
FNF:1
FNH:0
FNDA:0,(anonymous_0)
DA:2,0
DA:3,0
LF:2
LH:0
BRF:0
BRH:0
end_of_record
TN:
SF:src/features/stock/StockView.jsx
FN:4,(anonymous_0)
FN:33,(anonymous_1)
FN:37,(anonymous_2)
FN:56,(anonymous_3)
FN:57,(anonymous_4)
FN:58,(anonymous_5)
FN:73,(anonymous_6)
FN:94,(anonymous_7)
FN:101,(anonymous_8)
FN:107,(anonymous_9)
FN:110,(anonymous_10)
FN:128,(anonymous_11)
FN:133,(anonymous_12)
FN:137,(anonymous_13)
FN:157,(anonymous_14)
FN:179,(anonymous_15)
FN:185,(anonymous_16)
FNF:17
FNH:0
FNDA:0,(anonymous_0)
FNDA:0,(anonymous_1)
FNDA:0,(anonymous_2)
FNDA:0,(anonymous_3)
FNDA:0,(anonymous_4)
FNDA:0,(anonymous_5)
FNDA:0,(anonymous_6)
FNDA:0,(anonymous_7)
FNDA:0,(anonymous_8)
FNDA:0,(anonymous_9)
FNDA:0,(anonymous_10)
FNDA:0,(anonymous_11)
FNDA:0,(anonymous_12)
FNDA:0,(anonymous_13)
FNDA:0,(anonymous_14)
FNDA:0,(anonymous_15)
FNDA:0,(anonymous_16)
DA:4,0
DA:6,0
DA:9,0
DA:22,0
DA:29,0
DA:30,0
DA:33,0
DA:34,0
DA:35,0
DA:37,0
DA:48,0
DA:56,0
DA:57,0
DA:58,0
DA:59,0
DA:61,0
DA:62,0
DA:65,0
DA:67,0
DA:73,0
DA:75,0
DA:76,0
DA:79,0
DA:82,0
DA:94,0
DA:101,0
DA:107,0
DA:111,0
DA:128,0
DA:133,0
DA:138,0
DA:158,0
DA:179,0
DA:185,0
LF:34
LH:0
BRDA:35,0,0,0
BRDA:35,0,1,0
BRDA:35,1,0,0
BRDA:35,1,1,0
BRDA:59,2,0,0
BRDA:59,2,1,0
BRDA:61,3,0,0
BRDA:61,3,1,0
BRDA:75,4,0,0
BRDA:75,4,1,0
BRDA:79,5,0,0
BRDA:79,5,1,0
BRDA:164,6,0,0
BRDA:164,6,1,0
BRDA:166,7,0,0
BRDA:166,7,1,0
BRDA:171,8,0,0
BRDA:171,8,1,0
BRDA:176,9,0,0
BRDA:176,9,1,0
BRF:20
BRH:0
end_of_record
TN:
SF:src/pages/Attractions.jsx
FN:4,(anonymous_0)
FNF:1
FNH:0
FNDA:0,(anonymous_0)
DA:4,0
DA:5,0
LF:2
LH:0
BRF:0
BRH:0
end_of_record
TN:
SF:src/pages/Facilities.jsx
FN:5,(anonymous_0)
FNF:1
FNH:0
FNDA:0,(anonymous_0)
DA:5,0
DA:6,0
LF:2
LH:0
BRF:0
BRH:0
end_of_record
TN:
SF:src/pages/Management.jsx
FN:13,(anonymous_0)
FN:14,(anonymous_1)
FN:27,(anonymous_2)
FNF:3
FNH:0
FNDA:0,(anonymous_0)
FNDA:0,(anonymous_1)
FNDA:0,(anonymous_2)
DA:13,0
DA:14,0
DA:17,0
DA:27,0
DA:28,0
DA:29,0
DA:31,0
LF:7
LH:0
BRF:0
BRH:0
end_of_record
TN:
SF:src/pages/Rooms.jsx
FN:5,(anonymous_0)
FNF:1
FNH:0
FNDA:0,(anonymous_0)
DA:5,0
DA:6,0
LF:2
LH:0
BRF:0
BRH:0
end_of_record
TN:
SF:src/pages/Website.jsx
FN:5,(anonymous_0)
FNF:1
FNH:0
FNDA:0,(anonymous_0)
DA:5,0
DA:6,0
LF:2
LH:0
BRF:0
BRH:0
end_of_record
TN:
SF:src/pages/login/Login.jsx
FN:7,(anonymous_0)
FN:13,(anonymous_1)
FN:19,(anonymous_2)
FN:28,(anonymous_3)
FN:48,(anonymous_4)
FN:52,(anonymous_5)
FN:64,(anonymous_6)
FN:68,(anonymous_7)
FN:88,(anonymous_8)
FN:94,(anonymous_9)
FN:184,(anonymous_10)
FN:186,(anonymous_11)
FNF:12
FNH:0
FNDA:0,(anonymous_0)
FNDA:0,(anonymous_1)
FNDA:0,(anonymous_2)
FNDA:0,(anonymous_3)
FNDA:0,(anonymous_4)
FNDA:0,(anonymous_5)
FNDA:0,(anonymous_6)
FNDA:0,(anonymous_7)
FNDA:0,(anonymous_8)
FNDA:0,(anonymous_9)
FNDA:0,(anonymous_10)
FNDA:0,(anonymous_11)
DA:7,0
DA:8,0
DA:9,0
DA:10,0
DA:11,0
DA:13,0
DA:14,0
DA:15,0
DA:19,0
DA:20,0
DA:21,0
DA:23,0
DA:24,0
DA:26,0
DA:27,0
DA:28,0
DA:30,0
DA:31,0
DA:32,0
DA:33,0
DA:34,0
DA:36,0
DA:37,0
DA:38,0
DA:39,0
DA:42,0
DA:44,0
DA:48,0
DA:49,0
DA:50,0
DA:51,0
DA:52,0
DA:53,0
DA:54,0
DA:55,0
DA:56,0
DA:58,0
DA:60,0
DA:64,0
DA:65,0
DA:66,0
DA:67,0
DA:68,0
DA:69,0
DA:70,0
DA:71,0
DA:72,0
DA:74,0
DA:76,0
DA:80,0
DA:88,0
DA:94,0
DA:184,0
DA:186,0
LF:54
LH:0
BRDA:14,0,0,0
BRDA:14,0,1,0
BRDA:30,1,0,0
BRDA:30,1,1,0
BRDA:87,2,0,0
BRDA:87,2,1,0
BRDA:93,3,0,0
BRDA:93,3,1,0
BRDA:119,4,0,0
BRDA:119,4,1,0
BRDA:123,5,0,0
BRDA:123,5,1,0
BRDA:136,6,0,0
BRDA:136,6,1,0
BRDA:147,7,0,0
BRDA:147,7,1,0
BRDA:147,8,0,0
BRDA:147,8,1,0
BRDA:183,9,0,0
BRDA:183,9,1,0
BRF:20
BRH:0
end_of_record
TN:
SF:src/store/assistantStore.js
FN:57,(anonymous_0)
FN:61,(anonymous_1)
FN:62,(anonymous_2)
FN:74,(anonymous_3)
FN:75,(anonymous_4)
FN:87,(anonymous_5)
FN:88,(anonymous_6)
FN:103,(anonymous_7)
FN:104,(anonymous_8)
FN:116,(anonymous_9)
FN:125,(anonymous_10)
FN:137,(anonymous_11)
FN:138,(anonymous_12)
FN:157,(anonymous_13)
FNF:14
FNH:0
FNDA:0,(anonymous_0)
FNDA:0,(anonymous_1)
FNDA:0,(anonymous_2)
FNDA:0,(anonymous_3)
FNDA:0,(anonymous_4)
FNDA:0,(anonymous_5)
FNDA:0,(anonymous_6)
FNDA:0,(anonymous_7)
FNDA:0,(anonymous_8)
FNDA:0,(anonymous_9)
FNDA:0,(anonymous_10)
FNDA:0,(anonymous_11)
FNDA:0,(anonymous_12)
FNDA:0,(anonymous_13)
DA:4,0
DA:10,0
DA:17,0
DA:57,0
DA:62,0
DA:75,0
DA:88,0
DA:104,0
DA:117,0
DA:125,0
DA:133,0
DA:138,0
DA:158,0
DA:159,0
DA:161,0
DA:165,0
LF:16
LH:0
BRDA:159,0,0,0
BRDA:159,0,1,0
BRDA:159,1,0,0
BRDA:159,1,1,0
BRF:4
BRH:0
end_of_record
TN:
SF:src/store/automationStore.js
FN:9,(anonymous_0)
FN:32,(anonymous_1)
FN:32,(anonymous_2)
FN:48,(anonymous_3)
FN:48,(anonymous_4)
FN:63,(anonymous_5)
FN:63,(anonymous_6)
FN:78,(anonymous_7)
FN:78,(anonymous_8)
FN:87,(anonymous_9)
FN:87,(anonymous_10)
FNF:11
FNH:0
FNDA:0,(anonymous_0)
FNDA:0,(anonymous_1)
FNDA:0,(anonymous_2)
FNDA:0,(anonymous_3)
FNDA:0,(anonymous_4)
FNDA:0,(anonymous_5)
FNDA:0,(anonymous_6)
FNDA:0,(anonymous_7)
FNDA:0,(anonymous_8)
FNDA:0,(anonymous_9)
FNDA:0,(anonymous_10)
DA:3,0
DA:9,0
DA:32,0
DA:34,0
DA:35,0
DA:36,0
DA:39,0
DA:48,0
DA:49,0
DA:50,0
DA:51,0
DA:54,0
DA:63,0
DA:64,0
DA:65,0
DA:66,0
DA:69,0
DA:78,0
DA:87,0
LF:19
LH:0
BRDA:34,0,0,0
BRDA:34,0,1,0
BRDA:49,1,0,0
BRDA:49,1,1,0
BRDA:64,2,0,0
BRDA:64,2,1,0
BRF:6
BRH:0
end_of_record
TN:
SF:src/store/bookingStore.js
FN:3,(anonymous_0)
FN:18,(anonymous_1)
FN:22,(anonymous_2)
FN:31,(anonymous_3)
FN:33,(anonymous_4)
FNF:5
FNH:0
FNDA:0,(anonymous_0)
FNDA:0,(anonymous_1)
FNDA:0,(anonymous_2)
FNDA:0,(anonymous_3)
FNDA:0,(anonymous_4)
DA:3,0
DA:4,0
DA:5,0
DA:6,0
DA:9,0
DA:10,0
DA:12,0
DA:18,0
DA:24,0
DA:28,0
DA:31,0
DA:33,0
LF:12
LH:0
BRDA:25,0,0,0
BRDA:25,0,1,0
BRDA:26,1,0,0
BRDA:26,1,1,0
BRF:4
BRH:0
end_of_record
TN:
SF:src/store/calendarStore.js
FN:4,(anonymous_0)
FN:11,(anonymous_1)
FN:15,(anonymous_2)
FN:19,(anonymous_3)
FN:27,(anonymous_4)
FN:32,(anonymous_5)
FN:33,(anonymous_6)
FN:48,(anonymous_7)
FN:50,(anonymous_8)
FN:56,(anonymous_9)
FN:57,(anonymous_10)
FN:58,(anonymous_11)
FN:59,(anonymous_12)
FN:75,(anonymous_13)
FN:85,(anonymous_14)
FN:94,(anonymous_15)
FN:100,(anonymous_16)
FN:102,(anonymous_17)
FN:106,(anonymous_18)
FN:109,(anonymous_19)
FNF:20
FNH:1
FNDA:1,(anonymous_0)
FNDA:0,(anonymous_1)
FNDA:0,(anonymous_2)
FNDA:0,(anonymous_3)
FNDA:0,(anonymous_4)
FNDA:0,(anonymous_5)
FNDA:0,(anonymous_6)
FNDA:0,(anonymous_7)
FNDA:0,(anonymous_8)
FNDA:0,(anonymous_9)
FNDA:0,(anonymous_10)
FNDA:0,(anonymous_11)
FNDA:0,(anonymous_12)
FNDA:0,(anonymous_13)
FNDA:0,(anonymous_14)
FNDA:0,(anonymous_15)
FNDA:0,(anonymous_16)
FNDA:0,(anonymous_17)
FNDA:0,(anonymous_18)
FNDA:0,(anonymous_19)
DA:4,1
DA:12,0
DA:16,0
DA:20,0
DA:21,0
DA:22,0
DA:23,0
DA:28,0
DA:29,0
DA:30,0
DA:32,0
DA:33,0
DA:34,0
DA:35,0
DA:36,0
DA:38,0
DA:49,0
DA:50,0
DA:52,0
DA:53,0
DA:55,0
DA:56,0
DA:58,0
DA:59,0
DA:60,0
DA:61,0
DA:62,0
DA:64,0
DA:76,0
DA:79,0
DA:86,0
DA:87,0
DA:88,0
DA:90,0
DA:95,0
DA:96,0
DA:101,0
DA:102,0
DA:107,0
DA:108,0
DA:109,0
LF:41
LH:1
BRDA:34,0,0,0
BRDA:34,0,1,0
BRDA:39,1,0,0
BRDA:39,1,1,0
BRDA:39,1,2,0
BRDA:39,1,3,0
BRDA:39,1,4,0
BRDA:39,1,5,0
BRDA:50,2,0,0
BRDA:50,2,1,0
BRDA:50,3,0,0
BRDA:50,3,1,0
BRDA:60,4,0,0
BRDA:60,4,1,0
BRDA:65,5,0,0
BRDA:65,5,1,0
BRDA:65,5,2,0
BRDA:65,5,3,0
BRDA:65,5,4,0
BRDA:65,5,5,0
BRDA:81,6,0,0
BRDA:81,6,1,0
BRDA:108,7,0,0
BRDA:108,7,1,0
BRF:24
BRH:0
end_of_record
TN:
SF:src/store/chatStore.js
FN:4,(anonymous_0)
FN:19,(anonymous_1)
FN:19,(anonymous_2)
FN:45,(anonymous_3)
FN:70,(anonymous_4)
FN:70,(anonymous_5)
FN:71,(anonymous_6)
FN:88,(anonymous_7)
FN:116,(anonymous_8)
FN:129,(anonymous_9)
FN:179,(anonymous_10)
FN:188,(anonymous_11)
FN:196,(anonymous_12)
FN:214,(anonymous_13)
FN:216,(anonymous_14)
FN:228,(anonymous_15)
FN:254,(anonymous_16)
FNF:17
FNH:1
FNDA:1,(anonymous_0)
FNDA:0,(anonymous_1)
FNDA:0,(anonymous_2)
FNDA:0,(anonymous_3)
FNDA:0,(anonymous_4)
FNDA:0,(anonymous_5)
FNDA:0,(anonymous_6)
FNDA:0,(anonymous_7)
FNDA:0,(anonymous_8)
FNDA:0,(anonymous_9)
FNDA:0,(anonymous_10)
FNDA:0,(anonymous_11)
FNDA:0,(anonymous_12)
FNDA:0,(anonymous_13)
FNDA:0,(anonymous_14)
FNDA:0,(anonymous_15)
FNDA:0,(anonymous_16)
DA:4,1
DA:19,0
DA:21,0
DA:27,0
DA:28,0
DA:36,0
DA:37,0
DA:38,0
DA:41,0
DA:46,0
DA:47,0
DA:50,0
DA:51,0
DA:52,0
DA:53,0
DA:57,0
DA:58,0
DA:59,0
DA:60,0
DA:61,0
DA:64,0
DA:65,0
DA:66,0
DA:70,0
DA:71,0
DA:72,0
DA:74,0
DA:75,0
DA:76,0
DA:78,0
DA:89,0
DA:90,0
DA:92,0
DA:93,0
DA:94,0
DA:97,0
DA:101,0
DA:104,0
DA:109,0
DA:112,0
DA:117,0
DA:118,0
DA:121,0
DA:122,0
DA:123,0
DA:126,0
DA:129,0
DA:130,0
DA:132,0
DA:133,0
DA:134,0
DA:136,0
DA:140,0
DA:141,0
DA:145,0
DA:147,0
DA:148,0
DA:151,0
DA:152,0
DA:156,0
DA:157,0
DA:158,0
DA:159,0
DA:163,0
DA:164,0
DA:167,0
DA:168,0
DA:169,0
DA:170,0
DA:171,0
DA:175,0
DA:176,0
DA:179,0
DA:180,0
DA:181,0
DA:184,0
DA:189,0
DA:190,0
DA:197,0
DA:198,0
DA:199,0
DA:201,0
DA:209,0
DA:210,0
DA:215,0
DA:216,0
DA:229,0
DA:232,0
DA:233,0
DA:236,0
DA:237,0
DA:238,0
DA:241,0
DA:249,0
DA:250,0
DA:254,0
LF:96
LH:1
BRDA:23,0,0,0
BRDA:23,0,1,0
BRDA:27,1,0,0
BRDA:27,1,1,0
BRDA:37,2,0,0
BRDA:37,2,1,0
BRDA:50,3,0,0
BRDA:50,3,1,0
BRDA:58,4,0,0
BRDA:58,4,1,0
BRDA:72,5,0,0
BRDA:72,5,1,0
BRDA:88,6,0,0
BRDA:92,7,0,0
BRDA:92,7,1,0
BRDA:97,8,0,0
BRDA:97,8,1,0
BRDA:121,9,0,0
BRDA:121,9,1,0
BRDA:132,10,0,0
BRDA:132,10,1,0
BRDA:145,11,0,0
BRDA:145,11,1,0
BRDA:145,12,0,0
BRDA:145,12,1,0
BRDA:145,12,2,0
BRDA:145,12,3,0
BRDA:156,13,0,0
BRDA:156,13,1,0
BRDA:163,14,0,0
BRDA:163,14,1,0
BRDA:168,15,0,0
BRDA:168,15,1,0
BRDA:236,16,0,0
BRDA:236,16,1,0
BRF:35
BRH:0
end_of_record
TN:
SF:src/store/index.js
FNF:0
FNH:0
LF:0
LH:0
BRF:0
BRH:0
end_of_record
TN:
SF:src/store/navigationStore.js
FN:3,(anonymous_0)
FN:5,(anonymous_1)
FNF:2
FNH:0
FNDA:0,(anonymous_0)
FNDA:0,(anonymous_1)
DA:3,0
DA:5,0
LF:2
LH:0
BRF:0
BRH:0
end_of_record
TN:
SF:src/store/receptionStore.js
FN:4,(anonymous_0)
FN:16,(anonymous_1)
FN:28,(anonymous_2)
FN:33,(anonymous_3)
FN:35,(anonymous_4)
FN:40,(anonymous_5)
FN:44,(anonymous_6)
FN:48,(anonymous_7)
FN:56,(anonymous_8)
FN:61,(anonymous_9)
FN:63,(anonymous_10)
FN:68,(anonymous_11)
FN:72,(anonymous_12)
FN:76,(anonymous_13)
FN:84,(anonymous_14)
FN:86,(anonymous_15)
FN:90,(anonymous_16)
FN:105,(anonymous_17)
FN:106,(anonymous_18)
FN:115,(anonymous_19)
FN:121,(anonymous_20)
FN:122,(anonymous_21)
FN:123,(anonymous_22)
FN:129,(anonymous_23)
FN:130,(anonymous_24)
FN:132,(anonymous_25)
FN:144,(anonymous_26)
FN:145,(anonymous_27)
FN:146,(anonymous_28)
FN:151,(anonymous_29)
FNF:30
FNH:0
FNDA:0,(anonymous_0)
FNDA:0,(anonymous_1)
FNDA:0,(anonymous_2)
FNDA:0,(anonymous_3)
FNDA:0,(anonymous_4)
FNDA:0,(anonymous_5)
FNDA:0,(anonymous_6)
FNDA:0,(anonymous_7)
FNDA:0,(anonymous_8)
FNDA:0,(anonymous_9)
FNDA:0,(anonymous_10)
FNDA:0,(anonymous_11)
FNDA:0,(anonymous_12)
FNDA:0,(anonymous_13)
FNDA:0,(anonymous_14)
FNDA:0,(anonymous_15)
FNDA:0,(anonymous_16)
FNDA:0,(anonymous_17)
FNDA:0,(anonymous_18)
FNDA:0,(anonymous_19)
FNDA:0,(anonymous_20)
FNDA:0,(anonymous_21)
FNDA:0,(anonymous_22)
FNDA:0,(anonymous_23)
FNDA:0,(anonymous_24)
FNDA:0,(anonymous_25)
FNDA:0,(anonymous_26)
FNDA:0,(anonymous_27)
FNDA:0,(anonymous_28)
FNDA:0,(anonymous_29)
DA:4,0
DA:17,0
DA:29,0
DA:30,0
DA:32,0
DA:35,0
DA:36,0
DA:37,0
DA:40,0
DA:45,0
DA:46,0
DA:48,0
DA:57,0
DA:58,0
DA:60,0
DA:63,0
DA:64,0
DA:65,0
DA:68,0
DA:73,0
DA:74,0
DA:76,0
DA:85,0
DA:86,0
DA:87,0
DA:88,0
DA:91,0
DA:92,0
DA:94,0
DA:98,0
DA:101,0
DA:106,0
DA:108,0
DA:109,0
DA:112,0
DA:115,0
DA:122,0
DA:123,0
DA:130,0
DA:132,0
DA:133,0
DA:134,0
DA:137,0
DA:145,0
DA:146,0
DA:152,0
LF:46
LH:0
BRDA:37,0,0,0
BRDA:37,0,1,0
BRDA:46,1,0,0
BRDA:46,1,1,0
BRDA:65,2,0,0
BRDA:65,2,1,0
BRDA:74,3,0,0
BRDA:74,3,1,0
BRDA:87,4,0,0
BRDA:87,4,1,0
BRDA:91,5,0,0
BRDA:91,5,1,0
BRDA:108,6,0,0
BRDA:108,6,1,0
BRDA:133,7,0,0
BRDA:133,7,1,0
BRF:16
BRH:0
end_of_record
TN:
SF:src/store/roomOptionsStore.js
FN:4,(anonymous_0)
FN:29,(anonymous_1)
FN:37,(anonymous_2)
FN:48,(anonymous_3)
FN:50,(anonymous_4)
FN:53,(anonymous_5)
FN:76,(anonymous_6)
FN:79,(anonymous_7)
FN:92,(anonymous_8)
FN:95,(anonymous_9)
FN:110,(anonymous_10)
FN:113,(anonymous_11)
FN:128,(anonymous_12)
FN:131,(anonymous_13)
FN:146,(anonymous_14)
FN:148,(anonymous_15)
FN:164,(anonymous_16)
FN:171,(anonymous_17)
FNF:18
FNH:0
FNDA:0,(anonymous_0)
FNDA:0,(anonymous_1)
FNDA:0,(anonymous_2)
FNDA:0,(anonymous_3)
FNDA:0,(anonymous_4)
FNDA:0,(anonymous_5)
FNDA:0,(anonymous_6)
FNDA:0,(anonymous_7)
FNDA:0,(anonymous_8)
FNDA:0,(anonymous_9)
FNDA:0,(anonymous_10)
FNDA:0,(anonymous_11)
FNDA:0,(anonymous_12)
FNDA:0,(anonymous_13)
FNDA:0,(anonymous_14)
FNDA:0,(anonymous_15)
FNDA:0,(anonymous_16)
FNDA:0,(anonymous_17)
DA:4,0
DA:29,0
DA:37,0
DA:49,0
DA:50,0
DA:52,0
DA:53,0
DA:55,0
DA:77,0
DA:78,0
DA:79,0
DA:93,0
DA:94,0
DA:96,0
DA:111,0
DA:112,0
DA:114,0
DA:129,0
DA:130,0
DA:132,0
DA:147,0
DA:148,0
DA:149,0
DA:150,0
DA:155,0
DA:164,0
DA:171,0
LF:27
LH:0
BRDA:48,0,0,0
BRDA:48,1,0,0
BRDA:50,2,0,0
BRDA:50,2,1,0
BRDA:62,3,0,0
BRDA:62,3,1,0
BRDA:63,4,0,0
BRDA:63,4,1,0
BRDA:96,5,0,0
BRDA:96,5,1,0
BRDA:114,6,0,0
BRDA:114,6,1,0
BRDA:132,7,0,0
BRDA:132,7,1,0
BRDA:149,8,0,0
BRDA:149,8,1,0
BRF:16
BRH:0
end_of_record
TN:
SF:src/tests/demoData.js
FNF:0
FNH:0
DA:13,1
DA:20,1
DA:32,1
DA:43,1
LF:4
LH:4
BRF:0
BRH:0
end_of_record
TN:
SF:src/utils/chatSuggestions.js
FNF:0
FNH:0
DA:1,0
LF:1
LH:0
BRF:0
BRH:0
end_of_record
TN:
SF:src/views/Dashboard.jsx
FN:8,(anonymous_0)
FN:17,(anonymous_1)
FN:21,(anonymous_2)
FN:29,(anonymous_3)
FN:42,(anonymous_4)
FN:49,(anonymous_5)
FN:53,(anonymous_6)
FNF:7
FNH:0
FNDA:0,(anonymous_0)
FNDA:0,(anonymous_1)
FNDA:0,(anonymous_2)
FNDA:0,(anonymous_3)
FNDA:0,(anonymous_4)
FNDA:0,(anonymous_5)
FNDA:0,(anonymous_6)
DA:8,0
DA:9,0
DA:10,0
DA:11,0
DA:12,0
DA:13,0
DA:14,0
DA:17,0
DA:18,0
DA:21,0
DA:22,0
DA:23,0
DA:24,0
DA:25,0
DA:26,0
DA:29,0
DA:30,0
DA:32,0
DA:33,0
DA:34,0
DA:37,0
DA:38,0
DA:42,0
DA:43,0
DA:44,0
DA:45,0
DA:49,0
DA:50,0
DA:51,0
DA:52,0
DA:53,0
DA:54,0
DA:55,0
DA:62,0
DA:63,0
DA:73,0
LF:36
LH:0
BRDA:11,0,0,0
BRDA:11,0,1,0
BRDA:18,1,0,0
BRDA:18,1,1,0
BRDA:30,2,0,0
BRDA:30,2,1,0
BRDA:37,3,0,0
BRDA:37,3,1,0
BRDA:37,4,0,0
BRDA:37,4,1,0
BRDA:50,5,0,0
BRDA:50,5,1,0
BRDA:62,6,0,0
BRDA:62,6,1,0
BRDA:76,7,0,0
BRDA:76,7,1,0
BRDA:77,8,0,0
BRDA:77,8,1,0
BRDA:83,9,0,0
BRDA:83,9,1,0
BRF:20
BRH:0
end_of_record
TN:
SF:src/views/HomePage.jsx
FN:11,HomePage
FNF:1
FNH:0
FNDA:0,HomePage
DA:13,0
DA:14,0
DA:15,0
DA:20,0
LF:4
LH:0
BRF:0
BRH:0
end_of_record
TN:
SF:src/workers/WebSocketWorker.js
FN:39,(anonymous_0)
FN:50,(anonymous_1)
FN:63,(anonymous_2)
FN:89,(anonymous_3)
FN:111,(anonymous_4)
FN:131,(anonymous_5)
FNF:6
FNH:0
FNDA:0,(anonymous_0)
FNDA:0,(anonymous_1)
FNDA:0,(anonymous_2)
FNDA:0,(anonymous_3)
FNDA:0,(anonymous_4)
FNDA:0,(anonymous_5)
DA:25,0
DA:26,0
DA:27,0
DA:28,0
DA:29,0
DA:30,0
DA:32,0
DA:39,0
DA:41,0
DA:42,0
DA:43,0
DA:46,0
DA:47,0
DA:50,0
DA:51,0
DA:54,0
DA:55,0
DA:56,0
DA:59,0
DA:63,0
DA:64,0
DA:65,0
DA:67,0
DA:68,0
DA:71,0
DA:72,0
DA:74,0
DA:76,0
DA:80,0
DA:81,0
DA:85,0
DA:89,0
DA:90,0
DA:93,0
DA:94,0
DA:95,0
DA:98,0
DA:101,0
DA:102,0
DA:103,0
DA:104,0
DA:106,0
DA:111,0
DA:114,0
DA:122,0
DA:131,0
DA:133,0
DA:134,0
DA:135,0
DA:138,0
DA:140,0
DA:143,0
DA:144,0
DA:145,0
DA:146,0
DA:148,0
DA:150,0
DA:151,0
DA:156,0
DA:157,0
DA:159,0
DA:160,0
DA:161,0
DA:162,0
DA:163,0
DA:165,0
DA:168,0
DA:171,0
DA:172,0
DA:173,0
DA:174,0
DA:180,0
LF:72
LH:0
BRDA:41,0,0,0
BRDA:41,0,1,0
BRDA:41,1,0,0
BRDA:41,1,1,0
BRDA:41,1,2,0
BRDA:54,2,0,0
BRDA:54,2,1,0
BRDA:71,3,0,0
BRDA:71,3,1,0
BRDA:71,4,0,0
BRDA:71,4,1,0
BRDA:71,4,2,0
BRDA:93,5,0,0
BRDA:93,5,1,0
BRDA:101,6,0,0
BRDA:101,6,1,0
BRDA:133,7,0,0
BRDA:133,7,1,0
BRDA:133,8,0,0
BRDA:133,8,1,0
BRDA:143,9,0,0
BRDA:143,9,1,0
BRDA:144,10,0,0
BRDA:144,10,1,0
BRDA:144,11,0,0
BRDA:144,11,1,0
BRDA:144,11,2,0
BRDA:150,12,0,0
BRDA:150,12,1,0
BRDA:156,13,0,0
BRDA:156,13,1,0
BRDA:157,14,0,0
BRDA:157,14,1,0
BRDA:157,15,0,0
BRDA:157,15,1,0
BRDA:159,16,0,0
BRDA:159,16,1,0
BRDA:159,17,0,0
BRDA:159,17,1,0
BRDA:172,18,0,0
BRDA:172,18,1,0
BRDA:172,19,0,0
BRDA:172,19,1,0
BRF:43
BRH:0
end_of_record
